2013.04.02 16:50 B D:\Tiger\Auftr‰ge\Footstools\aktuelles.html <-- Footstools / aktuelles.html
2013.04.02 16:50 B D:\Tiger\Auftr‰ge\Footstools\back_up aktuelles.html <-- Footstools / back_up aktuelles.html
2013.04.02 16:50 B D:\Tiger\Auftr‰ge\Footstools\back_up_aktuelles.lnk <-- Footstools / back_up_aktuelles.lnk
2013.04.02 16:50 B D:\Tiger\Auftr‰ge\Footstools\city-edition.html <-- Footstools / city-edition.html
2013.04.02 16:50 B D:\Tiger\Auftr‰ge\Footstools\city-forum.html <-- Footstools / city-forum.html
2013.04.02 16:50 B D:\Tiger\Auftr‰ge\Footstools\city-forum_bu2012_04_05.html <-- Footstools / city-forum_bu2012_04_05.html
2013.04.02 16:50 B D:\Tiger\Auftr‰ge\Footstools\country-line-backup.html <-- Footstools / country-line-backup.html
2013.04.02 16:50 B D:\Tiger\Auftr‰ge\Footstools\country-line.html <-- Footstools / country-line.html
2013.04.02 16:50 B D:\Tiger\Auftr‰ge\Footstools\extras.html <-- Footstools / extras.html
2013.04.02 16:50 B D:\Tiger\Auftr‰ge\Footstools\F_Visitenkarte.html <-- Footstools / F_Visitenkarte.html
2013.04.02 16:50 B D:\Tiger\Auftr‰ge\Footstools\footstools.html <-- Footstools / footstools.html
2013.04.02 16:50 B D:\Tiger\Auftr‰ge\Footstools\herstellung.html <-- Footstools / herstellung.html
2013.04.02 16:50 B D:\Tiger\Auftr‰ge\Footstools\herstellung2.html <-- Footstools / herstellung2.html
2013.04.02 16:50 B D:\Tiger\Auftr‰ge\Footstools\hochzeit-backup.html <-- Footstools / hochzeit-backup.html
2013.04.02 16:50 B D:\Tiger\Auftr‰ge\Footstools\hochzeit.html <-- Footstools / hochzeit.html
2013.04.02 16:50 B D:\Tiger\Auftr‰ge\Footstools\hochzeit_bu.html <-- Footstools / hochzeit_bu.html
2013.04.02 16:50 B D:\Tiger\Auftr‰ge\Footstools\hussen.html <-- Footstools / hussen.html
2013.04.02 16:50 B D:\Tiger\Auftr‰ge\Footstools\impressum.html <-- Footstools / impressum.html
2013.04.02 16:50 B D:\Tiger\Auftr‰ge\Footstools\index.html <-- Footstools / index.html
2013.04.02 16:50 B D:\Tiger\Auftr‰ge\Footstools\kamin.html <-- Footstools / kamin.html
2013.04.02 16:50 B D:\Tiger\Auftr‰ge\Footstools\kontakt.html <-- Footstools / kontakt.html
2013.04.02 16:50 B D:\Tiger\Auftr‰ge\Footstools\Kopie von F_Visitenkarte.html <-- Footstools / Kopie von F_Visitenkarte.html
2013.04.02 16:50 B D:\Tiger\Auftr‰ge\Footstools\links - Kopie.html <-- Footstools / links - Kopie.html
2013.04.02 16:50 B D:\Tiger\Auftr‰ge\Footstools\links.html <-- Footstools / links.html
2013.04.02 16:50 B D:\Tiger\Auftr‰ge\Footstools\presse-bu.html <-- Footstools / presse-bu.html
2013.04.02 16:50 B D:\Tiger\Auftr‰ge\Footstools\presse.html <-- Footstools / presse.html
2013.04.02 16:50 B D:\Tiger\Auftr‰ge\Footstools\presse2.html <-- Footstools / presse2.html
2013.04.02 16:50 B D:\Tiger\Auftr‰ge\Footstools\signature-edition.html <-- Footstools / signature-edition.html
2013.04.02 16:50 B D:\Tiger\Auftr‰ge\Footstools\skizze.html <-- Footstools / skizze.html
2013.04.02 16:50 B D:\Tiger\Auftr‰ge\Footstools\stoffe-uebersicht.html <-- Footstools / stoffe-uebersicht.html
2013.04.02 16:50 B D:\Tiger\Auftr‰ge\Footstools\storage.html <-- Footstools / storage.html
2013.04.02 16:50 B D:\Tiger\Auftr‰ge\Footstools\versand.html <-- Footstools / versand.html
2013.04.02 16:50 B D:\Tiger\Auftr‰ge\Footstools\Webseite - Verkn√ºpfung.lnk <-- Footstools / Webseite - Verkn√ºpfung.lnk
2013.04.17 14:31 B D:\Tiger\Auftr‰ge\Goldmann-Footstools\www-2013\aktuelles.html --> www.footstools.de / aktuelles.html
2013.04.17 14:32 B D:\Tiger\Auftr‰ge\Goldmann-Footstools\www-2013\back_up_aktuelles.html --> www.footstools.de / back_up_aktuelles.html
2013.04.17 14:32 B D:\Tiger\Auftr‰ge\Goldmann-Footstools\www-2013\city-edition.html --> www.footstools.de / city-edition.html
2013.04.17 14:32 B D:\Tiger\Auftr‰ge\Goldmann-Footstools\www-2013\city-forum.html --> www.footstools.de / city-forum.html
2013.04.17 14:32 B D:\Tiger\Auftr‰ge\Goldmann-Footstools\www-2013\country-line-old.html --> www.footstools.de / country-line-old.html
2013.04.17 14:32 B D:\Tiger\Auftr‰ge\Goldmann-Footstools\www-2013\country-line.html --> www.footstools.de / country-line.html
2013.04.17 14:32 B D:\Tiger\Auftr‰ge\Goldmann-Footstools\www-2013\extras.html --> www.footstools.de / extras.html
2013.04.17 14:32 B D:\Tiger\Auftr‰ge\Goldmann-Footstools\www-2013\F_Visitenkarte.html --> www.footstools.de / F_Visitenkarte.html
2013.04.17 14:32 B D:\Tiger\Auftr‰ge\Goldmann-Footstools\www-2013\footstools.html --> www.footstools.de / footstools.html
2013.04.17 14:32 B D:\Tiger\Auftr‰ge\Goldmann-Footstools\www-2013\herstellung.html --> www.footstools.de / herstellung.html
2013.04.17 14:32 B D:\Tiger\Auftr‰ge\Goldmann-Footstools\www-2013\herstellung2.html --> www.footstools.de / herstellung2.html
2013.04.17 14:32 B D:\Tiger\Auftr‰ge\Goldmann-Footstools\www-2013\hochzeit-backup.html --> www.footstools.de / hochzeit-backup.html
2013.04.17 14:32 B D:\Tiger\Auftr‰ge\Goldmann-Footstools\www-2013\hochzeit.html --> www.footstools.de / hochzeit.html
2013.04.17 14:32 B D:\Tiger\Auftr‰ge\Goldmann-Footstools\www-2013\hochzeit_bu.html --> www.footstools.de / hochzeit_bu.html
2013.04.17 14:32 B D:\Tiger\Auftr‰ge\Goldmann-Footstools\www-2013\hussen.html --> www.footstools.de / hussen.html
2013.04.17 14:32 B D:\Tiger\Auftr‰ge\Goldmann-Footstools\www-2013\impressum.html --> www.footstools.de / impressum.html
2013.04.17 14:32 B D:\Tiger\Auftr‰ge\Goldmann-Footstools\www-2013\index.html --> www.footstools.de / index.html
2013.04.17 14:32 B D:\Tiger\Auftr‰ge\Goldmann-Footstools\www-2013\kamin.html --> www.footstools.de / kamin.html
2013.04.17 14:32 B D:\Tiger\Auftr‰ge\Goldmann-Footstools\www-2013\kontakt.html --> www.footstools.de / kontakt.html
2013.04.17 14:32 B D:\Tiger\Auftr‰ge\Goldmann-Footstools\www-2013\links.html --> www.footstools.de / links.html
2013.04.17 14:32 B D:\Tiger\Auftr‰ge\Goldmann-Footstools\www-2013\signature-edition.html --> www.footstools.de / signature-edition.html
2013.04.17 14:32 B D:\Tiger\Auftr‰ge\Goldmann-Footstools\www-2013\skizze.html --> www.footstools.de / skizze.html
2013.04.17 14:32 B D:\Tiger\Auftr‰ge\Goldmann-Footstools\www-2013\stoffe-uebersicht.html --> www.footstools.de / stoffe-uebersicht.html
2013.04.17 14:32 B D:\Tiger\Auftr‰ge\Goldmann-Footstools\www-2013\versand.html --> www.footstools.de / versand.html
