2013.04.02 17:19 B D:\Tiger\Aufträge\Footstools\stoffe\beige\adina.html <-- Footstools /stoffe/beige adina.html
2013.04.02 17:19 B D:\Tiger\Aufträge\Footstools\stoffe\beige\amadeus.html <-- Footstools /stoffe/beige amadeus.html
2013.04.02 17:19 B D:\Tiger\Aufträge\Footstools\stoffe\beige\babylon.html <-- Footstools /stoffe/beige babylon.html
2013.04.02 17:19 B D:\Tiger\Aufträge\Footstools\stoffe\beige\baltimore.html <-- Footstools /stoffe/beige baltimore.html
2013.04.02 17:19 B D:\Tiger\Aufträge\Footstools\stoffe\beige\batista.html <-- Footstools /stoffe/beige batista.html
2013.04.02 17:19 B D:\Tiger\Aufträge\Footstools\stoffe\beige\boston.html <-- Footstools /stoffe/beige boston.html
2013.04.02 17:19 B D:\Tiger\Aufträge\Footstools\stoffe\beige\braun01.html <-- Footstools /stoffe/beige braun01.html
2013.04.02 17:19 B D:\Tiger\Aufträge\Footstools\stoffe\beige\burberry.html <-- Footstools /stoffe/beige burberry.html
2013.04.02 17:19 B D:\Tiger\Aufträge\Footstools\stoffe\beige\butterfly.html <-- Footstools /stoffe/beige butterfly.html
2013.04.02 17:19 B D:\Tiger\Aufträge\Footstools\stoffe\beige\celina.html <-- Footstools /stoffe/beige celina.html
2013.04.02 17:19 B D:\Tiger\Aufträge\Footstools\stoffe\beige\coco_beige.html <-- Footstools /stoffe/beige coco_beige.html
2013.04.02 17:19 B D:\Tiger\Aufträge\Footstools\stoffe\beige\creme-ripp22.html <-- Footstools /stoffe/beige creme-ripp22.html
2013.04.02 17:19 B D:\Tiger\Aufträge\Footstools\stoffe\beige\creme-streifen21.html <-- Footstools /stoffe/beige creme-streifen21.html
2013.04.02 17:19 B D:\Tiger\Aufträge\Footstools\stoffe\beige\creme_velvet.html <-- Footstools /stoffe/beige creme_velvet.html
2013.04.02 17:19 B D:\Tiger\Aufträge\Footstools\stoffe\beige\dragon_flies.html <-- Footstools /stoffe/beige dragon_flies.html
2013.04.02 17:19 B D:\Tiger\Aufträge\Footstools\stoffe\beige\dublin.html <-- Footstools /stoffe/beige dublin.html
2013.04.02 17:19 B D:\Tiger\Aufträge\Footstools\stoffe\beige\emporio.html <-- Footstools /stoffe/beige emporio.html
2013.04.02 17:19 B D:\Tiger\Aufträge\Footstools\stoffe\beige\exquisa.html <-- Footstools /stoffe/beige exquisa.html
2013.04.02 17:19 B D:\Tiger\Aufträge\Footstools\stoffe\beige\fairy_tale.html <-- Footstools /stoffe/beige fairy_tale.html
2013.04.02 17:19 B D:\Tiger\Aufträge\Footstools\stoffe\beige\fancy_creme.html <-- Footstools /stoffe/beige fancy_creme.html
2013.04.02 17:19 B D:\Tiger\Aufträge\Footstools\stoffe\beige\fancy_dogs.html <-- Footstools /stoffe/beige fancy_dogs.html
2013.04.02 17:19 B D:\Tiger\Aufträge\Footstools\stoffe\beige\fancy_mocca.html <-- Footstools /stoffe/beige fancy_mocca.html
2013.04.02 17:19 B D:\Tiger\Aufträge\Footstools\stoffe\beige\giselle.html <-- Footstools /stoffe/beige giselle.html
2013.04.02 17:19 B D:\Tiger\Aufträge\Footstools\stoffe\beige\grau07.html <-- Footstools /stoffe/beige grau07.html
2013.04.02 17:19 B D:\Tiger\Aufträge\Footstools\stoffe\beige\grau11.html <-- Footstools /stoffe/beige grau11.html
2013.04.02 17:19 B D:\Tiger\Aufträge\Footstools\stoffe\beige\grau12.html <-- Footstools /stoffe/beige grau12.html
2013.04.02 17:19 B D:\Tiger\Aufträge\Footstools\stoffe\beige\graubraun06.html <-- Footstools /stoffe/beige graubraun06.html
2013.04.02 17:19 B D:\Tiger\Aufträge\Footstools\stoffe\beige\hellblau13.html <-- Footstools /stoffe/beige hellblau13.html
2013.04.02 17:19 B D:\Tiger\Aufträge\Footstools\stoffe\beige\hellbraun10.html <-- Footstools /stoffe/beige hellbraun10.html
2013.04.02 17:20 B D:\Tiger\Aufträge\Footstools\stoffe\beige\josephine.html <-- Footstools /stoffe/beige josephine.html
2013.04.02 17:20 B D:\Tiger\Aufträge\Footstools\stoffe\beige\liberta.html <-- Footstools /stoffe/beige liberta.html
2013.04.02 17:20 B D:\Tiger\Aufträge\Footstools\stoffe\beige\lilli.html <-- Footstools /stoffe/beige lilli.html
2013.04.02 17:20 B D:\Tiger\Aufträge\Footstools\stoffe\beige\lorenzo.html <-- Footstools /stoffe/beige lorenzo.html
2013.04.02 17:20 B D:\Tiger\Aufträge\Footstools\stoffe\beige\madamebutterfly.html <-- Footstools /stoffe/beige madamebutterfly.html
2013.04.02 17:20 B D:\Tiger\Aufträge\Footstools\stoffe\beige\marengo.html <-- Footstools /stoffe/beige marengo.html
2013.04.02 17:20 B D:\Tiger\Aufträge\Footstools\stoffe\beige\marocco.html <-- Footstools /stoffe/beige marocco.html
2013.04.02 17:20 B D:\Tiger\Aufträge\Footstools\stoffe\beige\marocco_dunkel.html <-- Footstools /stoffe/beige marocco_dunkel.html
2013.04.02 17:20 B D:\Tiger\Aufträge\Footstools\stoffe\beige\mercur.html <-- Footstools /stoffe/beige mercur.html
2013.04.02 17:20 B D:\Tiger\Aufträge\Footstools\stoffe\beige\michelle.html <-- Footstools /stoffe/beige michelle.html
2013.04.02 17:20 B D:\Tiger\Aufträge\Footstools\stoffe\beige\mocca08.html <-- Footstools /stoffe/beige mocca08.html
2013.04.02 17:20 B D:\Tiger\Aufträge\Footstools\stoffe\beige\mondi.html <-- Footstools /stoffe/beige mondi.html
2013.04.02 17:20 B D:\Tiger\Aufträge\Footstools\stoffe\beige\monti_mint.html <-- Footstools /stoffe/beige monti_mint.html
2013.04.02 17:20 B D:\Tiger\Aufträge\Footstools\stoffe\beige\oldindiadark.html <-- Footstools /stoffe/beige oldindiadark.html
2013.04.02 17:20 B D:\Tiger\Aufträge\Footstools\stoffe\beige\pablo.html <-- Footstools /stoffe/beige pablo.html
2013.04.02 17:20 B D:\Tiger\Aufträge\Footstools\stoffe\beige\palmsinsilk.html <-- Footstools /stoffe/beige palmsinsilk.html
2013.04.02 17:20 B D:\Tiger\Aufträge\Footstools\stoffe\beige\palmtree.html <-- Footstools /stoffe/beige palmtree.html
2013.04.02 17:20 B D:\Tiger\Aufträge\Footstools\stoffe\beige\paradise_core.html <-- Footstools /stoffe/beige paradise_core.html
2013.04.02 17:20 B D:\Tiger\Aufträge\Footstools\stoffe\beige\pineapple.html <-- Footstools /stoffe/beige pineapple.html
2013.04.02 17:20 B D:\Tiger\Aufträge\Footstools\stoffe\beige\pineapple2.html <-- Footstools /stoffe/beige pineapple2.html
2013.04.02 17:20 B D:\Tiger\Aufträge\Footstools\stoffe\beige\racine.html <-- Footstools /stoffe/beige racine.html
2013.04.02 17:20 B D:\Tiger\Aufträge\Footstools\stoffe\beige\rene.html <-- Footstools /stoffe/beige rene.html
2013.04.02 17:20 B D:\Tiger\Aufträge\Footstools\stoffe\beige\rosebud.html <-- Footstools /stoffe/beige rosebud.html
2013.04.02 17:20 B D:\Tiger\Aufträge\Footstools\stoffe\beige\rot-braun02.html <-- Footstools /stoffe/beige rot-braun02.html
2013.04.02 17:20 B D:\Tiger\Aufträge\Footstools\stoffe\beige\sabrina.html <-- Footstools /stoffe/beige sabrina.html
2013.04.02 17:20 B D:\Tiger\Aufträge\Footstools\stoffe\beige\safari.html <-- Footstools /stoffe/beige safari.html
2013.04.02 17:20 B D:\Tiger\Aufträge\Footstools\stoffe\beige\savannah_combination.html <-- Footstools /stoffe/beige savannah_combination.html
2013.04.02 17:20 B D:\Tiger\Aufträge\Footstools\stoffe\beige\savannah_gold.html <-- Footstools /stoffe/beige savannah_gold.html
2013.04.02 17:20 B D:\Tiger\Aufträge\Footstools\stoffe\beige\savannah_home.html <-- Footstools /stoffe/beige savannah_home.html
2013.04.02 17:20 B D:\Tiger\Aufträge\Footstools\stoffe\beige\schneeweiss-festebaumwolle16.html <-- Footstools /stoffe/beige schneeweiss-festebaumwolle16.html
2013.04.02 17:20 B D:\Tiger\Aufträge\Footstools\stoffe\beige\schneeweiss-leinen15.html <-- Footstools /stoffe/beige schneeweiss-leinen15.html
2013.04.02 17:20 B D:\Tiger\Aufträge\Footstools\stoffe\beige\schwarzbraun05.html <-- Footstools /stoffe/beige schwarzbraun05.html
2013.04.02 17:20 B D:\Tiger\Aufträge\Footstools\stoffe\beige\senf09.html <-- Footstools /stoffe/beige senf09.html
2013.04.02 17:20 B D:\Tiger\Aufträge\Footstools\stoffe\beige\siena.html <-- Footstools /stoffe/beige siena.html
2013.04.02 17:20 B D:\Tiger\Aufträge\Footstools\stoffe\beige\snake.html <-- Footstools /stoffe/beige snake.html
2013.04.02 17:20 B D:\Tiger\Aufträge\Footstools\stoffe\beige\sonne.html <-- Footstools /stoffe/beige sonne.html
2013.04.02 17:20 B D:\Tiger\Aufträge\Footstools\stoffe\beige\stahl-braun03.html <-- Footstools /stoffe/beige stahl-braun03.html
2013.04.02 17:20 B D:\Tiger\Aufträge\Footstools\stoffe\beige\stahl04.html <-- Footstools /stoffe/beige stahl04.html
2013.04.02 17:20 B D:\Tiger\Aufträge\Footstools\stoffe\beige\stahlblau14.html <-- Footstools /stoffe/beige stahlblau14.html
2013.04.02 17:20 B D:\Tiger\Aufträge\Footstools\stoffe\beige\stripes_tender_blue.html <-- Footstools /stoffe/beige stripes_tender_blue.html
2013.04.02 17:20 B D:\Tiger\Aufträge\Footstools\stoffe\beige\stripes_tender_mint.html <-- Footstools /stoffe/beige stripes_tender_mint.html
2013.04.02 17:20 B D:\Tiger\Aufträge\Footstools\stoffe\beige\sunnystitch.html <-- Footstools /stoffe/beige sunnystitch.html
2013.04.02 17:21 B D:\Tiger\Aufträge\Footstools\stoffe\beige\svenja.html <-- Footstools /stoffe/beige svenja.html
2013.04.02 17:21 B D:\Tiger\Aufträge\Footstools\stoffe\beige\tagal.html <-- Footstools /stoffe/beige tagal.html
2013.04.02 17:21 B D:\Tiger\Aufträge\Footstools\stoffe\beige\taupe_elise.html <-- Footstools /stoffe/beige taupe_elise.html
2013.04.02 17:21 B D:\Tiger\Aufträge\Footstools\stoffe\beige\taupe_regina.html <-- Footstools /stoffe/beige taupe_regina.html
2013.04.02 17:21 B D:\Tiger\Aufträge\Footstools\stoffe\beige\taupe_velvet.html <-- Footstools /stoffe/beige taupe_velvet.html
2013.04.02 17:21 B D:\Tiger\Aufträge\Footstools\stoffe\beige\tender_beige.html <-- Footstools /stoffe/beige tender_beige.html
2013.04.02 17:21 B D:\Tiger\Aufträge\Footstools\stoffe\beige\terra_palms.html <-- Footstools /stoffe/beige terra_palms.html
2013.04.02 17:21 B D:\Tiger\Aufträge\Footstools\stoffe\beige\trave.html <-- Footstools /stoffe/beige trave.html
2013.04.02 17:21 B D:\Tiger\Aufträge\Footstools\stoffe\beige\tunis.html <-- Footstools /stoffe/beige tunis.html
2013.04.02 17:21 B D:\Tiger\Aufträge\Footstools\stoffe\beige\Vanilla_sky.html <-- Footstools /stoffe/beige Vanilla_sky.html
2013.04.02 17:21 B D:\Tiger\Aufträge\Footstools\stoffe\beige\vanille-gelb23.html <-- Footstools /stoffe/beige vanille-gelb23.html
2013.04.02 17:21 B D:\Tiger\Aufträge\Footstools\stoffe\beige\vintage_gold_fein.html <-- Footstools /stoffe/beige vintage_gold_fein.html
2013.04.02 17:21 B D:\Tiger\Aufträge\Footstools\stoffe\beige\vintage_gold_wide.html <-- Footstools /stoffe/beige vintage_gold_wide.html
2013.04.02 17:21 B D:\Tiger\Aufträge\Footstools\stoffe\beige\vorlage-einzelstoff.html <-- Footstools /stoffe/beige vorlage-einzelstoff.html
2013.04.02 17:21 B D:\Tiger\Aufträge\Footstools\stoffe\beige\weiss-amish18.html <-- Footstools /stoffe/beige weiss-amish18.html
2013.04.02 17:21 B D:\Tiger\Aufträge\Footstools\stoffe\beige\weiss-asiatisch17.html <-- Footstools /stoffe/beige weiss-asiatisch17.html
2013.04.02 17:21 B D:\Tiger\Aufträge\Footstools\stoffe\beige\weiss-ornament20.html <-- Footstools /stoffe/beige weiss-ornament20.html
2013.04.02 17:21 B D:\Tiger\Aufträge\Footstools\stoffe\beige\weiss-ripp19.html <-- Footstools /stoffe/beige weiss-ripp19.html
2013.04.17 14:13 B D:\Tiger\Aufträge\Goldmann-Footstools\www-2013\stoffe\beige\adina.html --> www.footstools.de /stoffe/beige adina.html
2013.04.17 14:13 B D:\Tiger\Aufträge\Goldmann-Footstools\www-2013\stoffe\beige\amadeus.html --> www.footstools.de /stoffe/beige amadeus.html
2013.04.17 14:13 B D:\Tiger\Aufträge\Goldmann-Footstools\www-2013\stoffe\beige\baltimore.html --> www.footstools.de /stoffe/beige baltimore.html
2013.04.17 14:13 B D:\Tiger\Aufträge\Goldmann-Footstools\www-2013\stoffe\beige\batista.html --> www.footstools.de /stoffe/beige batista.html
2013.04.17 14:13 B D:\Tiger\Aufträge\Goldmann-Footstools\www-2013\stoffe\beige\boston.html --> www.footstools.de /stoffe/beige boston.html
2013.04.17 14:13 B D:\Tiger\Aufträge\Goldmann-Footstools\www-2013\stoffe\beige\butterfly.html --> www.footstools.de /stoffe/beige butterfly.html
2013.04.17 14:14 B D:\Tiger\Aufträge\Goldmann-Footstools\www-2013\stoffe\beige\creme-ripp22.html --> www.footstools.de /stoffe/beige creme-ripp22.html
2013.04.17 14:14 B D:\Tiger\Aufträge\Goldmann-Footstools\www-2013\stoffe\beige\creme-streifen21.html --> www.footstools.de /stoffe/beige creme-streifen21.html
2013.04.17 14:14 B D:\Tiger\Aufträge\Goldmann-Footstools\www-2013\stoffe\beige\emporio.html --> www.footstools.de /stoffe/beige emporio.html
2013.04.17 14:14 B D:\Tiger\Aufträge\Goldmann-Footstools\www-2013\stoffe\beige\exquisa.html --> www.footstools.de /stoffe/beige exquisa.html
2013.04.17 14:14 B D:\Tiger\Aufträge\Goldmann-Footstools\www-2013\stoffe\beige\fancy_creme.html --> www.footstools.de /stoffe/beige fancy_creme.html
2013.04.17 14:14 B D:\Tiger\Aufträge\Goldmann-Footstools\www-2013\stoffe\beige\fancy_dogs.html --> www.footstools.de /stoffe/beige fancy_dogs.html
2013.04.17 14:14 B D:\Tiger\Aufträge\Goldmann-Footstools\www-2013\stoffe\beige\fancy_mocca.html --> www.footstools.de /stoffe/beige fancy_mocca.html
2013.04.17 14:14 B D:\Tiger\Aufträge\Goldmann-Footstools\www-2013\stoffe\beige\giselle.html --> www.footstools.de /stoffe/beige giselle.html
2013.04.17 14:14 B D:\Tiger\Aufträge\Goldmann-Footstools\www-2013\stoffe\beige\josephine.html --> www.footstools.de /stoffe/beige josephine.html
2013.04.17 14:14 B D:\Tiger\Aufträge\Goldmann-Footstools\www-2013\stoffe\beige\liberta.html --> www.footstools.de /stoffe/beige liberta.html
2013.04.17 14:14 B D:\Tiger\Aufträge\Goldmann-Footstools\www-2013\stoffe\beige\lilli.html --> www.footstools.de /stoffe/beige lilli.html
2013.04.17 14:14 B D:\Tiger\Aufträge\Goldmann-Footstools\www-2013\stoffe\beige\lorenzo.html --> www.footstools.de /stoffe/beige lorenzo.html
2013.04.17 14:14 B D:\Tiger\Aufträge\Goldmann-Footstools\www-2013\stoffe\beige\marengo.html --> www.footstools.de /stoffe/beige marengo.html
2013.04.17 14:14 B D:\Tiger\Aufträge\Goldmann-Footstools\www-2013\stoffe\beige\marocco.html --> www.footstools.de /stoffe/beige marocco.html
2013.04.17 14:14 B D:\Tiger\Aufträge\Goldmann-Footstools\www-2013\stoffe\beige\marocco_dunkel.html --> www.footstools.de /stoffe/beige marocco_dunkel.html
2013.04.17 14:14 B D:\Tiger\Aufträge\Goldmann-Footstools\www-2013\stoffe\beige\mercur.html --> www.footstools.de /stoffe/beige mercur.html
2013.04.17 14:14 B D:\Tiger\Aufträge\Goldmann-Footstools\www-2013\stoffe\beige\michelle.html --> www.footstools.de /stoffe/beige michelle.html
2013.04.17 14:14 B D:\Tiger\Aufträge\Goldmann-Footstools\www-2013\stoffe\beige\mocca08.html --> www.footstools.de /stoffe/beige mocca08.html
2013.04.17 14:14 B D:\Tiger\Aufträge\Goldmann-Footstools\www-2013\stoffe\beige\mondi.html --> www.footstools.de /stoffe/beige mondi.html
2013.04.17 14:14 B D:\Tiger\Aufträge\Goldmann-Footstools\www-2013\stoffe\beige\monti_mint.html --> www.footstools.de /stoffe/beige monti_mint.html
2013.04.17 14:14 B D:\Tiger\Aufträge\Goldmann-Footstools\www-2013\stoffe\beige\oldindiadark.html --> www.footstools.de /stoffe/beige oldindiadark.html
2013.04.17 14:14 B D:\Tiger\Aufträge\Goldmann-Footstools\www-2013\stoffe\beige\pablo.html --> www.footstools.de /stoffe/beige pablo.html
2013.04.17 14:14 B D:\Tiger\Aufträge\Goldmann-Footstools\www-2013\stoffe\beige\palmsinsilk.html --> www.footstools.de /stoffe/beige palmsinsilk.html
2013.04.17 14:14 B D:\Tiger\Aufträge\Goldmann-Footstools\www-2013\stoffe\beige\paradise_core.html --> www.footstools.de /stoffe/beige paradise_core.html
2013.04.17 14:14 B D:\Tiger\Aufträge\Goldmann-Footstools\www-2013\stoffe\beige\racine.html --> www.footstools.de /stoffe/beige racine.html
2013.04.17 14:14 B D:\Tiger\Aufträge\Goldmann-Footstools\www-2013\stoffe\beige\rene.html --> www.footstools.de /stoffe/beige rene.html
2013.04.17 14:15 B D:\Tiger\Aufträge\Goldmann-Footstools\www-2013\stoffe\beige\safari.html --> www.footstools.de /stoffe/beige safari.html
2013.04.17 14:15 B D:\Tiger\Aufträge\Goldmann-Footstools\www-2013\stoffe\beige\savannah_combination.html --> www.footstools.de /stoffe/beige savannah_combination.html
2013.04.17 14:15 B D:\Tiger\Aufträge\Goldmann-Footstools\www-2013\stoffe\beige\savannah_gold.html --> www.footstools.de /stoffe/beige savannah_gold.html
2013.04.17 14:15 B D:\Tiger\Aufträge\Goldmann-Footstools\www-2013\stoffe\beige\savannah_home.html --> www.footstools.de /stoffe/beige savannah_home.html
2013.04.17 14:15 B D:\Tiger\Aufträge\Goldmann-Footstools\www-2013\stoffe\beige\schwarzbraun05.html --> www.footstools.de /stoffe/beige schwarzbraun05.html
2013.04.17 14:15 B D:\Tiger\Aufträge\Goldmann-Footstools\www-2013\stoffe\beige\senf09.html --> www.footstools.de /stoffe/beige senf09.html
2013.04.17 14:15 B D:\Tiger\Aufträge\Goldmann-Footstools\www-2013\stoffe\beige\siena.html --> www.footstools.de /stoffe/beige siena.html
2013.04.17 14:15 B D:\Tiger\Aufträge\Goldmann-Footstools\www-2013\stoffe\beige\snake.html --> www.footstools.de /stoffe/beige snake.html
2013.04.17 14:15 B D:\Tiger\Aufträge\Goldmann-Footstools\www-2013\stoffe\beige\sonne.html --> www.footstools.de /stoffe/beige sonne.html
2013.04.17 14:15 B D:\Tiger\Aufträge\Goldmann-Footstools\www-2013\stoffe\beige\stahl-braun03.html --> www.footstools.de /stoffe/beige stahl-braun03.html
2013.04.17 14:15 B D:\Tiger\Aufträge\Goldmann-Footstools\www-2013\stoffe\beige\stahl04.html --> www.footstools.de /stoffe/beige stahl04.html
2013.04.17 14:15 B D:\Tiger\Aufträge\Goldmann-Footstools\www-2013\stoffe\beige\stahlblau14.html --> www.footstools.de /stoffe/beige stahlblau14.html
2013.04.17 14:15 B D:\Tiger\Aufträge\Goldmann-Footstools\www-2013\stoffe\beige\stripes_tender_blue.html --> www.footstools.de /stoffe/beige stripes_tender_blue.html
2013.04.17 14:15 B D:\Tiger\Aufträge\Goldmann-Footstools\www-2013\stoffe\beige\stripes_tender_mint.html --> www.footstools.de /stoffe/beige stripes_tender_mint.html
2013.04.17 14:15 B D:\Tiger\Aufträge\Goldmann-Footstools\www-2013\stoffe\beige\sunnystitch.html --> www.footstools.de /stoffe/beige sunnystitch.html
2013.04.17 14:15 B D:\Tiger\Aufträge\Goldmann-Footstools\www-2013\stoffe\beige\svenja.html --> www.footstools.de /stoffe/beige svenja.html
2013.04.17 14:15 B D:\Tiger\Aufträge\Goldmann-Footstools\www-2013\stoffe\beige\tagal.html --> www.footstools.de /stoffe/beige tagal.html
2013.04.17 14:15 B D:\Tiger\Aufträge\Goldmann-Footstools\www-2013\stoffe\beige\taupe_elise.html --> www.footstools.de /stoffe/beige taupe_elise.html
2013.04.17 14:15 B D:\Tiger\Aufträge\Goldmann-Footstools\www-2013\stoffe\beige\taupe_regina.html --> www.footstools.de /stoffe/beige taupe_regina.html
2013.04.17 14:15 B D:\Tiger\Aufträge\Goldmann-Footstools\www-2013\stoffe\beige\taupe_velvet.html --> www.footstools.de /stoffe/beige taupe_velvet.html
2013.04.17 14:15 B D:\Tiger\Aufträge\Goldmann-Footstools\www-2013\stoffe\beige\tender_beige.html --> www.footstools.de /stoffe/beige tender_beige.html
2013.04.17 14:15 B D:\Tiger\Aufträge\Goldmann-Footstools\www-2013\stoffe\beige\terra_palms.html --> www.footstools.de /stoffe/beige terra_palms.html
2013.04.17 14:15 B D:\Tiger\Aufträge\Goldmann-Footstools\www-2013\stoffe\beige\trave.html --> www.footstools.de /stoffe/beige trave.html
2013.04.17 14:15 B D:\Tiger\Aufträge\Goldmann-Footstools\www-2013\stoffe\beige\tunis.html --> www.footstools.de /stoffe/beige tunis.html
2013.04.17 14:15 B D:\Tiger\Aufträge\Goldmann-Footstools\www-2013\stoffe\beige\vintage_gold_wide.html --> www.footstools.de /stoffe/beige vintage_gold_wide.html
2013.04.17 14:15 B D:\Tiger\Aufträge\Goldmann-Footstools\www-2013\stoffe\beige\vorlage-einzelstoff.html --> www.footstools.de /stoffe/beige vorlage-einzelstoff.html
2013.04.17 14:15 B D:\Tiger\Aufträge\Goldmann-Footstools\www-2013\stoffe\beige\weiss-asiatisch17.html --> www.footstools.de /stoffe/beige weiss-asiatisch17.html
2013.04.17 14:15 B D:\Tiger\Aufträge\Goldmann-Footstools\www-2013\stoffe\beige\WS_FTP.LOG --> www.footstools.de /stoffe/beige WS_FTP.LOG
