2009.04.03 10:44 B D:\Tiger\Aufträge\footstools\www\stoffe\pferde\vorlage-einzelstoff.html --> nordseiten.de /www/kunden/goldmann/stoffe/pferde vorlage-einzelstoff.html
2009.04.04 09:58 B D:\Tiger\Aufträge\footstools\www\stoffe\pferde\astor.html --> nordseiten.de /www/kunden/goldmann/stoffe/pferde astor.html
2009.04.04 09:58 B D:\Tiger\Aufträge\footstools\www\stoffe\pferde\countrypride.html --> nordseiten.de /www/kunden/goldmann/stoffe/pferde countrypride.html
2009.04.04 09:58 B D:\Tiger\Aufträge\footstools\www\stoffe\pferde\derby.html --> nordseiten.de /www/kunden/goldmann/stoffe/pferde derby.html
2009.04.04 09:58 B D:\Tiger\Aufträge\footstools\www\stoffe\pferde\essex.html --> nordseiten.de /www/kunden/goldmann/stoffe/pferde essex.html
2009.04.04 09:58 B D:\Tiger\Aufträge\footstools\www\stoffe\pferde\evita.html --> nordseiten.de /www/kunden/goldmann/stoffe/pferde evita.html
2009.04.04 09:58 B D:\Tiger\Aufträge\footstools\www\stoffe\pferde\herford.html --> nordseiten.de /www/kunden/goldmann/stoffe/pferde herford.html
2009.04.04 09:58 B D:\Tiger\Aufträge\footstools\www\stoffe\pferde\heritage-LA.html --> nordseiten.de /www/kunden/goldmann/stoffe/pferde heritage-LA.html
2009.04.04 09:58 B D:\Tiger\Aufträge\footstools\www\stoffe\pferde\highgrove.html --> nordseiten.de /www/kunden/goldmann/stoffe/pferde highgrove.html
2009.04.04 09:58 B D:\Tiger\Aufträge\footstools\www\stoffe\pferde\hippika-rot.html --> nordseiten.de /www/kunden/goldmann/stoffe/pferde hippika-rot.html
2009.04.04 09:58 B D:\Tiger\Aufträge\footstools\www\stoffe\pferde\horse-n-hunt.html --> nordseiten.de /www/kunden/goldmann/stoffe/pferde horse-n-hunt.html
2009.04.04 09:58 B D:\Tiger\Aufträge\footstools\www\stoffe\pferde\horse1.html --> nordseiten.de /www/kunden/goldmann/stoffe/pferde horse1.html
2009.04.04 09:58 B D:\Tiger\Aufträge\footstools\www\stoffe\pferde\horseandrider.html --> nordseiten.de /www/kunden/goldmann/stoffe/pferde horseandrider.html
2009.04.04 09:58 B D:\Tiger\Aufträge\footstools\www\stoffe\pferde\horsetrail.html --> nordseiten.de /www/kunden/goldmann/stoffe/pferde horsetrail.html
2009.04.04 09:58 B D:\Tiger\Aufträge\footstools\www\stoffe\pferde\kentucky.html --> nordseiten.de /www/kunden/goldmann/stoffe/pferde kentucky.html
2009.04.04 09:58 B D:\Tiger\Aufträge\footstools\www\stoffe\pferde\pasadena.html --> nordseiten.de /www/kunden/goldmann/stoffe/pferde pasadena.html
2009.04.04 09:58 B D:\Tiger\Aufträge\footstools\www\stoffe\pferde\polo.html --> nordseiten.de /www/kunden/goldmann/stoffe/pferde polo.html
2009.04.04 09:58 B D:\Tiger\Aufträge\footstools\www\stoffe\pferde\ponytrail.html --> nordseiten.de /www/kunden/goldmann/stoffe/pferde ponytrail.html
2009.04.04 09:58 B D:\Tiger\Aufträge\footstools\www\stoffe\pferde\racingday.html --> nordseiten.de /www/kunden/goldmann/stoffe/pferde racingday.html
2009.04.04 09:58 B D:\Tiger\Aufträge\footstools\www\stoffe\pferde\vorlage-einzelstoff.html --> nordseiten.de /www/kunden/goldmann/stoffe/pferde vorlage-einzelstoff.html
2009.04.04 09:58 B D:\Tiger\Aufträge\footstools\www\stoffe\pferde\WS_FTP.LOG --> nordseiten.de /www/kunden/goldmann/stoffe/pferde WS_FTP.LOG
2009.04.06 17:12 B D:\Tiger\Aufträge\footstools\www\stoffe\pferde\WS_FTP.LOG --> nordseiten.de /www/kunden/goldmann/stoffe/pferde WS_FTP.LOG
2009.04.15 09:40 B D:\Tiger\Aufträge\footstools\www\stoffe\pferde\astor.html --> www.footstools.de /stoffe/pferde astor.html
2009.04.15 09:40 B D:\Tiger\Aufträge\footstools\www\stoffe\pferde\countrypride.html --> www.footstools.de /stoffe/pferde countrypride.html
2009.04.15 09:40 B D:\Tiger\Aufträge\footstools\www\stoffe\pferde\derby.html --> www.footstools.de /stoffe/pferde derby.html
2009.04.15 09:40 B D:\Tiger\Aufträge\footstools\www\stoffe\pferde\essex.html --> www.footstools.de /stoffe/pferde essex.html
2009.04.15 09:40 B D:\Tiger\Aufträge\footstools\www\stoffe\pferde\evita.html --> www.footstools.de /stoffe/pferde evita.html
2009.04.15 09:40 B D:\Tiger\Aufträge\footstools\www\stoffe\pferde\herford.html --> www.footstools.de /stoffe/pferde herford.html
2009.04.15 09:40 B D:\Tiger\Aufträge\footstools\www\stoffe\pferde\heritage-LA.html --> www.footstools.de /stoffe/pferde heritage-LA.html
2009.04.15 09:40 B D:\Tiger\Aufträge\footstools\www\stoffe\pferde\highgrove.html --> www.footstools.de /stoffe/pferde highgrove.html
2009.04.15 09:40 B D:\Tiger\Aufträge\footstools\www\stoffe\pferde\hippika-rot.html --> www.footstools.de /stoffe/pferde hippika-rot.html
2009.04.15 09:40 B D:\Tiger\Aufträge\footstools\www\stoffe\pferde\horse-n-hunt.html --> www.footstools.de /stoffe/pferde horse-n-hunt.html
2009.04.15 09:40 B D:\Tiger\Aufträge\footstools\www\stoffe\pferde\horse1.html --> www.footstools.de /stoffe/pferde horse1.html
2009.04.15 09:40 B D:\Tiger\Aufträge\footstools\www\stoffe\pferde\horseandrider.html --> www.footstools.de /stoffe/pferde horseandrider.html
2009.04.15 09:40 B D:\Tiger\Aufträge\footstools\www\stoffe\pferde\horsetrail.html --> www.footstools.de /stoffe/pferde horsetrail.html
2009.04.15 09:40 B D:\Tiger\Aufträge\footstools\www\stoffe\pferde\kentucky.html --> www.footstools.de /stoffe/pferde kentucky.html
2009.04.15 09:40 B D:\Tiger\Aufträge\footstools\www\stoffe\pferde\pasadena.html --> www.footstools.de /stoffe/pferde pasadena.html
2009.04.15 09:40 B D:\Tiger\Aufträge\footstools\www\stoffe\pferde\polo.html --> www.footstools.de /stoffe/pferde polo.html
2009.04.15 09:40 B D:\Tiger\Aufträge\footstools\www\stoffe\pferde\ponytrail.html --> www.footstools.de /stoffe/pferde ponytrail.html
2009.04.15 09:40 B D:\Tiger\Aufträge\footstools\www\stoffe\pferde\racingday.html --> www.footstools.de /stoffe/pferde racingday.html
2009.04.15 09:40 B D:\Tiger\Aufträge\footstools\www\stoffe\pferde\vorlage-einzelstoff.html --> www.footstools.de /stoffe/pferde vorlage-einzelstoff.html
2013.04.02 17:24 B D:\Tiger\Aufträge\Footstools\stoffe\pferde\WS_FTP.LOG <-- Footstools /stoffe/pferde WS_FTP.LOG
2013.04.17 14:25 B D:\Tiger\Aufträge\Goldmann-Footstools\www-2013\stoffe\pferde\astor.html --> www.footstools.de /stoffe/pferde astor.html
2013.04.17 14:25 B D:\Tiger\Aufträge\Goldmann-Footstools\www-2013\stoffe\pferde\derby.html --> www.footstools.de /stoffe/pferde derby.html
2013.04.17 14:25 B D:\Tiger\Aufträge\Goldmann-Footstools\www-2013\stoffe\pferde\eclipse.html --> www.footstools.de /stoffe/pferde eclipse.html
2013.04.17 14:25 B D:\Tiger\Aufträge\Goldmann-Footstools\www-2013\stoffe\pferde\gladiateur.html --> www.footstools.de /stoffe/pferde gladiateur.html
2013.04.17 14:25 B D:\Tiger\Aufträge\Goldmann-Footstools\www-2013\stoffe\pferde\heritage-LA.html --> www.footstools.de /stoffe/pferde heritage-LA.html
2013.04.17 14:25 B D:\Tiger\Aufträge\Goldmann-Footstools\www-2013\stoffe\pferde\hippika-rot.html --> www.footstools.de /stoffe/pferde hippika-rot.html
2013.04.17 14:25 B D:\Tiger\Aufträge\Goldmann-Footstools\www-2013\stoffe\pferde\horse-n-hunt.html --> www.footstools.de /stoffe/pferde horse-n-hunt.html
2013.04.17 14:25 B D:\Tiger\Aufträge\Goldmann-Footstools\www-2013\stoffe\pferde\horse1.html --> www.footstools.de /stoffe/pferde horse1.html
2013.04.17 14:25 B D:\Tiger\Aufträge\Goldmann-Footstools\www-2013\stoffe\pferde\horsetrail.html --> www.footstools.de /stoffe/pferde horsetrail.html
2013.04.17 14:25 B D:\Tiger\Aufträge\Goldmann-Footstools\www-2013\stoffe\pferde\kentucky.html --> www.footstools.de /stoffe/pferde kentucky.html
2013.04.17 14:25 B D:\Tiger\Aufträge\Goldmann-Footstools\www-2013\stoffe\pferde\osborne.html --> www.footstools.de /stoffe/pferde osborne.html
2013.04.17 14:25 B D:\Tiger\Aufträge\Goldmann-Footstools\www-2013\stoffe\pferde\racing-day-rot.html --> www.footstools.de /stoffe/pferde racing-day-rot.html
2013.04.17 14:25 B D:\Tiger\Aufträge\Goldmann-Footstools\www-2013\stoffe\pferde\racingday.html --> www.footstools.de /stoffe/pferde racingday.html
2013.04.17 14:25 B D:\Tiger\Aufträge\Goldmann-Footstools\www-2013\stoffe\pferde\ridersgear.html --> www.footstools.de /stoffe/pferde ridersgear.html
2013.04.17 14:25 B D:\Tiger\Aufträge\Goldmann-Footstools\www-2013\stoffe\pferde\vorlage-einzelstoff.html --> www.footstools.de /stoffe/pferde vorlage-einzelstoff.html
