2009.04.06 17:10 B D:\Tiger\Auftrðge\footstools\www\city\alexandro.html --> nordseiten.de /www/kunden/goldmann/city alexandro.html
2009.04.06 17:10 B D:\Tiger\Auftrðge\footstools\www\city\eleonor.html --> nordseiten.de /www/kunden/goldmann/city eleonor.html
2009.04.06 17:10 B D:\Tiger\Auftrðge\footstools\www\city\kauai.html --> nordseiten.de /www/kunden/goldmann/city kauai.html
2009.04.06 17:10 B D:\Tiger\Auftrðge\footstools\www\city\macao.html --> nordseiten.de /www/kunden/goldmann/city macao.html
2009.04.06 17:10 B D:\Tiger\Auftrðge\footstools\www\city\monogramm.html --> nordseiten.de /www/kunden/goldmann/city monogramm.html
2009.04.06 17:10 B D:\Tiger\Auftrðge\footstools\www\city\oldindia.html --> nordseiten.de /www/kunden/goldmann/city oldindia.html
2009.04.06 17:10 B D:\Tiger\Auftrðge\footstools\www\city\vorlage-einzel.html --> nordseiten.de /www/kunden/goldmann/city vorlage-einzel.html
2009.04.15 09:29 B D:\Tiger\Auftrðge\footstools\www\city\alexandro.html --> www.footstools.de /city alexandro.html
2009.04.15 09:29 B D:\Tiger\Auftrðge\footstools\www\city\eleonor.html --> www.footstools.de /city eleonor.html
2009.04.15 09:29 B D:\Tiger\Auftrðge\footstools\www\city\kauai.html --> www.footstools.de /city kauai.html
2009.04.15 09:29 B D:\Tiger\Auftrðge\footstools\www\city\macao.html --> www.footstools.de /city macao.html
2009.04.15 09:29 B D:\Tiger\Auftrðge\footstools\www\city\monogramm.html --> www.footstools.de /city monogramm.html
2009.04.15 09:29 B D:\Tiger\Auftrðge\footstools\www\city\oldindia.html --> www.footstools.de /city oldindia.html
2009.04.15 09:29 B D:\Tiger\Auftrðge\footstools\www\city\vorlage-einzel.html --> www.footstools.de /city vorlage-einzel.html
2013.04.02 16:51 B D:\Tiger\Auftrðge\Footstools\city\WS_FTP.LOG <-- Footstools /city WS_FTP.LOG
2013.04.02 16:51 B D:\Tiger\Auftrðge\Footstools\city\yellow_snake.html <-- Footstools /city yellow_snake.html
2013.04.02 16:51 B D:\Tiger\Auftrðge\Footstools\city\zairee.html <-- Footstools /city zairee.html
2013.04.17 14:33 B D:\Tiger\Auftrðge\Goldmann-Footstools\www-2013\city\alexandro.html --> www.footstools.de /city alexandro.html
2013.04.17 14:33 B D:\Tiger\Auftrðge\Goldmann-Footstools\www-2013\city\alfonso.html --> www.footstools.de /city alfonso.html
2013.04.17 14:33 B D:\Tiger\Auftrðge\Goldmann-Footstools\www-2013\city\astor_mit_kissen.html --> www.footstools.de /city astor_mit_kissen.html
2013.04.17 14:33 B D:\Tiger\Auftrðge\Goldmann-Footstools\www-2013\city\badbank.html --> www.footstools.de /city badbank.html
2013.04.17 14:33 B D:\Tiger\Auftrðge\Goldmann-Footstools\www-2013\city\blue_sailing.html --> www.footstools.de /city blue_sailing.html
2013.04.17 14:33 B D:\Tiger\Auftrðge\Goldmann-Footstools\www-2013\city\burgundy.html --> www.footstools.de /city burgundy.html
2013.04.17 14:33 B D:\Tiger\Auftrðge\Goldmann-Footstools\www-2013\city\chucky.html --> www.footstools.de /city chucky.html
2013.04.17 14:33 B D:\Tiger\Auftrðge\Goldmann-Footstools\www-2013\city\elena.html --> www.footstools.de /city elena.html
2013.04.17 14:33 B D:\Tiger\Auftrðge\Goldmann-Footstools\www-2013\city\florentine.html --> www.footstools.de /city florentine.html
2013.04.17 14:33 B D:\Tiger\Auftrðge\Goldmann-Footstools\www-2013\city\gizeh.html --> www.footstools.de /city gizeh.html
2013.04.17 14:33 B D:\Tiger\Auftrðge\Goldmann-Footstools\www-2013\city\heritage.html --> www.footstools.de /city heritage.html
2013.04.17 14:33 B D:\Tiger\Auftrðge\Goldmann-Footstools\www-2013\city\hipica.html --> www.footstools.de /city hipica.html
2013.04.17 14:33 B D:\Tiger\Auftrðge\Goldmann-Footstools\www-2013\city\kentucky.html --> www.footstools.de /city kentucky.html
2013.04.17 14:34 B D:\Tiger\Auftrðge\Goldmann-Footstools\www-2013\city\liberta.html --> www.footstools.de /city liberta.html
2013.04.17 14:34 B D:\Tiger\Auftrðge\Goldmann-Footstools\www-2013\city\macao.html --> www.footstools.de /city macao.html
2013.04.17 14:34 B D:\Tiger\Auftrðge\Goldmann-Footstools\www-2013\city\madison.html --> www.footstools.de /city madison.html
2013.04.17 14:34 B D:\Tiger\Auftrðge\Goldmann-Footstools\www-2013\city\madrid.html --> www.footstools.de /city madrid.html
2013.04.17 14:34 B D:\Tiger\Auftrðge\Goldmann-Footstools\www-2013\city\mandarin.html --> www.footstools.de /city mandarin.html
2013.04.17 14:34 B D:\Tiger\Auftrðge\Goldmann-Footstools\www-2013\city\mathilda.html --> www.footstools.de /city mathilda.html
2013.04.17 14:34 B D:\Tiger\Auftrðge\Goldmann-Footstools\www-2013\city\midas.html --> www.footstools.de /city midas.html
2013.04.17 14:34 B D:\Tiger\Auftrðge\Goldmann-Footstools\www-2013\city\nancy.html --> www.footstools.de /city nancy.html
2013.04.17 14:34 B D:\Tiger\Auftrðge\Goldmann-Footstools\www-2013\city\old_india_kamin.html --> www.footstools.de /city old_india_kamin.html
2013.04.17 14:34 B D:\Tiger\Auftrðge\Goldmann-Footstools\www-2013\city\oldindia.html --> www.footstools.de /city oldindia.html
2013.04.17 14:34 B D:\Tiger\Auftrðge\Goldmann-Footstools\www-2013\city\oldindia_Red.html --> www.footstools.de /city oldindia_Red.html
2013.04.17 14:34 B D:\Tiger\Auftrðge\Goldmann-Footstools\www-2013\city\oldindiadark.html --> www.footstools.de /city oldindiadark.html
2013.04.17 14:34 B D:\Tiger\Auftrðge\Goldmann-Footstools\www-2013\city\oldindiared_hoch.html --> www.footstools.de /city oldindiared_hoch.html
2013.04.17 14:34 B D:\Tiger\Auftrðge\Goldmann-Footstools\www-2013\city\oldindiavorKamin.html --> www.footstools.de /city oldindiavorKamin.html
2013.04.17 14:34 B D:\Tiger\Auftrðge\Goldmann-Footstools\www-2013\city\paloma.html --> www.footstools.de /city paloma.html
2013.04.17 14:34 B D:\Tiger\Auftrðge\Goldmann-Footstools\www-2013\city\paloma_mitHusse_thehunt.html --> www.footstools.de /city paloma_mitHusse_thehunt.html
2013.04.17 14:34 B D:\Tiger\Auftrðge\Goldmann-Footstools\www-2013\city\pandora.html --> www.footstools.de /city pandora.html
2013.04.17 14:34 B D:\Tiger\Auftrðge\Goldmann-Footstools\www-2013\city\paradise_cove.html --> www.footstools.de /city paradise_cove.html
2013.04.17 14:34 B D:\Tiger\Auftrðge\Goldmann-Footstools\www-2013\city\prag.html --> www.footstools.de /city prag.html
2013.04.17 14:34 B D:\Tiger\Auftrðge\Goldmann-Footstools\www-2013\city\rialto.html --> www.footstools.de /city rialto.html
2013.04.17 14:34 B D:\Tiger\Auftrðge\Goldmann-Footstools\www-2013\city\riders_gear.html --> www.footstools.de /city riders_gear.html
2013.04.17 14:34 B D:\Tiger\Auftrðge\Goldmann-Footstools\www-2013\city\riga.html --> www.footstools.de /city riga.html
2013.04.17 14:34 B D:\Tiger\Auftrðge\Goldmann-Footstools\www-2013\city\romano.html --> www.footstools.de /city romano.html
2013.04.17 14:34 B D:\Tiger\Auftrðge\Goldmann-Footstools\www-2013\city\Safari.html --> www.footstools.de /city Safari.html
2013.04.17 14:34 B D:\Tiger\Auftrðge\Goldmann-Footstools\www-2013\city\safari_mit_kissen.html --> www.footstools.de /city safari_mit_kissen.html
2013.04.17 14:34 B D:\Tiger\Auftrðge\Goldmann-Footstools\www-2013\city\Safari_neu.html --> www.footstools.de /city Safari_neu.html
2013.04.17 14:35 B D:\Tiger\Auftrðge\Goldmann-Footstools\www-2013\city\savannah_gold.html --> www.footstools.de /city savannah_gold.html
2013.04.17 14:35 B D:\Tiger\Auftrðge\Goldmann-Footstools\www-2013\city\scotch.html --> www.footstools.de /city scotch.html
2013.04.17 14:35 B D:\Tiger\Auftrðge\Goldmann-Footstools\www-2013\city\serengeti.html --> www.footstools.de /city serengeti.html
2013.04.17 14:35 B D:\Tiger\Auftrðge\Goldmann-Footstools\www-2013\city\stockholm.html --> www.footstools.de /city stockholm.html
2013.04.17 14:35 B D:\Tiger\Auftrðge\Goldmann-Footstools\www-2013\city\terra_palms.html --> www.footstools.de /city terra_palms.html
2013.04.17 14:35 B D:\Tiger\Auftrðge\Goldmann-Footstools\www-2013\city\vorlage-einzel.html --> www.footstools.de /city vorlage-einzel.html
2013.04.17 14:35 B D:\Tiger\Auftrðge\Goldmann-Footstools\www-2013\city\WS_FTP.LOG --> www.footstools.de /city WS_FTP.LOG
2013.04.17 14:35 B D:\Tiger\Auftrðge\Goldmann-Footstools\www-2013\city\zairee.html --> www.footstools.de /city zairee.html
