2013.04.02 17:21 B D:\Tiger\Aufträge\Footstools\stoffe\blau\aberdeen.html <-- Footstools /stoffe/blau aberdeen.html
2013.04.02 17:21 B D:\Tiger\Aufträge\Footstools\stoffe\blau\algiers.html <-- Footstools /stoffe/blau algiers.html
2013.04.02 17:21 B D:\Tiger\Aufträge\Footstools\stoffe\blau\allinthecards.html <-- Footstools /stoffe/blau allinthecards.html
2013.04.02 17:21 B D:\Tiger\Aufträge\Footstools\stoffe\blau\animal_kingdom.html <-- Footstools /stoffe/blau animal_kingdom.html
2013.04.02 17:21 B D:\Tiger\Aufträge\Footstools\stoffe\blau\aqua_antique.html <-- Footstools /stoffe/blau aqua_antique.html
2013.04.02 17:21 B D:\Tiger\Aufträge\Footstools\stoffe\blau\ariella.html <-- Footstools /stoffe/blau ariella.html
2013.04.02 17:21 B D:\Tiger\Aufträge\Footstools\stoffe\blau\ariola.html <-- Footstools /stoffe/blau ariola.html
2013.04.02 17:21 B D:\Tiger\Aufträge\Footstools\stoffe\blau\athena.html <-- Footstools /stoffe/blau athena.html
2013.04.02 17:21 B D:\Tiger\Aufträge\Footstools\stoffe\blau\avignon.html <-- Footstools /stoffe/blau avignon.html
2013.04.02 17:21 B D:\Tiger\Aufträge\Footstools\stoffe\blau\bertrand.html <-- Footstools /stoffe/blau bertrand.html
2013.04.02 17:21 B D:\Tiger\Aufträge\Footstools\stoffe\blau\bestfriends.html <-- Footstools /stoffe/blau bestfriends.html
2013.04.02 17:21 B D:\Tiger\Aufträge\Footstools\stoffe\blau\blue_wine.html <-- Footstools /stoffe/blau blue_wine.html
2013.04.02 17:21 B D:\Tiger\Aufträge\Footstools\stoffe\blau\boston.html <-- Footstools /stoffe/blau boston.html
2013.04.02 17:21 B D:\Tiger\Aufträge\Footstools\stoffe\blau\caesar.html <-- Footstools /stoffe/blau caesar.html
2013.04.02 17:21 B D:\Tiger\Aufträge\Footstools\stoffe\blau\ceylon.html <-- Footstools /stoffe/blau ceylon.html
2013.04.02 17:21 B D:\Tiger\Aufträge\Footstools\stoffe\blau\cheetah.html <-- Footstools /stoffe/blau cheetah.html
2013.04.02 17:21 B D:\Tiger\Aufträge\Footstools\stoffe\blau\country_glory.html <-- Footstools /stoffe/blau country_glory.html
2013.04.02 17:21 B D:\Tiger\Aufträge\Footstools\stoffe\blau\country_rose.html <-- Footstools /stoffe/blau country_rose.html
2013.04.02 17:21 B D:\Tiger\Aufträge\Footstools\stoffe\blau\countryfair.html <-- Footstools /stoffe/blau countryfair.html
2013.04.02 17:21 B D:\Tiger\Aufträge\Footstools\stoffe\blau\DALIAN.html <-- Footstools /stoffe/blau DALIAN.html
2013.04.02 17:21 B D:\Tiger\Aufträge\Footstools\stoffe\blau\eden.html <-- Footstools /stoffe/blau eden.html
2013.04.02 17:21 B D:\Tiger\Aufträge\Footstools\stoffe\blau\eleonor.html <-- Footstools /stoffe/blau eleonor.html
2013.04.02 17:21 B D:\Tiger\Aufträge\Footstools\stoffe\blau\exquisa.html <-- Footstools /stoffe/blau exquisa.html
2013.04.02 17:21 B D:\Tiger\Aufträge\Footstools\stoffe\blau\FEDORA.html <-- Footstools /stoffe/blau FEDORA.html
2013.04.02 17:21 B D:\Tiger\Aufträge\Footstools\stoffe\blau\forest-life.html <-- Footstools /stoffe/blau forest-life.html
2013.04.02 17:21 B D:\Tiger\Aufträge\Footstools\stoffe\blau\funandgames.html <-- Footstools /stoffe/blau funandgames.html
2013.04.02 17:22 B D:\Tiger\Aufträge\Footstools\stoffe\blau\gizeh.html <-- Footstools /stoffe/blau gizeh.html
2013.04.02 17:22 B D:\Tiger\Aufträge\Footstools\stoffe\blau\hochzeitsfarn.html <-- Footstools /stoffe/blau hochzeitsfarn.html
2013.04.02 17:22 B D:\Tiger\Aufträge\Footstools\stoffe\blau\hunting_green.html <-- Footstools /stoffe/blau hunting_green.html
2013.04.02 17:22 B D:\Tiger\Aufträge\Footstools\stoffe\blau\lighthouse.html <-- Footstools /stoffe/blau lighthouse.html
2013.04.02 17:22 B D:\Tiger\Aufträge\Footstools\stoffe\blau\lorenzo.html <-- Footstools /stoffe/blau lorenzo.html
2013.04.02 17:22 B D:\Tiger\Aufträge\Footstools\stoffe\blau\lucy.html <-- Footstools /stoffe/blau lucy.html
2013.04.02 17:22 B D:\Tiger\Aufträge\Footstools\stoffe\blau\luneville.html <-- Footstools /stoffe/blau luneville.html
2013.04.02 17:22 B D:\Tiger\Aufträge\Footstools\stoffe\blau\macao.html <-- Footstools /stoffe/blau macao.html
2013.04.02 17:22 B D:\Tiger\Aufträge\Footstools\stoffe\blau\maigloeckchen.html <-- Footstools /stoffe/blau maigloeckchen.html
2013.04.02 17:22 B D:\Tiger\Aufträge\Footstools\stoffe\blau\mandarin-grey.html <-- Footstools /stoffe/blau mandarin-grey.html
2013.04.02 17:22 B D:\Tiger\Aufträge\Footstools\stoffe\blau\midas.html <-- Footstools /stoffe/blau midas.html
2013.04.02 17:22 B D:\Tiger\Aufträge\Footstools\stoffe\blau\nancy.html <-- Footstools /stoffe/blau nancy.html
2013.04.02 17:22 B D:\Tiger\Aufträge\Footstools\stoffe\blau\oldindiadark.html <-- Footstools /stoffe/blau oldindiadark.html
2013.04.02 17:22 B D:\Tiger\Aufträge\Footstools\stoffe\blau\orient_royal.html <-- Footstools /stoffe/blau orient_royal.html
2013.04.02 17:22 B D:\Tiger\Aufträge\Footstools\stoffe\blau\oslo.html <-- Footstools /stoffe/blau oslo.html
2013.04.02 17:22 B D:\Tiger\Aufträge\Footstools\stoffe\blau\perfect_paisly.html <-- Footstools /stoffe/blau perfect_paisly.html
2013.04.02 17:22 B D:\Tiger\Aufträge\Footstools\stoffe\blau\petrol_stripe.html <-- Footstools /stoffe/blau petrol_stripe.html
2013.04.02 17:22 B D:\Tiger\Aufträge\Footstools\stoffe\blau\piccadilly.html <-- Footstools /stoffe/blau piccadilly.html
2013.04.02 17:22 B D:\Tiger\Aufträge\Footstools\stoffe\blau\roma.html <-- Footstools /stoffe/blau roma.html
2013.04.02 17:22 B D:\Tiger\Aufträge\Footstools\stoffe\blau\safari.html <-- Footstools /stoffe/blau safari.html
2013.04.02 17:22 B D:\Tiger\Aufträge\Footstools\stoffe\blau\sailing.html <-- Footstools /stoffe/blau sailing.html
2013.04.02 17:22 B D:\Tiger\Aufträge\Footstools\stoffe\blau\savoy.html <-- Footstools /stoffe/blau savoy.html
2013.04.02 17:22 B D:\Tiger\Aufträge\Footstools\stoffe\blau\ship_ahoi_blue.html <-- Footstools /stoffe/blau ship_ahoi_blue.html
2013.04.02 17:22 B D:\Tiger\Aufträge\Footstools\stoffe\blau\ship_ahoi_brown.html <-- Footstools /stoffe/blau ship_ahoi_brown.html
2013.04.02 17:22 B D:\Tiger\Aufträge\Footstools\stoffe\blau\silk-in-green.html <-- Footstools /stoffe/blau silk-in-green.html
2013.04.02 17:22 B D:\Tiger\Aufträge\Footstools\stoffe\blau\simba.html <-- Footstools /stoffe/blau simba.html
2013.04.02 17:22 B D:\Tiger\Aufträge\Footstools\stoffe\blau\spring-bouquet.html <-- Footstools /stoffe/blau spring-bouquet.html
2013.04.02 17:22 B D:\Tiger\Aufträge\Footstools\stoffe\blau\swedish_country.html <-- Footstools /stoffe/blau swedish_country.html
2013.04.02 17:22 B D:\Tiger\Aufträge\Footstools\stoffe\blau\trave.html <-- Footstools /stoffe/blau trave.html
2013.04.02 17:22 B D:\Tiger\Aufträge\Footstools\stoffe\blau\VERDE_SILK.html <-- Footstools /stoffe/blau VERDE_SILK.html
2013.04.02 17:22 B D:\Tiger\Aufträge\Footstools\stoffe\blau\vorlage-einzelstoff.html <-- Footstools /stoffe/blau vorlage-einzelstoff.html
2013.04.02 17:22 B D:\Tiger\Aufträge\Footstools\stoffe\blau\zairee.html <-- Footstools /stoffe/blau zairee.html
2013.04.02 17:22 B D:\Tiger\Aufträge\Footstools\stoffe\blau\zita.html <-- Footstools /stoffe/blau zita.html
2013.04.17 14:16 B D:\Tiger\Aufträge\Goldmann-Footstools\www-2013\stoffe\blau\allinthecards.html --> www.footstools.de /stoffe/blau allinthecards.html
2013.04.17 14:16 B D:\Tiger\Aufträge\Goldmann-Footstools\www-2013\stoffe\blau\animal_kingdom.html --> www.footstools.de /stoffe/blau animal_kingdom.html
2013.04.17 14:16 B D:\Tiger\Aufträge\Goldmann-Footstools\www-2013\stoffe\blau\avignon.html --> www.footstools.de /stoffe/blau avignon.html
2013.04.17 14:16 B D:\Tiger\Aufträge\Goldmann-Footstools\www-2013\stoffe\blau\bestfriends.html --> www.footstools.de /stoffe/blau bestfriends.html
2013.04.17 14:16 B D:\Tiger\Aufträge\Goldmann-Footstools\www-2013\stoffe\blau\caesar.html --> www.footstools.de /stoffe/blau caesar.html
2013.04.17 14:16 B D:\Tiger\Aufträge\Goldmann-Footstools\www-2013\stoffe\blau\ceylon.html --> www.footstools.de /stoffe/blau ceylon.html
2013.04.17 14:16 B D:\Tiger\Aufträge\Goldmann-Footstools\www-2013\stoffe\blau\cheetah.html --> www.footstools.de /stoffe/blau cheetah.html
2013.04.17 14:16 B D:\Tiger\Aufträge\Goldmann-Footstools\www-2013\stoffe\blau\country_glory.html --> www.footstools.de /stoffe/blau country_glory.html
2013.04.17 14:17 B D:\Tiger\Aufträge\Goldmann-Footstools\www-2013\stoffe\blau\country_rose.html --> www.footstools.de /stoffe/blau country_rose.html
2013.04.17 14:17 B D:\Tiger\Aufträge\Goldmann-Footstools\www-2013\stoffe\blau\forest-life.html --> www.footstools.de /stoffe/blau forest-life.html
2013.04.17 14:17 B D:\Tiger\Aufträge\Goldmann-Footstools\www-2013\stoffe\blau\funandgames.html --> www.footstools.de /stoffe/blau funandgames.html
2013.04.17 14:17 B D:\Tiger\Aufträge\Goldmann-Footstools\www-2013\stoffe\blau\gizeh.html --> www.footstools.de /stoffe/blau gizeh.html
2013.04.17 14:17 B D:\Tiger\Aufträge\Goldmann-Footstools\www-2013\stoffe\blau\hochzeitsfarn.html --> www.footstools.de /stoffe/blau hochzeitsfarn.html
2013.04.17 14:17 B D:\Tiger\Aufträge\Goldmann-Footstools\www-2013\stoffe\blau\lighthouse.html --> www.footstools.de /stoffe/blau lighthouse.html
2013.04.17 14:17 B D:\Tiger\Aufträge\Goldmann-Footstools\www-2013\stoffe\blau\lorenzo.html --> www.footstools.de /stoffe/blau lorenzo.html
2013.04.17 14:17 B D:\Tiger\Aufträge\Goldmann-Footstools\www-2013\stoffe\blau\lucy.html --> www.footstools.de /stoffe/blau lucy.html
2013.04.17 14:17 B D:\Tiger\Aufträge\Goldmann-Footstools\www-2013\stoffe\blau\luneville.html --> www.footstools.de /stoffe/blau luneville.html
2013.04.17 14:17 B D:\Tiger\Aufträge\Goldmann-Footstools\www-2013\stoffe\blau\macao.html --> www.footstools.de /stoffe/blau macao.html
2013.04.17 14:17 B D:\Tiger\Aufträge\Goldmann-Footstools\www-2013\stoffe\blau\maigloeckchen.html --> www.footstools.de /stoffe/blau maigloeckchen.html
2013.04.17 14:17 B D:\Tiger\Aufträge\Goldmann-Footstools\www-2013\stoffe\blau\mandarin-grey.html --> www.footstools.de /stoffe/blau mandarin-grey.html
2013.04.17 14:17 B D:\Tiger\Aufträge\Goldmann-Footstools\www-2013\stoffe\blau\midas.html --> www.footstools.de /stoffe/blau midas.html
2013.04.17 14:17 B D:\Tiger\Aufträge\Goldmann-Footstools\www-2013\stoffe\blau\nancy.html --> www.footstools.de /stoffe/blau nancy.html
2013.04.17 14:17 B D:\Tiger\Aufträge\Goldmann-Footstools\www-2013\stoffe\blau\oldindiadark.html --> www.footstools.de /stoffe/blau oldindiadark.html
2013.04.17 14:17 B D:\Tiger\Aufträge\Goldmann-Footstools\www-2013\stoffe\blau\orient_royal.html --> www.footstools.de /stoffe/blau orient_royal.html
2013.04.17 14:17 B D:\Tiger\Aufträge\Goldmann-Footstools\www-2013\stoffe\blau\oslo.html --> www.footstools.de /stoffe/blau oslo.html
2013.04.17 14:17 B D:\Tiger\Aufträge\Goldmann-Footstools\www-2013\stoffe\blau\perfect_paisly.html --> www.footstools.de /stoffe/blau perfect_paisly.html
2013.04.17 14:17 B D:\Tiger\Aufträge\Goldmann-Footstools\www-2013\stoffe\blau\roma.html --> www.footstools.de /stoffe/blau roma.html
2013.04.17 14:17 B D:\Tiger\Aufträge\Goldmann-Footstools\www-2013\stoffe\blau\safari.html --> www.footstools.de /stoffe/blau safari.html
2013.04.17 14:17 B D:\Tiger\Aufträge\Goldmann-Footstools\www-2013\stoffe\blau\sailing.html --> www.footstools.de /stoffe/blau sailing.html
2013.04.17 14:17 B D:\Tiger\Aufträge\Goldmann-Footstools\www-2013\stoffe\blau\savoy.html --> www.footstools.de /stoffe/blau savoy.html
2013.04.17 14:17 B D:\Tiger\Aufträge\Goldmann-Footstools\www-2013\stoffe\blau\ship_ahoi_blue.html --> www.footstools.de /stoffe/blau ship_ahoi_blue.html
2013.04.17 14:17 B D:\Tiger\Aufträge\Goldmann-Footstools\www-2013\stoffe\blau\ship_ahoi_brown.html --> www.footstools.de /stoffe/blau ship_ahoi_brown.html
2013.04.17 14:17 B D:\Tiger\Aufträge\Goldmann-Footstools\www-2013\stoffe\blau\silk-in-green.html --> www.footstools.de /stoffe/blau silk-in-green.html
2013.04.17 14:17 B D:\Tiger\Aufträge\Goldmann-Footstools\www-2013\stoffe\blau\spring-bouquet.html --> www.footstools.de /stoffe/blau spring-bouquet.html
2013.04.17 14:18 B D:\Tiger\Aufträge\Goldmann-Footstools\www-2013\stoffe\blau\trave.html --> www.footstools.de /stoffe/blau trave.html
2013.04.17 14:18 B D:\Tiger\Aufträge\Goldmann-Footstools\www-2013\stoffe\blau\VERDE_SILK.html --> www.footstools.de /stoffe/blau VERDE_SILK.html
2013.04.17 14:18 B D:\Tiger\Aufträge\Goldmann-Footstools\www-2013\stoffe\blau\vorlage-einzelstoff.html --> www.footstools.de /stoffe/blau vorlage-einzelstoff.html
2013.04.17 14:18 B D:\Tiger\Aufträge\Goldmann-Footstools\www-2013\stoffe\blau\WS_FTP.LOG --> www.footstools.de /stoffe/blau WS_FTP.LOG
2013.04.17 14:18 B D:\Tiger\Aufträge\Goldmann-Footstools\www-2013\stoffe\blau\zairee.html --> www.footstools.de /stoffe/blau zairee.html
2013.04.17 14:18 B D:\Tiger\Aufträge\Goldmann-Footstools\www-2013\stoffe\blau\zita.html --> www.footstools.de /stoffe/blau zita.html
