2009.04.03 10:44 B D:\Tiger\Aufträge\footstools\www\stoffe\jagd\vorlage-einzelstoff.html --> nordseiten.de /www/kunden/goldmann/stoffe/jagd vorlage-einzelstoff.html
2009.04.04 09:58 B D:\Tiger\Aufträge\footstools\www\stoffe\jagd\alexandria.html --> nordseiten.de /www/kunden/goldmann/stoffe/jagd alexandria.html
2009.04.04 09:58 B D:\Tiger\Aufträge\footstools\www\stoffe\jagd\amelie.html --> nordseiten.de /www/kunden/goldmann/stoffe/jagd amelie.html
2009.04.04 09:58 B D:\Tiger\Aufträge\footstools\www\stoffe\jagd\annabelle.html --> nordseiten.de /www/kunden/goldmann/stoffe/jagd annabelle.html
2009.04.04 09:58 B D:\Tiger\Aufträge\footstools\www\stoffe\jagd\asiannoblesse.html --> nordseiten.de /www/kunden/goldmann/stoffe/jagd asiannoblesse.html
2009.04.04 09:58 B D:\Tiger\Aufträge\footstools\www\stoffe\jagd\bananarama.html --> nordseiten.de /www/kunden/goldmann/stoffe/jagd bananarama.html
2009.04.04 09:58 B D:\Tiger\Aufträge\footstools\www\stoffe\jagd\blairgarden.html --> nordseiten.de /www/kunden/goldmann/stoffe/jagd blairgarden.html
2009.04.04 09:58 B D:\Tiger\Aufträge\footstools\www\stoffe\jagd\countrychicken.html --> nordseiten.de /www/kunden/goldmann/stoffe/jagd countrychicken.html
2009.04.04 09:58 B D:\Tiger\Aufträge\footstools\www\stoffe\jagd\countryhill.html --> nordseiten.de /www/kunden/goldmann/stoffe/jagd countryhill.html
2009.04.04 09:58 B D:\Tiger\Aufträge\footstools\www\stoffe\jagd\duckhunt.html --> nordseiten.de /www/kunden/goldmann/stoffe/jagd duckhunt.html
2009.04.04 09:58 B D:\Tiger\Aufträge\footstools\www\stoffe\jagd\farmlife.html --> nordseiten.de /www/kunden/goldmann/stoffe/jagd farmlife.html
2009.04.04 09:58 B D:\Tiger\Aufträge\footstools\www\stoffe\jagd\florentine.html --> nordseiten.de /www/kunden/goldmann/stoffe/jagd florentine.html
2009.04.04 09:58 B D:\Tiger\Aufträge\footstools\www\stoffe\jagd\kawaii.html --> nordseiten.de /www/kunden/goldmann/stoffe/jagd kawaii.html
2009.04.04 09:58 B D:\Tiger\Aufträge\footstools\www\stoffe\jagd\leopard.html --> nordseiten.de /www/kunden/goldmann/stoffe/jagd leopard.html
2009.04.04 09:58 B D:\Tiger\Aufträge\footstools\www\stoffe\jagd\madeira.html --> nordseiten.de /www/kunden/goldmann/stoffe/jagd madeira.html
2009.04.04 09:58 B D:\Tiger\Aufträge\footstools\www\stoffe\jagd\mainau.html --> nordseiten.de /www/kunden/goldmann/stoffe/jagd mainau.html
2009.04.04 09:58 B D:\Tiger\Aufträge\footstools\www\stoffe\jagd\pagodia.html --> nordseiten.de /www/kunden/goldmann/stoffe/jagd pagodia.html
2009.04.04 09:58 B D:\Tiger\Aufträge\footstools\www\stoffe\jagd\seagull.html --> nordseiten.de /www/kunden/goldmann/stoffe/jagd seagull.html
2009.04.04 09:58 B D:\Tiger\Aufträge\footstools\www\stoffe\jagd\siamhoney.html --> nordseiten.de /www/kunden/goldmann/stoffe/jagd siamhoney.html
2009.04.04 09:58 B D:\Tiger\Aufträge\footstools\www\stoffe\jagd\springwine.html --> nordseiten.de /www/kunden/goldmann/stoffe/jagd springwine.html
2009.04.04 09:58 B D:\Tiger\Aufträge\footstools\www\stoffe\jagd\vorlage-einzelstoff.html --> nordseiten.de /www/kunden/goldmann/stoffe/jagd vorlage-einzelstoff.html
2009.04.04 09:58 B D:\Tiger\Aufträge\footstools\www\stoffe\jagd\WS_FTP.LOG --> nordseiten.de /www/kunden/goldmann/stoffe/jagd WS_FTP.LOG
2009.04.06 17:12 B D:\Tiger\Aufträge\footstools\www\stoffe\jagd\WS_FTP.LOG --> nordseiten.de /www/kunden/goldmann/stoffe/jagd WS_FTP.LOG
2009.04.15 09:40 B D:\Tiger\Aufträge\footstools\www\stoffe\jagd\alexandria.html --> www.footstools.de /stoffe/jagd alexandria.html
2009.04.15 09:40 B D:\Tiger\Aufträge\footstools\www\stoffe\jagd\amelie.html --> www.footstools.de /stoffe/jagd amelie.html
2009.04.15 09:40 B D:\Tiger\Aufträge\footstools\www\stoffe\jagd\annabelle.html --> www.footstools.de /stoffe/jagd annabelle.html
2009.04.15 09:40 B D:\Tiger\Aufträge\footstools\www\stoffe\jagd\asiannoblesse.html --> www.footstools.de /stoffe/jagd asiannoblesse.html
2009.04.15 09:40 B D:\Tiger\Aufträge\footstools\www\stoffe\jagd\bananarama.html --> www.footstools.de /stoffe/jagd bananarama.html
2009.04.15 09:40 B D:\Tiger\Aufträge\footstools\www\stoffe\jagd\blairgarden.html --> www.footstools.de /stoffe/jagd blairgarden.html
2009.04.15 09:40 B D:\Tiger\Aufträge\footstools\www\stoffe\jagd\countrychicken.html --> www.footstools.de /stoffe/jagd countrychicken.html
2009.04.15 09:40 B D:\Tiger\Aufträge\footstools\www\stoffe\jagd\countryhill.html --> www.footstools.de /stoffe/jagd countryhill.html
2009.04.15 09:40 B D:\Tiger\Aufträge\footstools\www\stoffe\jagd\duckhunt.html --> www.footstools.de /stoffe/jagd duckhunt.html
2009.04.15 09:40 B D:\Tiger\Aufträge\footstools\www\stoffe\jagd\farmlife.html --> www.footstools.de /stoffe/jagd farmlife.html
2009.04.15 09:40 B D:\Tiger\Aufträge\footstools\www\stoffe\jagd\florentine.html --> www.footstools.de /stoffe/jagd florentine.html
2009.04.15 09:40 B D:\Tiger\Aufträge\footstools\www\stoffe\jagd\kawaii.html --> www.footstools.de /stoffe/jagd kawaii.html
2009.04.15 09:40 B D:\Tiger\Aufträge\footstools\www\stoffe\jagd\leopard.html --> www.footstools.de /stoffe/jagd leopard.html
2009.04.15 09:40 B D:\Tiger\Aufträge\footstools\www\stoffe\jagd\madeira.html --> www.footstools.de /stoffe/jagd madeira.html
2009.04.15 09:40 B D:\Tiger\Aufträge\footstools\www\stoffe\jagd\mainau.html --> www.footstools.de /stoffe/jagd mainau.html
2009.04.15 09:40 B D:\Tiger\Aufträge\footstools\www\stoffe\jagd\pagodia.html --> www.footstools.de /stoffe/jagd pagodia.html
2009.04.15 09:40 B D:\Tiger\Aufträge\footstools\www\stoffe\jagd\seagull.html --> www.footstools.de /stoffe/jagd seagull.html
2009.04.15 09:40 B D:\Tiger\Aufträge\footstools\www\stoffe\jagd\siamhoney.html --> www.footstools.de /stoffe/jagd siamhoney.html
2009.04.15 09:40 B D:\Tiger\Aufträge\footstools\www\stoffe\jagd\springwine.html --> www.footstools.de /stoffe/jagd springwine.html
2009.04.15 09:40 B D:\Tiger\Aufträge\footstools\www\stoffe\jagd\vorlage-einzelstoff.html --> www.footstools.de /stoffe/jagd vorlage-einzelstoff.html
