2013.04.02 16:53 B D:\Tiger\Auftrðge\Footstools\images\city\alfonso.html <-- Footstools /images/city alfonso.html
2013.04.02 16:53 B D:\Tiger\Auftrðge\Footstools\images\city\alfonso_klein.jpg <-- Footstools /images/city alfonso_klein.jpg
2013.04.02 16:53 B D:\Tiger\Auftrðge\Footstools\images\city\allison_klein.jpg <-- Footstools /images/city allison_klein.jpg
2013.04.02 16:53 B D:\Tiger\Auftrðge\Footstools\images\city\andorra_stripe_klein.jpg <-- Footstools /images/city andorra_stripe_klein.jpg
2013.04.02 16:53 B D:\Tiger\Auftrðge\Footstools\images\city\apassionata_klein.jpg <-- Footstools /images/city apassionata_klein.jpg
2013.04.02 16:53 B D:\Tiger\Auftrðge\Footstools\images\city\asian_noblesse_bank_klein.JPG <-- Footstools /images/city asian_noblesse_bank_klein.JPG
2013.04.02 16:53 B D:\Tiger\Auftrðge\Footstools\images\city\astor_klein.jpg <-- Footstools /images/city astor_klein.jpg
2013.04.02 16:53 B D:\Tiger\Auftrðge\Footstools\images\city\astor_mit_kissen_klein.jpg <-- Footstools /images/city astor_mit_kissen_klein.jpg
2013.04.02 16:53 B D:\Tiger\Auftrðge\Footstools\images\city\badbank-klein.jpg <-- Footstools /images/city badbank-klein.jpg
2013.04.02 16:53 B D:\Tiger\Auftrðge\Footstools\images\city\berlin_2_klein.jpg <-- Footstools /images/city berlin_2_klein.jpg
2013.04.02 16:53 B D:\Tiger\Auftrðge\Footstools\images\city\blue_sailing_klein.jpg <-- Footstools /images/city blue_sailing_klein.jpg
2013.04.02 16:53 B D:\Tiger\Auftrðge\Footstools\images\city\bombay_klein.jpg <-- Footstools /images/city bombay_klein.jpg
2013.04.02 16:53 B D:\Tiger\Auftrðge\Footstools\images\city\bruessel_klein.jpg <-- Footstools /images/city bruessel_klein.jpg
2013.04.02 16:53 B D:\Tiger\Auftrðge\Footstools\images\city\burgundy_klein.jpg <-- Footstools /images/city burgundy_klein.jpg
2013.04.02 16:53 B D:\Tiger\Auftrðge\Footstools\images\city\chucky_klein.jpg <-- Footstools /images/city chucky_klein.jpg
2013.04.02 16:53 B D:\Tiger\Auftrðge\Footstools\images\city\country_hill.jpg <-- Footstools /images/city country_hill.jpg
2013.04.02 16:53 B D:\Tiger\Auftrðge\Footstools\images\city\dublin.html <-- Footstools /images/city dublin.html
2013.04.02 16:53 B D:\Tiger\Auftrðge\Footstools\images\city\dublin1_klein.jpg <-- Footstools /images/city dublin1_klein.jpg
2013.04.02 16:53 B D:\Tiger\Auftrðge\Footstools\images\city\dublin_klein.jpg <-- Footstools /images/city dublin_klein.jpg
2013.04.02 16:53 B D:\Tiger\Auftrðge\Footstools\images\city\duck_hunt_bank_klein.jpg <-- Footstools /images/city duck_hunt_bank_klein.jpg
2013.04.02 16:53 B D:\Tiger\Auftrðge\Footstools\images\city\elegant_couple_klein.jpg <-- Footstools /images/city elegant_couple_klein.jpg
2013.04.02 16:53 B D:\Tiger\Auftrðge\Footstools\images\city\elena_klein.jpg <-- Footstools /images/city elena_klein.jpg
2013.04.02 16:53 B D:\Tiger\Auftrðge\Footstools\images\city\eleonor_klein.jpg <-- Footstools /images/city eleonor_klein.jpg
2013.04.02 16:53 B D:\Tiger\Auftrðge\Footstools\images\city\eleonor_mit_husse_klein.jpg <-- Footstools /images/city eleonor_mit_husse_klein.jpg
2013.04.02 16:53 B D:\Tiger\Auftrðge\Footstools\images\city\exquisa_klein.jpg <-- Footstools /images/city exquisa_klein.jpg
2013.04.02 16:53 B D:\Tiger\Auftrðge\Footstools\images\city\fairbanks_klein.jpg <-- Footstools /images/city fairbanks_klein.jpg
2013.04.02 16:53 B D:\Tiger\Auftrðge\Footstools\images\city\florentine2_klein.jpg <-- Footstools /images/city florentine2_klein.jpg
2013.04.02 16:53 B D:\Tiger\Auftrðge\Footstools\images\city\florentine_klein.jpg <-- Footstools /images/city florentine_klein.jpg
2013.04.02 16:53 B D:\Tiger\Auftrðge\Footstools\images\city\gestickt.jpg <-- Footstools /images/city gestickt.jpg
2013.04.02 16:53 B D:\Tiger\Auftrðge\Footstools\images\city\gizeh_klein.jpg <-- Footstools /images/city gizeh_klein.jpg
2013.04.02 16:53 B D:\Tiger\Auftrðge\Footstools\images\city\heritage_klein.jpg <-- Footstools /images/city heritage_klein.jpg
2013.04.02 16:53 B D:\Tiger\Auftrðge\Footstools\images\city\hipica_klein.jpg <-- Footstools /images/city hipica_klein.jpg
2013.04.02 16:53 B D:\Tiger\Auftrðge\Footstools\images\city\horseundrider_klein.jpg <-- Footstools /images/city horseundrider_klein.jpg
2013.04.02 16:53 B D:\Tiger\Auftrðge\Footstools\images\city\kauai.jpg <-- Footstools /images/city kauai.jpg
2013.04.02 16:53 B D:\Tiger\Auftrðge\Footstools\images\city\kentucky_klein.jpg <-- Footstools /images/city kentucky_klein.jpg
2013.04.02 16:53 B D:\Tiger\Auftrðge\Footstools\images\city\la scala-klein.jpg <-- Footstools /images/city la scala-klein.jpg
2013.04.02 16:53 B D:\Tiger\Auftrðge\Footstools\images\city\liberta2_klein.jpg <-- Footstools /images/city liberta2_klein.jpg
2013.04.02 16:53 B D:\Tiger\Auftrðge\Footstools\images\city\liberta_klein.jpg <-- Footstools /images/city liberta_klein.jpg
2013.04.02 16:53 B D:\Tiger\Auftrðge\Footstools\images\city\loremzo4_klein.jpg <-- Footstools /images/city loremzo4_klein.jpg
2013.04.02 16:53 B D:\Tiger\Auftrðge\Footstools\images\city\Lorenzo2_klein.jpg <-- Footstools /images/city Lorenzo2_klein.jpg
2013.04.02 16:53 B D:\Tiger\Auftrðge\Footstools\images\city\lorenzo3_klein.jpg <-- Footstools /images/city lorenzo3_klein.jpg
2013.04.02 16:53 B D:\Tiger\Auftrðge\Footstools\images\city\lorenzo_klein.JPG <-- Footstools /images/city lorenzo_klein.JPG
2013.04.02 16:53 B D:\Tiger\Auftrðge\Footstools\images\city\lorenzoII_klein.jpg <-- Footstools /images/city lorenzoII_klein.jpg
2013.04.02 16:53 B D:\Tiger\Auftrðge\Footstools\images\city\macau_klein.jpg <-- Footstools /images/city macau_klein.jpg
2013.04.02 16:54 B D:\Tiger\Auftrðge\Footstools\images\city\madison_klein.jpg <-- Footstools /images/city madison_klein.jpg
2013.04.02 16:54 B D:\Tiger\Auftrðge\Footstools\images\city\madrid_klein.jpg <-- Footstools /images/city madrid_klein.jpg
2013.04.02 16:54 B D:\Tiger\Auftrðge\Footstools\images\city\mandarin-bank_klein.jpg <-- Footstools /images/city mandarin-bank_klein.jpg
2013.04.02 16:54 B D:\Tiger\Auftrðge\Footstools\images\city\mathilda_klein.jpg <-- Footstools /images/city mathilda_klein.jpg
2013.04.02 16:54 B D:\Tiger\Auftrðge\Footstools\images\city\midas_klein.jpg <-- Footstools /images/city midas_klein.jpg
2013.04.02 16:54 B D:\Tiger\Auftrðge\Footstools\images\city\molina_klein.jpg <-- Footstools /images/city molina_klein.jpg
2013.04.02 16:54 B D:\Tiger\Auftrðge\Footstools\images\city\monogramm.jpg <-- Footstools /images/city monogramm.jpg
2013.04.02 16:54 B D:\Tiger\Auftrðge\Footstools\images\city\nancy_klein.jpg <-- Footstools /images/city nancy_klein.jpg
2013.04.02 16:54 B D:\Tiger\Auftrðge\Footstools\images\city\old-india-bank.jpg <-- Footstools /images/city old-india-bank.jpg
2013.04.02 16:54 B D:\Tiger\Auftrðge\Footstools\images\city\old-india_klein.jpg <-- Footstools /images/city old-india_klein.jpg
2013.04.02 16:54 B D:\Tiger\Auftrðge\Footstools\images\city\old_india_in_dark_klein.jpg <-- Footstools /images/city old_india_in_dark_klein.jpg
2013.04.02 16:54 B D:\Tiger\Auftrðge\Footstools\images\city\old_india_in_red_2_klein.jpg <-- Footstools /images/city old_india_in_red_2_klein.jpg
2013.04.02 16:54 B D:\Tiger\Auftrðge\Footstools\images\city\oldindiadark.html <-- Footstools /images/city oldindiadark.html
2013.04.02 16:54 B D:\Tiger\Auftrðge\Footstools\images\city\oldindiadark3_klein.jpg <-- Footstools /images/city oldindiadark3_klein.jpg
2013.04.02 16:54 B D:\Tiger\Auftrðge\Footstools\images\city\oldindiared_hoch_klein.jpg <-- Footstools /images/city oldindiared_hoch_klein.jpg
2013.04.02 16:54 B D:\Tiger\Auftrðge\Footstools\images\city\oldindiavorkamin_cut_klein.jpg <-- Footstools /images/city oldindiavorkamin_cut_klein.jpg
2013.04.02 16:54 B D:\Tiger\Auftrðge\Footstools\images\city\oldindiavorkamin_klein.jpg <-- Footstools /images/city oldindiavorkamin_klein.jpg
2013.04.02 16:54 B D:\Tiger\Auftrðge\Footstools\images\city\paloma_klein.jpg <-- Footstools /images/city paloma_klein.jpg
2013.04.02 16:54 B D:\Tiger\Auftrðge\Footstools\images\city\paloma_mit_thehunt2_klein.jpg <-- Footstools /images/city paloma_mit_thehunt2_klein.jpg
2013.04.02 16:54 B D:\Tiger\Auftrðge\Footstools\images\city\paloma_mit_thehunt_klein.jpg <-- Footstools /images/city paloma_mit_thehunt_klein.jpg
2013.04.02 16:54 B D:\Tiger\Auftrðge\Footstools\images\city\pandora_klein.jpg <-- Footstools /images/city pandora_klein.jpg
2013.04.02 16:54 B D:\Tiger\Auftrðge\Footstools\images\city\paradise_cove1_klein.jpg <-- Footstools /images/city paradise_cove1_klein.jpg
2013.04.02 16:54 B D:\Tiger\Auftrðge\Footstools\images\city\paradise_cove_klein.jpg <-- Footstools /images/city paradise_cove_klein.jpg
2013.04.02 16:54 B D:\Tiger\Auftrðge\Footstools\images\city\phoenix_mit_husse.jpg <-- Footstools /images/city phoenix_mit_husse.jpg
2013.04.02 16:54 B D:\Tiger\Auftrðge\Footstools\images\city\prag_klein.jpg <-- Footstools /images/city prag_klein.jpg
2013.04.02 16:54 B D:\Tiger\Auftrðge\Footstools\images\city\rialto.html <-- Footstools /images/city rialto.html
2013.04.02 16:54 B D:\Tiger\Auftrðge\Footstools\images\city\rialto_klein.jpg <-- Footstools /images/city rialto_klein.jpg
2013.04.02 16:54 B D:\Tiger\Auftrðge\Footstools\images\city\riders_gear_klein.jpg <-- Footstools /images/city riders_gear_klein.jpg
2013.04.02 16:54 B D:\Tiger\Auftrðge\Footstools\images\city\riga_klein.jpg <-- Footstools /images/city riga_klein.jpg
2013.04.02 16:54 B D:\Tiger\Auftrðge\Footstools\images\city\romano_klein.jpg <-- Footstools /images/city romano_klein.jpg
2013.04.02 16:54 B D:\Tiger\Auftrðge\Footstools\images\city\safari_mit_kissen_klein.jpg <-- Footstools /images/city safari_mit_kissen_klein.jpg
2013.04.02 16:54 B D:\Tiger\Auftrðge\Footstools\images\city\safari_neu_klein.jpg <-- Footstools /images/city safari_neu_klein.jpg
2013.04.02 16:54 B D:\Tiger\Auftrðge\Footstools\images\city\safariII_klein.jpg <-- Footstools /images/city safariII_klein.jpg
2013.04.02 16:54 B D:\Tiger\Auftrðge\Footstools\images\city\savannah_gold_klein.jpg <-- Footstools /images/city savannah_gold_klein.jpg
2013.04.02 16:54 B D:\Tiger\Auftrðge\Footstools\images\city\scotch_klein.jpg <-- Footstools /images/city scotch_klein.jpg
2013.04.02 16:54 B D:\Tiger\Auftrðge\Footstools\images\city\serengeti_klein.jpg <-- Footstools /images/city serengeti_klein.jpg
2013.04.02 16:54 B D:\Tiger\Auftrðge\Footstools\images\city\stockholm_klein.jpg <-- Footstools /images/city stockholm_klein.jpg
2013.04.02 16:54 B D:\Tiger\Auftrðge\Footstools\images\city\terra_palms_klein.jpg <-- Footstools /images/city terra_palms_klein.jpg
2013.04.02 16:54 B D:\Tiger\Auftrðge\Footstools\images\city\Thumbs.db <-- Footstools /images/city Thumbs.db
2013.04.02 16:54 B D:\Tiger\Auftrðge\Footstools\images\city\velvet_cord_klein.jpg <-- Footstools /images/city velvet_cord_klein.jpg
2013.04.02 16:54 B D:\Tiger\Auftrðge\Footstools\images\city\viola_klein.jpg <-- Footstools /images/city viola_klein.jpg
2013.04.02 16:54 B D:\Tiger\Auftrðge\Footstools\images\city\yellow_snake_klein.jpg <-- Footstools /images/city yellow_snake_klein.jpg
2013.04.02 16:54 B D:\Tiger\Auftrðge\Footstools\images\city\zairee_klein.jpg <-- Footstools /images/city zairee_klein.jpg
2013.04.17 14:43 B D:\Tiger\Auftrðge\Goldmann-Footstools\www-2013\images\city\Thumbs.db --> www.footstools.de /images/city Thumbs.db
2013.04.17 14:43 B D:\Tiger\Auftrðge\Goldmann-Footstools\www-2013\images\city\loremzo4_klein.jpg --> www.footstools.de /images/city loremzo4_klein.jpg
