2009.03.31 18:46 B D:\Tiger\Aufträge\footstools\www\grafik\city-img.gif --> nordseiten.de /www/kunden/goldmann/grafik city-img.gif
2009.03.31 18:46 B D:\Tiger\Aufträge\footstools\www\grafik\country-img.gif --> nordseiten.de /www/kunden/goldmann/grafik country-img.gif
2009.03.31 18:46 B D:\Tiger\Aufträge\footstools\www\grafik\goldmann-logo.gif --> nordseiten.de /www/kunden/goldmann/grafik goldmann-logo.gif
2009.03.31 18:46 B D:\Tiger\Aufträge\footstools\www\grafik\kamin-img.gif --> nordseiten.de /www/kunden/goldmann/grafik kamin-img.gif
2009.03.31 18:46 B D:\Tiger\Aufträge\footstools\www\grafik\MAP-2.gif --> nordseiten.de /www/kunden/goldmann/grafik MAP-2.gif
2009.03.31 18:46 B D:\Tiger\Aufträge\footstools\www\grafik\MAP.gif --> nordseiten.de /www/kunden/goldmann/grafik MAP.gif
2009.03.31 18:46 B D:\Tiger\Aufträge\footstools\www\grafik\stoffe-img.gif --> nordseiten.de /www/kunden/goldmann/grafik stoffe-img.gif
2009.03.31 18:46 B D:\Tiger\Aufträge\footstools\www\grafik\Thumbs.db --> nordseiten.de /www/kunden/goldmann/grafik Thumbs.db
2009.03.31 18:46 B D:\Tiger\Aufträge\footstools\www\grafik\verlauf.gif --> nordseiten.de /www/kunden/goldmann/grafik verlauf.gif
2009.03.31 18:46 B D:\Tiger\Aufträge\footstools\www\grafik\weiss.gif --> nordseiten.de /www/kunden/goldmann/grafik weiss.gif
2009.04.03 10:41 B D:\Tiger\Aufträge\footstools\www\grafik\Thumbs.db --> nordseiten.de /www/kunden/goldmann/grafik Thumbs.db
2009.04.03 10:41 B D:\Tiger\Aufträge\footstools\www\grafik\WS_FTP.LOG --> nordseiten.de /www/kunden/goldmann/grafik WS_FTP.LOG
2009.04.04 09:54 B D:\Tiger\Aufträge\footstools\www\grafik\WS_FTP.LOG --> nordseiten.de /www/kunden/goldmann/grafik WS_FTP.LOG
2009.04.06 17:10 B D:\Tiger\Aufträge\footstools\www\grafik\city-img.gif --> nordseiten.de /www/kunden/goldmann/grafik city-img.gif
2009.04.06 17:10 B D:\Tiger\Aufträge\footstools\www\grafik\kamin-img.gif --> nordseiten.de /www/kunden/goldmann/grafik kamin-img.gif
2009.04.06 17:10 B D:\Tiger\Aufträge\footstools\www\grafik\Thumbs.db --> nordseiten.de /www/kunden/goldmann/grafik Thumbs.db
2009.04.06 17:10 B D:\Tiger\Aufträge\footstools\www\grafik\WS_FTP.LOG --> nordseiten.de /www/kunden/goldmann/grafik WS_FTP.LOG
2009.04.15 09:29 B D:\Tiger\Aufträge\footstools\www\grafik\city-img.gif --> www.footstools.de /grafik city-img.gif
2009.04.15 09:29 B D:\Tiger\Aufträge\footstools\www\grafik\country-img.gif --> www.footstools.de /grafik country-img.gif
2009.04.15 09:29 B D:\Tiger\Aufträge\footstools\www\grafik\goldmann-logo.gif --> www.footstools.de /grafik goldmann-logo.gif
2009.04.15 09:29 B D:\Tiger\Aufträge\footstools\www\grafik\kamin-img.gif --> www.footstools.de /grafik kamin-img.gif
2009.04.15 09:29 B D:\Tiger\Aufträge\footstools\www\grafik\MAP-2.gif --> www.footstools.de /grafik MAP-2.gif
2009.04.15 09:29 B D:\Tiger\Aufträge\footstools\www\grafik\MAP.gif --> www.footstools.de /grafik MAP.gif
2009.04.15 09:29 B D:\Tiger\Aufträge\footstools\www\grafik\stoffe-img.gif --> www.footstools.de /grafik stoffe-img.gif
2009.04.15 09:29 B D:\Tiger\Aufträge\footstools\www\grafik\Thumbs.db --> www.footstools.de /grafik Thumbs.db
2009.04.15 09:29 B D:\Tiger\Aufträge\footstools\www\grafik\verlauf.gif --> www.footstools.de /grafik verlauf.gif
2009.04.15 09:29 B D:\Tiger\Aufträge\footstools\www\grafik\weiss.gif --> www.footstools.de /grafik weiss.gif
2009.04.15 09:29 B D:\Tiger\Aufträge\footstools\www\grafik\WS_FTP.LOG --> www.footstools.de /grafik WS_FTP.LOG
2009.04.29 17:00 B D:\Tiger\Aufträge\footstools\www\grafik\country-house-stoff-pikto.jpg --> www.footstools.de /images country-house-stoff-pikto.jpg
2009.04.29 17:00 B D:\Tiger\Aufträge\footstools\www\grafik\tamara_kleiner.jpg --> www.footstools.de /images tamara_kleiner.jpg
2009.04.29 17:00 B D:\Tiger\Aufträge\footstools\www\grafik\redelefant-pikto.jpg --> www.footstools.de /images redelefant-pikto.jpg
2009.04.29 17:00 B D:\Tiger\Aufträge\footstools\www\grafik\horse-und-rider-in-red-lang.jpg --> www.footstools.de /images horse-und-rider-in-red-lang.jpg
2009.04.29 17:02 B D:\Tiger\Aufträge\footstools\www\grafik\horse-und-rider.jpg --> www.footstools.de /grafik horse-und-rider.jpg
2009.04.29 17:02 B D:\Tiger\Aufträge\footstools\www\grafik\redelefant-pikto.jpg --> www.footstools.de /grafik redelefant-pikto.jpg
2009.04.29 17:02 B D:\Tiger\Aufträge\footstools\www\grafik\tamara_kleiner.jpg --> www.footstools.de /grafik tamara_kleiner.jpg
2009.04.29 17:02 B D:\Tiger\Aufträge\footstools\www\grafik\country-house-stoff.jpg --> www.footstools.de /grafik country-house-stoff.jpg
2009.04.29 17:12 B D:\Tiger\Aufträge\footstools\www\grafik\country-img-gr.gif --> www.footstools.de /grafik country-img-gr.gif
2009.04.29 17:12 B D:\Tiger\Aufträge\footstools\www\grafik\stoffe-img-gr.gif --> www.footstools.de /grafik stoffe-img-gr.gif
2009.04.29 17:12 B D:\Tiger\Aufträge\footstools\www\grafik\city-img-gr.gif --> www.footstools.de /grafik city-img-gr.gif
2009.04.29 17:12 B D:\Tiger\Aufträge\footstools\www\grafik\kamin-img-gr.gif --> www.footstools.de /grafik kamin-img-gr.gif
2009.04.29 17:12 B D:\Tiger\Aufträge\footstools\www\grafik\city-img.jpg --> www.footstools.de /grafik city-img.jpg
2009.04.29 17:12 B D:\Tiger\Aufträge\footstools\www\grafik\country-img.jpg --> www.footstools.de /grafik country-img.jpg
2009.04.29 17:12 B D:\Tiger\Aufträge\footstools\www\grafik\kamin-img.jpg --> www.footstools.de /grafik kamin-img.jpg
2009.04.29 17:12 B D:\Tiger\Aufträge\footstools\www\grafik\stoffe-img.jpg --> www.footstools.de /grafik stoffe-img.jpg
2013.04.02 16:52 B D:\Tiger\Aufträge\Footstools\grafik\WS_FTP.LOG <-- Footstools /grafik WS_FTP.LOG
2013.04.17 14:38 B D:\Tiger\Aufträge\Goldmann-Footstools\www-2013\grafik\mail-button-oben.jpg --> www.footstools.de /grafik mail-button-oben.jpg
2013.04.17 14:38 B D:\Tiger\Aufträge\Goldmann-Footstools\www-2013\grafik\footer.jpg --> www.footstools.de /grafik footer.jpg
2013.04.17 14:38 B D:\Tiger\Aufträge\Goldmann-Footstools\www-2013\grafik\Thumbs.db --> www.footstools.de /grafik Thumbs.db
2013.04.17 14:38 B D:\Tiger\Aufträge\Goldmann-Footstools\www-2013\grafik\goldmann-logo3.jpg --> www.footstools.de /grafik goldmann-logo3.jpg
2013.04.17 14:38 B D:\Tiger\Aufträge\Goldmann-Footstools\www-2013\grafik\mail-button.jpg --> www.footstools.de /grafik mail-button.jpg
2013.04.17 14:38 B D:\Tiger\Aufträge\Goldmann-Footstools\www-2013\grafik\goldmann-logo.jpg --> www.footstools.de /grafik goldmann-logo.jpg
2013.04.17 14:38 B D:\Tiger\Aufträge\Goldmann-Footstools\www-2013\grafik\higru-verlauf.jpg --> www.footstools.de /grafik higru-verlauf.jpg
2013.04.17 14:38 B D:\Tiger\Aufträge\Goldmann-Footstools\www-2013\grafik\goldmann-logo.gif --> www.footstools.de /grafik goldmann-logo.gif
2013.04.17 14:38 B D:\Tiger\Aufträge\Goldmann-Footstools\www-2013\grafik\verlauf.gif --> www.footstools.de /grafik verlauf.gif
