2013.04.02 17:15 B D:\Tiger\Auftr‰ge\Footstools\images\2009-02-23-b11.jpg <-- Footstools /images 2009-02-23-b11.jpg
2013.04.02 17:15 B D:\Tiger\Auftr‰ge\Footstools\images\annemarie-portrait-spot.jpg <-- Footstools /images annemarie-portrait-spot.jpg
2013.04.02 17:15 B D:\Tiger\Auftr‰ge\Footstools\images\blind.gif <-- Footstools /images blind.gif
2013.04.02 17:15 B D:\Tiger\Auftr‰ge\Footstools\images\country house stoff-pikto.jpg <-- Footstools /images country house stoff-pikto.jpg
2013.04.02 17:15 B D:\Tiger\Auftr‰ge\Footstools\images\hochzeit1.jpg <-- Footstools /images hochzeit1.jpg
2013.04.02 17:15 B D:\Tiger\Auftr‰ge\Footstools\images\hochzeit2.jpg <-- Footstools /images hochzeit2.jpg
2013.04.02 17:15 B D:\Tiger\Auftr‰ge\Footstools\images\horse und rider in red lang - kleiner.jpg <-- Footstools /images horse und rider in red lang - kleiner.jpg
2013.04.02 17:15 B D:\Tiger\Auftr‰ge\Footstools\images\logo-Bank1.jpg <-- Footstools /images logo-Bank1.jpg
2013.04.02 17:15 B D:\Tiger\Auftr‰ge\Footstools\images\logo-bank2.jpg <-- Footstools /images logo-bank2.jpg
2013.04.02 17:15 B D:\Tiger\Auftr‰ge\Footstools\images\logo-bank3.jpg <-- Footstools /images logo-bank3.jpg
2013.04.02 17:15 B D:\Tiger\Auftr‰ge\Footstools\images\logo-bank4.jpg <-- Footstools /images logo-bank4.jpg
2013.04.02 17:15 B D:\Tiger\Auftr‰ge\Footstools\images\monogramm.jpg <-- Footstools /images monogramm.jpg
2013.04.02 17:15 B D:\Tiger\Auftr‰ge\Footstools\images\redelefant-pikto.jpg <-- Footstools /images redelefant-pikto.jpg
2013.04.02 17:15 B D:\Tiger\Auftr‰ge\Footstools\images\tamara_kleiner.jpg <-- Footstools /images tamara_kleiner.jpg
2013.04.02 17:15 B D:\Tiger\Auftr‰ge\Footstools\images\Thumbs.db <-- Footstools /images Thumbs.db
2013.04.17 14:47 B D:\Tiger\Auftr‰ge\Goldmann-Footstools\www-2013\images\Thumbs.db --> www.footstools.de /images Thumbs.db
2013.04.17 14:47 B D:\Tiger\Auftr‰ge\Goldmann-Footstools\www-2013\images\city-mini.jpg --> www.footstools.de /images city-mini.jpg
2013.04.17 14:47 B D:\Tiger\Auftr‰ge\Goldmann-Footstools\www-2013\images\ringe-mini.jpg --> www.footstools.de /images ringe-mini.jpg
2013.04.17 14:47 B D:\Tiger\Auftr‰ge\Goldmann-Footstools\www-2013\images\stoffe-mini.jpg --> www.footstools.de /images stoffe-mini.jpg
2013.04.17 14:47 B D:\Tiger\Auftr‰ge\Goldmann-Footstools\www-2013\images\monogramm-mini.jpg --> www.footstools.de /images monogramm-mini.jpg
2013.04.17 14:47 B D:\Tiger\Auftr‰ge\Goldmann-Footstools\www-2013\images\country-mini.jpg --> www.footstools.de /images country-mini.jpg
