2009.04.03 10:44 B D:\Tiger\Auftrõge\footstools\www\stoffe\rot\allegra.html --> nordseiten.de /www/kunden/goldmann/stoffe/rot allegra.html
2009.04.03 10:44 B D:\Tiger\Auftrõge\footstools\www\stoffe\rot\angeldust.html --> nordseiten.de /www/kunden/goldmann/stoffe/rot angeldust.html
2009.04.03 10:44 B D:\Tiger\Auftrõge\footstools\www\stoffe\rot\animalpark.html --> nordseiten.de /www/kunden/goldmann/stoffe/rot animalpark.html
2009.04.03 10:44 B D:\Tiger\Auftrõge\footstools\www\stoffe\rot\chinasilk.html --> nordseiten.de /www/kunden/goldmann/stoffe/rot chinasilk.html
2009.04.03 10:44 B D:\Tiger\Auftrõge\footstools\www\stoffe\rot\dianashuntterra.html --> nordseiten.de /www/kunden/goldmann/stoffe/rot dianashuntterra.html
2009.04.03 10:44 B D:\Tiger\Auftrõge\footstools\www\stoffe\rot\fontane.html --> nordseiten.de /www/kunden/goldmann/stoffe/rot fontane.html
2009.04.03 10:44 B D:\Tiger\Auftrõge\footstools\www\stoffe\rot\hamilton.html --> nordseiten.de /www/kunden/goldmann/stoffe/rot hamilton.html
2009.04.03 10:44 B D:\Tiger\Auftrõge\footstools\www\stoffe\rot\summerday.html --> nordseiten.de /www/kunden/goldmann/stoffe/rot summerday.html
2009.04.03 10:44 B D:\Tiger\Auftrõge\footstools\www\stoffe\rot\SV-bologna.html --> nordseiten.de /www/kunden/goldmann/stoffe/rot SV-bologna.html
2009.04.03 10:44 B D:\Tiger\Auftrõge\footstools\www\stoffe\rot\vorlage-einzelstoff.html --> nordseiten.de /www/kunden/goldmann/stoffe/rot vorlage-einzelstoff.html
2009.04.03 10:44 B D:\Tiger\Auftrõge\footstools\www\stoffe\rot\williamsburg.html --> nordseiten.de /www/kunden/goldmann/stoffe/rot williamsburg.html
2009.04.03 10:44 B D:\Tiger\Auftrõge\footstools\www\stoffe\rot\willoamsburg.html --> nordseiten.de /www/kunden/goldmann/stoffe/rot willoamsburg.html
2009.04.04 09:58 B D:\Tiger\Auftrõge\footstools\www\stoffe\rot\WS_FTP.LOG --> nordseiten.de /www/kunden/goldmann/stoffe/rot WS_FTP.LOG
2009.04.06 17:12 B D:\Tiger\Auftrõge\footstools\www\stoffe\rot\WS_FTP.LOG --> nordseiten.de /www/kunden/goldmann/stoffe/rot WS_FTP.LOG
2009.04.15 09:40 B D:\Tiger\Auftrõge\footstools\www\stoffe\rot\allegra.html --> www.footstools.de /stoffe/rot allegra.html
2009.04.15 09:41 B D:\Tiger\Auftrõge\footstools\www\stoffe\rot\angeldust.html --> www.footstools.de /stoffe/rot angeldust.html
2009.04.15 09:41 B D:\Tiger\Auftrõge\footstools\www\stoffe\rot\animalpark.html --> www.footstools.de /stoffe/rot animalpark.html
2009.04.15 09:41 B D:\Tiger\Auftrõge\footstools\www\stoffe\rot\chinasilk.html --> www.footstools.de /stoffe/rot chinasilk.html
2009.04.15 09:41 B D:\Tiger\Auftrõge\footstools\www\stoffe\rot\dianashuntterra.html --> www.footstools.de /stoffe/rot dianashuntterra.html
2009.04.15 09:41 B D:\Tiger\Auftrõge\footstools\www\stoffe\rot\fontane.html --> www.footstools.de /stoffe/rot fontane.html
2009.04.15 09:41 B D:\Tiger\Auftrõge\footstools\www\stoffe\rot\hamilton.html --> www.footstools.de /stoffe/rot hamilton.html
2009.04.15 09:41 B D:\Tiger\Auftrõge\footstools\www\stoffe\rot\summerday.html --> www.footstools.de /stoffe/rot summerday.html
2009.04.15 09:41 B D:\Tiger\Auftrõge\footstools\www\stoffe\rot\SV-bologna.html --> www.footstools.de /stoffe/rot SV-bologna.html
2009.04.15 09:41 B D:\Tiger\Auftrõge\footstools\www\stoffe\rot\vorlage-einzelstoff.html --> www.footstools.de /stoffe/rot vorlage-einzelstoff.html
2009.04.15 09:41 B D:\Tiger\Auftrõge\footstools\www\stoffe\rot\williamsburg.html --> www.footstools.de /stoffe/rot williamsburg.html
2009.04.15 09:41 B D:\Tiger\Auftrõge\footstools\www\stoffe\rot\willoamsburg.html --> www.footstools.de /stoffe/rot willoamsburg.html
2013.04.02 17:24 B D:\Tiger\Auftrõge\Footstools\stoffe\rot\WS_FTP.LOG <-- Footstools /stoffe/rot WS_FTP.LOG
2013.04.02 17:24 B D:\Tiger\Auftrõge\Footstools\stoffe\rot\zelda.html <-- Footstools /stoffe/rot zelda.html
2013.04.02 17:24 B D:\Tiger\Auftrõge\Footstools\stoffe\rot\Zita.html <-- Footstools /stoffe/rot Zita.html
2013.04.17 14:28 B D:\Tiger\Auftrõge\Goldmann-Footstools\www-2013\stoffe\rot\Adobe.html --> www.footstools.de /stoffe/rot Adobe.html
2013.04.17 14:29 B D:\Tiger\Auftrõge\Goldmann-Footstools\www-2013\stoffe\rot\alfonso.html --> www.footstools.de /stoffe/rot alfonso.html
2013.04.17 14:29 B D:\Tiger\Auftrõge\Goldmann-Footstools\www-2013\stoffe\rot\angeldust.html --> www.footstools.de /stoffe/rot angeldust.html
2013.04.17 14:29 B D:\Tiger\Auftrõge\Goldmann-Footstools\www-2013\stoffe\rot\bel_burgundy.html --> www.footstools.de /stoffe/rot bel_burgundy.html
2013.04.17 14:29 B D:\Tiger\Auftrõge\Goldmann-Footstools\www-2013\stoffe\rot\best_friends_gallery_red.html --> www.footstools.de /stoffe/rot best_friends_gallery_red.html
2013.04.17 14:29 B D:\Tiger\Auftrõge\Goldmann-Footstools\www-2013\stoffe\rot\burgundy.html --> www.footstools.de /stoffe/rot burgundy.html
2013.04.17 14:29 B D:\Tiger\Auftrõge\Goldmann-Footstools\www-2013\stoffe\rot\catherine.html --> www.footstools.de /stoffe/rot catherine.html
2013.04.17 14:29 B D:\Tiger\Auftrõge\Goldmann-Footstools\www-2013\stoffe\rot\cranberry_toile.html --> www.footstools.de /stoffe/rot cranberry_toile.html
2013.04.17 14:29 B D:\Tiger\Auftrõge\Goldmann-Footstools\www-2013\stoffe\rot\dianashuntterra.html --> www.footstools.de /stoffe/rot dianashuntterra.html
2013.04.17 14:29 B D:\Tiger\Auftrõge\Goldmann-Footstools\www-2013\stoffe\rot\enrique.html --> www.footstools.de /stoffe/rot enrique.html
2013.04.17 14:29 B D:\Tiger\Auftrõge\Goldmann-Footstools\www-2013\stoffe\rot\erika.html --> www.footstools.de /stoffe/rot erika.html
2013.04.17 14:29 B D:\Tiger\Auftrõge\Goldmann-Footstools\www-2013\stoffe\rot\golfing_pleasure.html --> www.footstools.de /stoffe/rot golfing_pleasure.html
2013.04.17 14:29 B D:\Tiger\Auftrõge\Goldmann-Footstools\www-2013\stoffe\rot\manu.html --> www.footstools.de /stoffe/rot manu.html
2013.04.17 14:29 B D:\Tiger\Auftrõge\Goldmann-Footstools\www-2013\stoffe\rot\mathilda.html --> www.footstools.de /stoffe/rot mathilda.html
2013.04.17 14:29 B D:\Tiger\Auftrõge\Goldmann-Footstools\www-2013\stoffe\rot\mondi.html --> www.footstools.de /stoffe/rot mondi.html
2013.04.17 14:29 B D:\Tiger\Auftrõge\Goldmann-Footstools\www-2013\stoffe\rot\mops.html --> www.footstools.de /stoffe/rot mops.html
2013.04.17 14:29 B D:\Tiger\Auftrõge\Goldmann-Footstools\www-2013\stoffe\rot\oldindia_rot.html --> www.footstools.de /stoffe/rot oldindia_rot.html
2013.04.17 14:29 B D:\Tiger\Auftrõge\Goldmann-Footstools\www-2013\stoffe\rot\pheasants.html --> www.footstools.de /stoffe/rot pheasants.html
2013.04.17 14:29 B D:\Tiger\Auftrõge\Goldmann-Footstools\www-2013\stoffe\rot\red_coral.html --> www.footstools.de /stoffe/rot red_coral.html
2013.04.17 14:29 B D:\Tiger\Auftrõge\Goldmann-Footstools\www-2013\stoffe\rot\red_regina.html --> www.footstools.de /stoffe/rot red_regina.html
2013.04.17 14:29 B D:\Tiger\Auftrõge\Goldmann-Footstools\www-2013\stoffe\rot\red_sea.html --> www.footstools.de /stoffe/rot red_sea.html
2013.04.17 14:29 B D:\Tiger\Auftrõge\Goldmann-Footstools\www-2013\stoffe\rot\redrider.html --> www.footstools.de /stoffe/rot redrider.html
2013.04.17 14:29 B D:\Tiger\Auftrõge\Goldmann-Footstools\www-2013\stoffe\rot\roma.html --> www.footstools.de /stoffe/rot roma.html
2013.04.17 14:29 B D:\Tiger\Auftrõge\Goldmann-Footstools\www-2013\stoffe\rot\rosalie.html --> www.footstools.de /stoffe/rot rosalie.html
2013.04.17 14:29 B D:\Tiger\Auftrõge\Goldmann-Footstools\www-2013\stoffe\rot\royal_stripe.html --> www.footstools.de /stoffe/rot royal_stripe.html
2013.04.17 14:29 B D:\Tiger\Auftrõge\Goldmann-Footstools\www-2013\stoffe\rot\salmon_stripe.html --> www.footstools.de /stoffe/rot salmon_stripe.html
2013.04.17 14:29 B D:\Tiger\Auftrõge\Goldmann-Footstools\www-2013\stoffe\rot\samoa.html --> www.footstools.de /stoffe/rot samoa.html
2013.04.17 14:30 B D:\Tiger\Auftrõge\Goldmann-Footstools\www-2013\stoffe\rot\scotty_und_co.html --> www.footstools.de /stoffe/rot scotty_und_co.html
2013.04.17 14:30 B D:\Tiger\Auftrõge\Goldmann-Footstools\www-2013\stoffe\rot\SV-bologna.html --> www.footstools.de /stoffe/rot SV-bologna.html
2013.04.17 14:30 B D:\Tiger\Auftrõge\Goldmann-Footstools\www-2013\stoffe\rot\terra_lachs.html --> www.footstools.de /stoffe/rot terra_lachs.html
2013.04.17 14:30 B D:\Tiger\Auftrõge\Goldmann-Footstools\www-2013\stoffe\rot\terra_palms.html --> www.footstools.de /stoffe/rot terra_palms.html
2013.04.17 14:30 B D:\Tiger\Auftrõge\Goldmann-Footstools\www-2013\stoffe\rot\velvet_cord.html --> www.footstools.de /stoffe/rot velvet_cord.html
2013.04.17 14:30 B D:\Tiger\Auftrõge\Goldmann-Footstools\www-2013\stoffe\rot\vermont.html --> www.footstools.de /stoffe/rot vermont.html
2013.04.17 14:30 B D:\Tiger\Auftrõge\Goldmann-Footstools\www-2013\stoffe\rot\vorlage-einzelstoff.html --> www.footstools.de /stoffe/rot vorlage-einzelstoff.html
2013.04.17 14:30 B D:\Tiger\Auftrõge\Goldmann-Footstools\www-2013\stoffe\rot\williamsburg.html --> www.footstools.de /stoffe/rot williamsburg.html
2013.04.17 14:30 B D:\Tiger\Auftrõge\Goldmann-Footstools\www-2013\stoffe\rot\willoamsburg.html --> www.footstools.de /stoffe/rot willoamsburg.html
2013.04.17 14:30 B D:\Tiger\Auftrõge\Goldmann-Footstools\www-2013\stoffe\rot\WS_FTP.LOG --> www.footstools.de /stoffe/rot WS_FTP.LOG
2013.04.17 14:30 B D:\Tiger\Auftrõge\Goldmann-Footstools\www-2013\stoffe\rot\zelda.html --> www.footstools.de /stoffe/rot zelda.html
2013.04.17 14:30 B D:\Tiger\Auftrõge\Goldmann-Footstools\www-2013\stoffe\rot\Zita.html --> www.footstools.de /stoffe/rot Zita.html
