2013.04.02 17:22 B D:\Tiger\Aufträge\Footstools\stoffe\jagd\aberdeen.html <-- Footstools /stoffe/jagd aberdeen.html
2013.04.02 17:22 B D:\Tiger\Aufträge\Footstools\stoffe\jagd\alexandria.html <-- Footstools /stoffe/jagd alexandria.html
2013.04.02 17:22 B D:\Tiger\Aufträge\Footstools\stoffe\jagd\algiers.html <-- Footstools /stoffe/jagd algiers.html
2013.04.02 17:22 B D:\Tiger\Aufträge\Footstools\stoffe\jagd\allinthecards.html <-- Footstools /stoffe/jagd allinthecards.html
2013.04.02 17:22 B D:\Tiger\Aufträge\Footstools\stoffe\jagd\amelie.html <-- Footstools /stoffe/jagd amelie.html
2013.04.02 17:22 B D:\Tiger\Aufträge\Footstools\stoffe\jagd\animal_kingdom.html <-- Footstools /stoffe/jagd animal_kingdom.html
2013.04.02 17:22 B D:\Tiger\Aufträge\Footstools\stoffe\jagd\annabelle.html <-- Footstools /stoffe/jagd annabelle.html
2013.04.02 17:23 B D:\Tiger\Aufträge\Footstools\stoffe\jagd\Apassionata.html <-- Footstools /stoffe/jagd Apassionata.html
2013.04.02 17:23 B D:\Tiger\Aufträge\Footstools\stoffe\jagd\aqua_antique.html <-- Footstools /stoffe/jagd aqua_antique.html
2013.04.02 17:23 B D:\Tiger\Aufträge\Footstools\stoffe\jagd\ariella.html <-- Footstools /stoffe/jagd ariella.html
2013.04.02 17:23 B D:\Tiger\Aufträge\Footstools\stoffe\jagd\ariola.html <-- Footstools /stoffe/jagd ariola.html
2013.04.02 17:23 B D:\Tiger\Aufträge\Footstools\stoffe\jagd\asiannoblesse.html <-- Footstools /stoffe/jagd asiannoblesse.html
2013.04.02 17:23 B D:\Tiger\Aufträge\Footstools\stoffe\jagd\athena.html <-- Footstools /stoffe/jagd athena.html
2013.04.02 17:23 B D:\Tiger\Aufträge\Footstools\stoffe\jagd\avignon.html <-- Footstools /stoffe/jagd avignon.html
2013.04.02 17:23 B D:\Tiger\Aufträge\Footstools\stoffe\jagd\bananarama.html <-- Footstools /stoffe/jagd bananarama.html
2013.04.02 17:23 B D:\Tiger\Aufträge\Footstools\stoffe\jagd\bananarama_vanilla.html <-- Footstools /stoffe/jagd bananarama_vanilla.html
2013.04.02 17:23 B D:\Tiger\Aufträge\Footstools\stoffe\jagd\bananaramaXL.html <-- Footstools /stoffe/jagd bananaramaXL.html
2013.04.02 17:23 B D:\Tiger\Aufträge\Footstools\stoffe\jagd\bertrand.html <-- Footstools /stoffe/jagd bertrand.html
2013.04.02 17:23 B D:\Tiger\Aufträge\Footstools\stoffe\jagd\bestfriends.html <-- Footstools /stoffe/jagd bestfriends.html
2013.04.02 17:23 B D:\Tiger\Aufträge\Footstools\stoffe\jagd\blairgarden.html <-- Footstools /stoffe/jagd blairgarden.html
2013.04.02 17:23 B D:\Tiger\Aufträge\Footstools\stoffe\jagd\blue_wine.html <-- Footstools /stoffe/jagd blue_wine.html
2013.04.02 17:23 B D:\Tiger\Aufträge\Footstools\stoffe\jagd\boston.html <-- Footstools /stoffe/jagd boston.html
2013.04.02 17:23 B D:\Tiger\Aufträge\Footstools\stoffe\jagd\caesar.html <-- Footstools /stoffe/jagd caesar.html
2013.04.02 17:23 B D:\Tiger\Aufträge\Footstools\stoffe\jagd\ceylon.html <-- Footstools /stoffe/jagd ceylon.html
2013.04.02 17:23 B D:\Tiger\Aufträge\Footstools\stoffe\jagd\chucky.html <-- Footstools /stoffe/jagd chucky.html
2013.04.02 17:23 B D:\Tiger\Aufträge\Footstools\stoffe\jagd\country_glory.html <-- Footstools /stoffe/jagd country_glory.html
2013.04.02 17:23 B D:\Tiger\Aufträge\Footstools\stoffe\jagd\country_rose.html <-- Footstools /stoffe/jagd country_rose.html
2013.04.02 17:23 B D:\Tiger\Aufträge\Footstools\stoffe\jagd\countrychicken.html <-- Footstools /stoffe/jagd countrychicken.html
2013.04.02 17:23 B D:\Tiger\Aufträge\Footstools\stoffe\jagd\countryfair.html <-- Footstools /stoffe/jagd countryfair.html
2013.04.02 17:23 B D:\Tiger\Aufträge\Footstools\stoffe\jagd\countryhill.html <-- Footstools /stoffe/jagd countryhill.html
2013.04.02 17:23 B D:\Tiger\Aufträge\Footstools\stoffe\jagd\DALIAN.html <-- Footstools /stoffe/jagd DALIAN.html
2013.04.02 17:23 B D:\Tiger\Aufträge\Footstools\stoffe\jagd\dianas-hunt-blue.html <-- Footstools /stoffe/jagd dianas-hunt-blue.html
2013.04.02 17:23 B D:\Tiger\Aufträge\Footstools\stoffe\jagd\duckhunt.html <-- Footstools /stoffe/jagd duckhunt.html
2013.04.02 17:23 B D:\Tiger\Aufträge\Footstools\stoffe\jagd\dura_the_hunt.html <-- Footstools /stoffe/jagd dura_the_hunt.html
2013.04.02 17:23 B D:\Tiger\Aufträge\Footstools\stoffe\jagd\eden.html <-- Footstools /stoffe/jagd eden.html
2013.04.02 17:23 B D:\Tiger\Aufträge\Footstools\stoffe\jagd\eleonor.html <-- Footstools /stoffe/jagd eleonor.html
2013.04.02 17:23 B D:\Tiger\Aufträge\Footstools\stoffe\jagd\elephantWalk.html <-- Footstools /stoffe/jagd elephantWalk.html
2013.04.02 17:23 B D:\Tiger\Aufträge\Footstools\stoffe\jagd\emma.html <-- Footstools /stoffe/jagd emma.html
2013.04.02 17:23 B D:\Tiger\Aufträge\Footstools\stoffe\jagd\exquisa.html <-- Footstools /stoffe/jagd exquisa.html
2013.04.02 17:23 B D:\Tiger\Aufträge\Footstools\stoffe\jagd\farmlife.html <-- Footstools /stoffe/jagd farmlife.html
2013.04.02 17:23 B D:\Tiger\Aufträge\Footstools\stoffe\jagd\FEDORA.html <-- Footstools /stoffe/jagd FEDORA.html
2013.04.02 17:23 B D:\Tiger\Aufträge\Footstools\stoffe\jagd\florentine.html <-- Footstools /stoffe/jagd florentine.html
2013.04.02 17:23 B D:\Tiger\Aufträge\Footstools\stoffe\jagd\forest-life.html <-- Footstools /stoffe/jagd forest-life.html
2013.04.02 17:23 B D:\Tiger\Aufträge\Footstools\stoffe\jagd\forest_green.html <-- Footstools /stoffe/jagd forest_green.html
2013.04.02 17:23 B D:\Tiger\Aufträge\Footstools\stoffe\jagd\funandgames.html <-- Footstools /stoffe/jagd funandgames.html
2013.04.02 17:23 B D:\Tiger\Aufträge\Footstools\stoffe\jagd\ginger.html <-- Footstools /stoffe/jagd ginger.html
2013.04.02 17:23 B D:\Tiger\Aufträge\Footstools\stoffe\jagd\gizeh.html <-- Footstools /stoffe/jagd gizeh.html
2013.04.02 17:23 B D:\Tiger\Aufträge\Footstools\stoffe\jagd\hochzeitsfarn.html <-- Footstools /stoffe/jagd hochzeitsfarn.html
2013.04.02 17:23 B D:\Tiger\Aufträge\Footstools\stoffe\jagd\hubertus-rot.html <-- Footstools /stoffe/jagd hubertus-rot.html
2013.04.02 17:23 B D:\Tiger\Aufträge\Footstools\stoffe\jagd\hubertus.html <-- Footstools /stoffe/jagd hubertus.html
2013.04.02 17:23 B D:\Tiger\Aufträge\Footstools\stoffe\jagd\hunters_row.html <-- Footstools /stoffe/jagd hunters_row.html
2013.04.02 17:23 B D:\Tiger\Aufträge\Footstools\stoffe\jagd\hunting_green.html <-- Footstools /stoffe/jagd hunting_green.html
2013.04.02 17:23 B D:\Tiger\Aufträge\Footstools\stoffe\jagd\hunting_pal.html <-- Footstools /stoffe/jagd hunting_pal.html
2013.04.02 17:23 B D:\Tiger\Aufträge\Footstools\stoffe\jagd\jungle_silk.html <-- Footstools /stoffe/jagd jungle_silk.html
2013.04.02 17:23 B D:\Tiger\Aufträge\Footstools\stoffe\jagd\kawaii.html <-- Footstools /stoffe/jagd kawaii.html
2013.04.02 17:23 B D:\Tiger\Aufträge\Footstools\stoffe\jagd\leopard.html <-- Footstools /stoffe/jagd leopard.html
2013.04.02 17:23 B D:\Tiger\Aufträge\Footstools\stoffe\jagd\lighthouse.html <-- Footstools /stoffe/jagd lighthouse.html
2013.04.02 17:23 B D:\Tiger\Aufträge\Footstools\stoffe\jagd\lorenzo.html <-- Footstools /stoffe/jagd lorenzo.html
2013.04.02 17:23 B D:\Tiger\Aufträge\Footstools\stoffe\jagd\lucy.html <-- Footstools /stoffe/jagd lucy.html
2013.04.02 17:23 B D:\Tiger\Aufträge\Footstools\stoffe\jagd\luneville.html <-- Footstools /stoffe/jagd luneville.html
2013.04.02 17:23 B D:\Tiger\Aufträge\Footstools\stoffe\jagd\macao.html <-- Footstools /stoffe/jagd macao.html
2013.04.02 17:23 B D:\Tiger\Aufträge\Footstools\stoffe\jagd\madeira.html <-- Footstools /stoffe/jagd madeira.html
2013.04.02 17:23 B D:\Tiger\Aufträge\Footstools\stoffe\jagd\maigloeckchen.html <-- Footstools /stoffe/jagd maigloeckchen.html
2013.04.02 17:23 B D:\Tiger\Aufträge\Footstools\stoffe\jagd\mainau.html <-- Footstools /stoffe/jagd mainau.html
2013.04.02 17:23 B D:\Tiger\Aufträge\Footstools\stoffe\jagd\mandarin-grey.html <-- Footstools /stoffe/jagd mandarin-grey.html
2013.04.02 17:23 B D:\Tiger\Aufträge\Footstools\stoffe\jagd\Mauii.html <-- Footstools /stoffe/jagd Mauii.html
2013.04.02 17:23 B D:\Tiger\Aufträge\Footstools\stoffe\jagd\midas.html <-- Footstools /stoffe/jagd midas.html
2013.04.02 17:23 B D:\Tiger\Aufträge\Footstools\stoffe\jagd\nancy.html <-- Footstools /stoffe/jagd nancy.html
2013.04.02 17:23 B D:\Tiger\Aufträge\Footstools\stoffe\jagd\oldindiadark.html <-- Footstools /stoffe/jagd oldindiadark.html
2013.04.02 17:23 B D:\Tiger\Aufträge\Footstools\stoffe\jagd\orient_royal.html <-- Footstools /stoffe/jagd orient_royal.html
2013.04.02 17:23 B D:\Tiger\Aufträge\Footstools\stoffe\jagd\oslo.html <-- Footstools /stoffe/jagd oslo.html
2013.04.02 17:23 B D:\Tiger\Aufträge\Footstools\stoffe\jagd\pagodia.html <-- Footstools /stoffe/jagd pagodia.html
2013.04.02 17:23 B D:\Tiger\Aufträge\Footstools\stoffe\jagd\paradise_cove.html <-- Footstools /stoffe/jagd paradise_cove.html
2013.04.02 17:23 B D:\Tiger\Aufträge\Footstools\stoffe\jagd\perfect_paisly.html <-- Footstools /stoffe/jagd perfect_paisly.html
2013.04.02 17:23 B D:\Tiger\Aufträge\Footstools\stoffe\jagd\petrol_stripe.html <-- Footstools /stoffe/jagd petrol_stripe.html
2013.04.02 17:23 B D:\Tiger\Aufträge\Footstools\stoffe\jagd\piccadilly.html <-- Footstools /stoffe/jagd piccadilly.html
2013.04.02 17:23 B D:\Tiger\Aufträge\Footstools\stoffe\jagd\roma.html <-- Footstools /stoffe/jagd roma.html
2013.04.02 17:23 B D:\Tiger\Aufträge\Footstools\stoffe\jagd\safari.html <-- Footstools /stoffe/jagd safari.html
2013.04.02 17:23 B D:\Tiger\Aufträge\Footstools\stoffe\jagd\sailing.html <-- Footstools /stoffe/jagd sailing.html
2013.04.02 17:23 B D:\Tiger\Aufträge\Footstools\stoffe\jagd\savoy.html <-- Footstools /stoffe/jagd savoy.html
2013.04.02 17:23 B D:\Tiger\Aufträge\Footstools\stoffe\jagd\scotch.html <-- Footstools /stoffe/jagd scotch.html
2013.04.02 17:23 B D:\Tiger\Aufträge\Footstools\stoffe\jagd\seagull.html <-- Footstools /stoffe/jagd seagull.html
2013.04.02 17:23 B D:\Tiger\Aufträge\Footstools\stoffe\jagd\sentennial.html <-- Footstools /stoffe/jagd sentennial.html
2013.04.02 17:23 B D:\Tiger\Aufträge\Footstools\stoffe\jagd\sentennial_blauisch.html <-- Footstools /stoffe/jagd sentennial_blauisch.html
2013.04.02 17:23 B D:\Tiger\Aufträge\Footstools\stoffe\jagd\ship_ahoi_blue.html <-- Footstools /stoffe/jagd ship_ahoi_blue.html
2013.04.02 17:23 B D:\Tiger\Aufträge\Footstools\stoffe\jagd\ship_ahoi_brown.html <-- Footstools /stoffe/jagd ship_ahoi_brown.html
2013.04.02 17:23 B D:\Tiger\Aufträge\Footstools\stoffe\jagd\siamhoney.html <-- Footstools /stoffe/jagd siamhoney.html
2013.04.02 17:23 B D:\Tiger\Aufträge\Footstools\stoffe\jagd\silk-in-green.html <-- Footstools /stoffe/jagd silk-in-green.html
2013.04.02 17:23 B D:\Tiger\Aufträge\Footstools\stoffe\jagd\simba.html <-- Footstools /stoffe/jagd simba.html
2013.04.02 17:23 B D:\Tiger\Aufträge\Footstools\stoffe\jagd\spring-bouquet.html <-- Footstools /stoffe/jagd spring-bouquet.html
2013.04.02 17:23 B D:\Tiger\Aufträge\Footstools\stoffe\jagd\springwine.html <-- Footstools /stoffe/jagd springwine.html
2013.04.02 17:23 B D:\Tiger\Aufträge\Footstools\stoffe\jagd\stella.html <-- Footstools /stoffe/jagd stella.html
2013.04.02 17:23 B D:\Tiger\Aufträge\Footstools\stoffe\jagd\swedish_country.html <-- Footstools /stoffe/jagd swedish_country.html
2013.04.02 17:23 B D:\Tiger\Aufträge\Footstools\stoffe\jagd\tigertiger.html <-- Footstools /stoffe/jagd tigertiger.html
2013.04.02 17:23 B D:\Tiger\Aufträge\Footstools\stoffe\jagd\tigertiger_klein.jpg <-- Footstools /stoffe/jagd tigertiger_klein.jpg
2013.04.02 17:23 B D:\Tiger\Aufträge\Footstools\stoffe\jagd\trave.html <-- Footstools /stoffe/jagd trave.html
2013.04.02 17:23 B D:\Tiger\Aufträge\Footstools\stoffe\jagd\trinidad.html <-- Footstools /stoffe/jagd trinidad.html
2013.04.02 17:23 B D:\Tiger\Aufträge\Footstools\stoffe\jagd\VERDE_SILK.html <-- Footstools /stoffe/jagd VERDE_SILK.html
2013.04.02 17:23 B D:\Tiger\Aufträge\Footstools\stoffe\jagd\vorlage-einzelstoff.html <-- Footstools /stoffe/jagd vorlage-einzelstoff.html
2013.04.02 17:23 B D:\Tiger\Aufträge\Footstools\stoffe\jagd\wild_cats.html <-- Footstools /stoffe/jagd wild_cats.html
2013.04.02 17:23 B D:\Tiger\Aufträge\Footstools\stoffe\jagd\zairee.html <-- Footstools /stoffe/jagd zairee.html
2013.04.02 17:23 B D:\Tiger\Aufträge\Footstools\stoffe\jagd\zita.html <-- Footstools /stoffe/jagd zita.html
2013.04.17 14:20 B D:\Tiger\Aufträge\Goldmann-Footstools\www-2013\stoffe\jagd\aberdeen.html --> www.footstools.de /stoffe/jagd aberdeen.html
2013.04.17 14:20 B D:\Tiger\Aufträge\Goldmann-Footstools\www-2013\stoffe\jagd\algiers.html --> www.footstools.de /stoffe/jagd algiers.html
2013.04.17 14:20 B D:\Tiger\Aufträge\Goldmann-Footstools\www-2013\stoffe\jagd\allinthecards.html --> www.footstools.de /stoffe/jagd allinthecards.html
2013.04.17 14:20 B D:\Tiger\Aufträge\Goldmann-Footstools\www-2013\stoffe\jagd\animal_kingdom.html --> www.footstools.de /stoffe/jagd animal_kingdom.html
2013.04.17 14:20 B D:\Tiger\Aufträge\Goldmann-Footstools\www-2013\stoffe\jagd\annabelle.html --> www.footstools.de /stoffe/jagd annabelle.html
2013.04.17 14:20 B D:\Tiger\Aufträge\Goldmann-Footstools\www-2013\stoffe\jagd\Apassionata.html --> www.footstools.de /stoffe/jagd Apassionata.html
2013.04.17 14:20 B D:\Tiger\Aufträge\Goldmann-Footstools\www-2013\stoffe\jagd\aqua_antique.html --> www.footstools.de /stoffe/jagd aqua_antique.html
2013.04.17 14:20 B D:\Tiger\Aufträge\Goldmann-Footstools\www-2013\stoffe\jagd\ariella.html --> www.footstools.de /stoffe/jagd ariella.html
2013.04.17 14:20 B D:\Tiger\Aufträge\Goldmann-Footstools\www-2013\stoffe\jagd\ariola.html --> www.footstools.de /stoffe/jagd ariola.html
2013.04.17 14:20 B D:\Tiger\Aufträge\Goldmann-Footstools\www-2013\stoffe\jagd\athena.html --> www.footstools.de /stoffe/jagd athena.html
2013.04.17 14:20 B D:\Tiger\Aufträge\Goldmann-Footstools\www-2013\stoffe\jagd\avignon.html --> www.footstools.de /stoffe/jagd avignon.html
2013.04.17 14:20 B D:\Tiger\Aufträge\Goldmann-Footstools\www-2013\stoffe\jagd\bananarama.html --> www.footstools.de /stoffe/jagd bananarama.html
2013.04.17 14:20 B D:\Tiger\Aufträge\Goldmann-Footstools\www-2013\stoffe\jagd\bananarama_vanilla.html --> www.footstools.de /stoffe/jagd bananarama_vanilla.html
2013.04.17 14:20 B D:\Tiger\Aufträge\Goldmann-Footstools\www-2013\stoffe\jagd\bananaramaXL.html --> www.footstools.de /stoffe/jagd bananaramaXL.html
2013.04.17 14:20 B D:\Tiger\Aufträge\Goldmann-Footstools\www-2013\stoffe\jagd\bertrand.html --> www.footstools.de /stoffe/jagd bertrand.html
2013.04.17 14:20 B D:\Tiger\Aufträge\Goldmann-Footstools\www-2013\stoffe\jagd\bestfriends.html --> www.footstools.de /stoffe/jagd bestfriends.html
2013.04.17 14:21 B D:\Tiger\Aufträge\Goldmann-Footstools\www-2013\stoffe\jagd\blairgarden.html --> www.footstools.de /stoffe/jagd blairgarden.html
2013.04.17 14:21 B D:\Tiger\Aufträge\Goldmann-Footstools\www-2013\stoffe\jagd\blue_wine.html --> www.footstools.de /stoffe/jagd blue_wine.html
2013.04.17 14:21 B D:\Tiger\Aufträge\Goldmann-Footstools\www-2013\stoffe\jagd\boston.html --> www.footstools.de /stoffe/jagd boston.html
2013.04.17 14:21 B D:\Tiger\Aufträge\Goldmann-Footstools\www-2013\stoffe\jagd\caesar.html --> www.footstools.de /stoffe/jagd caesar.html
2013.04.17 14:21 B D:\Tiger\Aufträge\Goldmann-Footstools\www-2013\stoffe\jagd\ceylon.html --> www.footstools.de /stoffe/jagd ceylon.html
2013.04.17 14:21 B D:\Tiger\Aufträge\Goldmann-Footstools\www-2013\stoffe\jagd\chucky.html --> www.footstools.de /stoffe/jagd chucky.html
2013.04.17 14:21 B D:\Tiger\Aufträge\Goldmann-Footstools\www-2013\stoffe\jagd\country_glory.html --> www.footstools.de /stoffe/jagd country_glory.html
2013.04.17 14:21 B D:\Tiger\Aufträge\Goldmann-Footstools\www-2013\stoffe\jagd\country_rose.html --> www.footstools.de /stoffe/jagd country_rose.html
2013.04.17 14:21 B D:\Tiger\Aufträge\Goldmann-Footstools\www-2013\stoffe\jagd\countrychicken.html --> www.footstools.de /stoffe/jagd countrychicken.html
2013.04.17 14:21 B D:\Tiger\Aufträge\Goldmann-Footstools\www-2013\stoffe\jagd\countryfair.html --> www.footstools.de /stoffe/jagd countryfair.html
2013.04.17 14:21 B D:\Tiger\Aufträge\Goldmann-Footstools\www-2013\stoffe\jagd\countryhill.html --> www.footstools.de /stoffe/jagd countryhill.html
2013.04.17 14:21 B D:\Tiger\Aufträge\Goldmann-Footstools\www-2013\stoffe\jagd\DALIAN.html --> www.footstools.de /stoffe/jagd DALIAN.html
2013.04.17 14:21 B D:\Tiger\Aufträge\Goldmann-Footstools\www-2013\stoffe\jagd\dianas-hunt-blue.html --> www.footstools.de /stoffe/jagd dianas-hunt-blue.html
2013.04.17 14:21 B D:\Tiger\Aufträge\Goldmann-Footstools\www-2013\stoffe\jagd\duckhunt.html --> www.footstools.de /stoffe/jagd duckhunt.html
2013.04.17 14:21 B D:\Tiger\Aufträge\Goldmann-Footstools\www-2013\stoffe\jagd\dura_the_hunt.html --> www.footstools.de /stoffe/jagd dura_the_hunt.html
2013.04.17 14:21 B D:\Tiger\Aufträge\Goldmann-Footstools\www-2013\stoffe\jagd\eden.html --> www.footstools.de /stoffe/jagd eden.html
2013.04.17 14:21 B D:\Tiger\Aufträge\Goldmann-Footstools\www-2013\stoffe\jagd\eleonor.html --> www.footstools.de /stoffe/jagd eleonor.html
2013.04.17 14:21 B D:\Tiger\Aufträge\Goldmann-Footstools\www-2013\stoffe\jagd\elephantWalk.html --> www.footstools.de /stoffe/jagd elephantWalk.html
2013.04.17 14:21 B D:\Tiger\Aufträge\Goldmann-Footstools\www-2013\stoffe\jagd\exquisa.html --> www.footstools.de /stoffe/jagd exquisa.html
2013.04.17 14:21 B D:\Tiger\Aufträge\Goldmann-Footstools\www-2013\stoffe\jagd\FEDORA.html --> www.footstools.de /stoffe/jagd FEDORA.html
2013.04.17 14:21 B D:\Tiger\Aufträge\Goldmann-Footstools\www-2013\stoffe\jagd\florentine.html --> www.footstools.de /stoffe/jagd florentine.html
2013.04.17 14:21 B D:\Tiger\Aufträge\Goldmann-Footstools\www-2013\stoffe\jagd\forest-life.html --> www.footstools.de /stoffe/jagd forest-life.html
2013.04.17 14:21 B D:\Tiger\Aufträge\Goldmann-Footstools\www-2013\stoffe\jagd\funandgames.html --> www.footstools.de /stoffe/jagd funandgames.html
2013.04.17 14:21 B D:\Tiger\Aufträge\Goldmann-Footstools\www-2013\stoffe\jagd\gizeh.html --> www.footstools.de /stoffe/jagd gizeh.html
2013.04.17 14:21 B D:\Tiger\Aufträge\Goldmann-Footstools\www-2013\stoffe\jagd\hochzeitsfarn.html --> www.footstools.de /stoffe/jagd hochzeitsfarn.html
2013.04.17 14:21 B D:\Tiger\Aufträge\Goldmann-Footstools\www-2013\stoffe\jagd\hubertus.html --> www.footstools.de /stoffe/jagd hubertus.html
2013.04.17 14:22 B D:\Tiger\Aufträge\Goldmann-Footstools\www-2013\stoffe\jagd\hunters_row.html --> www.footstools.de /stoffe/jagd hunters_row.html
2013.04.17 14:22 B D:\Tiger\Aufträge\Goldmann-Footstools\www-2013\stoffe\jagd\hunting_green.html --> www.footstools.de /stoffe/jagd hunting_green.html
2013.04.17 14:22 B D:\Tiger\Aufträge\Goldmann-Footstools\www-2013\stoffe\jagd\jungle_silk.html --> www.footstools.de /stoffe/jagd jungle_silk.html
2013.04.17 14:22 B D:\Tiger\Aufträge\Goldmann-Footstools\www-2013\stoffe\jagd\kawaii.html --> www.footstools.de /stoffe/jagd kawaii.html
2013.04.17 14:22 B D:\Tiger\Aufträge\Goldmann-Footstools\www-2013\stoffe\jagd\leopard.html --> www.footstools.de /stoffe/jagd leopard.html
2013.04.17 14:22 B D:\Tiger\Aufträge\Goldmann-Footstools\www-2013\stoffe\jagd\lighthouse.html --> www.footstools.de /stoffe/jagd lighthouse.html
2013.04.17 14:22 B D:\Tiger\Aufträge\Goldmann-Footstools\www-2013\stoffe\jagd\lorenzo.html --> www.footstools.de /stoffe/jagd lorenzo.html
2013.04.17 14:22 B D:\Tiger\Aufträge\Goldmann-Footstools\www-2013\stoffe\jagd\lucy.html --> www.footstools.de /stoffe/jagd lucy.html
2013.04.17 14:22 B D:\Tiger\Aufträge\Goldmann-Footstools\www-2013\stoffe\jagd\luneville.html --> www.footstools.de /stoffe/jagd luneville.html
2013.04.17 14:22 B D:\Tiger\Aufträge\Goldmann-Footstools\www-2013\stoffe\jagd\macao.html --> www.footstools.de /stoffe/jagd macao.html
2013.04.17 14:22 B D:\Tiger\Aufträge\Goldmann-Footstools\www-2013\stoffe\jagd\madeira.html --> www.footstools.de /stoffe/jagd madeira.html
2013.04.17 14:22 B D:\Tiger\Aufträge\Goldmann-Footstools\www-2013\stoffe\jagd\maigloeckchen.html --> www.footstools.de /stoffe/jagd maigloeckchen.html
2013.04.17 14:22 B D:\Tiger\Aufträge\Goldmann-Footstools\www-2013\stoffe\jagd\mainau.html --> www.footstools.de /stoffe/jagd mainau.html
2013.04.17 14:22 B D:\Tiger\Aufträge\Goldmann-Footstools\www-2013\stoffe\jagd\mandarin-grey.html --> www.footstools.de /stoffe/jagd mandarin-grey.html
2013.04.17 14:22 B D:\Tiger\Aufträge\Goldmann-Footstools\www-2013\stoffe\jagd\Mauii.html --> www.footstools.de /stoffe/jagd Mauii.html
2013.04.17 14:22 B D:\Tiger\Aufträge\Goldmann-Footstools\www-2013\stoffe\jagd\midas.html --> www.footstools.de /stoffe/jagd midas.html
2013.04.17 14:22 B D:\Tiger\Aufträge\Goldmann-Footstools\www-2013\stoffe\jagd\nancy.html --> www.footstools.de /stoffe/jagd nancy.html
2013.04.17 14:22 B D:\Tiger\Aufträge\Goldmann-Footstools\www-2013\stoffe\jagd\oldindiadark.html --> www.footstools.de /stoffe/jagd oldindiadark.html
2013.04.17 14:22 B D:\Tiger\Aufträge\Goldmann-Footstools\www-2013\stoffe\jagd\orient_royal.html --> www.footstools.de /stoffe/jagd orient_royal.html
2013.04.17 14:22 B D:\Tiger\Aufträge\Goldmann-Footstools\www-2013\stoffe\jagd\oslo.html --> www.footstools.de /stoffe/jagd oslo.html
2013.04.17 14:22 B D:\Tiger\Aufträge\Goldmann-Footstools\www-2013\stoffe\jagd\pagodia.html --> www.footstools.de /stoffe/jagd pagodia.html
2013.04.17 14:22 B D:\Tiger\Aufträge\Goldmann-Footstools\www-2013\stoffe\jagd\paradise_cove.html --> www.footstools.de /stoffe/jagd paradise_cove.html
2013.04.17 14:22 B D:\Tiger\Aufträge\Goldmann-Footstools\www-2013\stoffe\jagd\perfect_paisly.html --> www.footstools.de /stoffe/jagd perfect_paisly.html
2013.04.17 14:22 B D:\Tiger\Aufträge\Goldmann-Footstools\www-2013\stoffe\jagd\petrol_stripe.html --> www.footstools.de /stoffe/jagd petrol_stripe.html
2013.04.17 14:22 B D:\Tiger\Aufträge\Goldmann-Footstools\www-2013\stoffe\jagd\piccadilly.html --> www.footstools.de /stoffe/jagd piccadilly.html
2013.04.17 14:22 B D:\Tiger\Aufträge\Goldmann-Footstools\www-2013\stoffe\jagd\roma.html --> www.footstools.de /stoffe/jagd roma.html
2013.04.17 14:22 B D:\Tiger\Aufträge\Goldmann-Footstools\www-2013\stoffe\jagd\safari.html --> www.footstools.de /stoffe/jagd safari.html
2013.04.17 14:23 B D:\Tiger\Aufträge\Goldmann-Footstools\www-2013\stoffe\jagd\sailing.html --> www.footstools.de /stoffe/jagd sailing.html
2013.04.17 14:23 B D:\Tiger\Aufträge\Goldmann-Footstools\www-2013\stoffe\jagd\savoy.html --> www.footstools.de /stoffe/jagd savoy.html
2013.04.17 14:23 B D:\Tiger\Aufträge\Goldmann-Footstools\www-2013\stoffe\jagd\scotch.html --> www.footstools.de /stoffe/jagd scotch.html
2013.04.17 14:23 B D:\Tiger\Aufträge\Goldmann-Footstools\www-2013\stoffe\jagd\sentennial.html --> www.footstools.de /stoffe/jagd sentennial.html
2013.04.17 14:23 B D:\Tiger\Aufträge\Goldmann-Footstools\www-2013\stoffe\jagd\sentennial_blauisch.html --> www.footstools.de /stoffe/jagd sentennial_blauisch.html
2013.04.17 14:23 B D:\Tiger\Aufträge\Goldmann-Footstools\www-2013\stoffe\jagd\ship_ahoi_blue.html --> www.footstools.de /stoffe/jagd ship_ahoi_blue.html
2013.04.17 14:23 B D:\Tiger\Aufträge\Goldmann-Footstools\www-2013\stoffe\jagd\ship_ahoi_brown.html --> www.footstools.de /stoffe/jagd ship_ahoi_brown.html
2013.04.17 14:23 B D:\Tiger\Aufträge\Goldmann-Footstools\www-2013\stoffe\jagd\silk-in-green.html --> www.footstools.de /stoffe/jagd silk-in-green.html
2013.04.17 14:23 B D:\Tiger\Aufträge\Goldmann-Footstools\www-2013\stoffe\jagd\simba.html --> www.footstools.de /stoffe/jagd simba.html
2013.04.17 14:23 B D:\Tiger\Aufträge\Goldmann-Footstools\www-2013\stoffe\jagd\spring-bouquet.html --> www.footstools.de /stoffe/jagd spring-bouquet.html
2013.04.17 14:23 B D:\Tiger\Aufträge\Goldmann-Footstools\www-2013\stoffe\jagd\stella.html --> www.footstools.de /stoffe/jagd stella.html
2013.04.17 14:23 B D:\Tiger\Aufträge\Goldmann-Footstools\www-2013\stoffe\jagd\swedish_country.html --> www.footstools.de /stoffe/jagd swedish_country.html
2013.04.17 14:23 B D:\Tiger\Aufträge\Goldmann-Footstools\www-2013\stoffe\jagd\Thumbs.db --> www.footstools.de /stoffe/jagd Thumbs.db
2013.04.17 14:23 B D:\Tiger\Aufträge\Goldmann-Footstools\www-2013\stoffe\jagd\trave.html --> www.footstools.de /stoffe/jagd trave.html
2013.04.17 14:23 B D:\Tiger\Aufträge\Goldmann-Footstools\www-2013\stoffe\jagd\trinidad.html --> www.footstools.de /stoffe/jagd trinidad.html
2013.04.17 14:23 B D:\Tiger\Aufträge\Goldmann-Footstools\www-2013\stoffe\jagd\VERDE_SILK.html --> www.footstools.de /stoffe/jagd VERDE_SILK.html
2013.04.17 14:23 B D:\Tiger\Aufträge\Goldmann-Footstools\www-2013\stoffe\jagd\vorlage-einzelstoff.html --> www.footstools.de /stoffe/jagd vorlage-einzelstoff.html
2013.04.17 14:23 B D:\Tiger\Aufträge\Goldmann-Footstools\www-2013\stoffe\jagd\wild_cats.html --> www.footstools.de /stoffe/jagd wild_cats.html
2013.04.17 14:23 B D:\Tiger\Aufträge\Goldmann-Footstools\www-2013\stoffe\jagd\WS_FTP.LOG --> www.footstools.de /stoffe/jagd WS_FTP.LOG
2013.04.17 14:23 B D:\Tiger\Aufträge\Goldmann-Footstools\www-2013\stoffe\jagd\zairee.html --> www.footstools.de /stoffe/jagd zairee.html
2013.04.17 14:23 B D:\Tiger\Aufträge\Goldmann-Footstools\www-2013\stoffe\jagd\zita.html --> www.footstools.de /stoffe/jagd zita.html
