2013.04.02 17:23 B D:\Tiger\Aufträge\Footstools\stoffe\maritim\blue_sailing.html <-- Footstools /stoffe/maritim blue_sailing.html
2013.04.02 17:23 B D:\Tiger\Aufträge\Footstools\stoffe\maritim\lighthouse.html <-- Footstools /stoffe/maritim lighthouse.html
2013.04.02 17:23 B D:\Tiger\Aufträge\Footstools\stoffe\maritim\marlin.html <-- Footstools /stoffe/maritim marlin.html
2013.04.02 17:23 B D:\Tiger\Aufträge\Footstools\stoffe\maritim\new_haven.html <-- Footstools /stoffe/maritim new_haven.html
2013.04.02 17:23 B D:\Tiger\Aufträge\Footstools\stoffe\maritim\red_sea.html <-- Footstools /stoffe/maritim red_sea.html
2013.04.02 17:23 B D:\Tiger\Aufträge\Footstools\stoffe\maritim\sailing.html <-- Footstools /stoffe/maritim sailing.html
2013.04.02 17:23 B D:\Tiger\Aufträge\Footstools\stoffe\maritim\seagull.html <-- Footstools /stoffe/maritim seagull.html
2013.04.02 17:23 B D:\Tiger\Aufträge\Footstools\stoffe\maritim\Seashell.html <-- Footstools /stoffe/maritim Seashell.html
2013.04.02 17:23 B D:\Tiger\Aufträge\Footstools\stoffe\maritim\ship_ahoi_blue.html <-- Footstools /stoffe/maritim ship_ahoi_blue.html
2013.04.02 17:23 B D:\Tiger\Aufträge\Footstools\stoffe\maritim\ship_ahoi_brown.html <-- Footstools /stoffe/maritim ship_ahoi_brown.html
2013.04.17 14:28 B D:\Tiger\Aufträge\Goldmann-Footstools\www-2013\stoffe\maritim\blue_sailing.html --> www.footstools.de /stoffe/maritim blue_sailing.html
2013.04.17 14:28 B D:\Tiger\Aufträge\Goldmann-Footstools\www-2013\stoffe\maritim\lighthouse.html --> www.footstools.de /stoffe/maritim lighthouse.html
2013.04.17 14:28 B D:\Tiger\Aufträge\Goldmann-Footstools\www-2013\stoffe\maritim\marlin.html --> www.footstools.de /stoffe/maritim marlin.html
2013.04.17 14:28 B D:\Tiger\Aufträge\Goldmann-Footstools\www-2013\stoffe\maritim\new_haven.html --> www.footstools.de /stoffe/maritim new_haven.html
2013.04.17 14:28 B D:\Tiger\Aufträge\Goldmann-Footstools\www-2013\stoffe\maritim\red_sea.html --> www.footstools.de /stoffe/maritim red_sea.html
2013.04.17 14:28 B D:\Tiger\Aufträge\Goldmann-Footstools\www-2013\stoffe\maritim\sailing.html --> www.footstools.de /stoffe/maritim sailing.html
2013.04.17 14:28 B D:\Tiger\Aufträge\Goldmann-Footstools\www-2013\stoffe\maritim\seagull.html --> www.footstools.de /stoffe/maritim seagull.html
2013.04.17 14:28 B D:\Tiger\Aufträge\Goldmann-Footstools\www-2013\stoffe\maritim\Seashell.html --> www.footstools.de /stoffe/maritim Seashell.html
2013.04.17 14:28 B D:\Tiger\Aufträge\Goldmann-Footstools\www-2013\stoffe\maritim\ship_ahoi_blue.html --> www.footstools.de /stoffe/maritim ship_ahoi_blue.html
2013.04.17 14:28 B D:\Tiger\Aufträge\Goldmann-Footstools\www-2013\stoffe\maritim\ship_ahoi_brown.html --> www.footstools.de /stoffe/maritim ship_ahoi_brown.html
