2013.04.02 16:52 B D:\Tiger\Auftr‰ge\Footstools\images\city\city-maxi\abado.jpg <-- Footstools /images/city/city-maxi abado.jpg
2013.04.02 16:52 B D:\Tiger\Auftr‰ge\Footstools\images\city\city-maxi\alfonso.jpg <-- Footstools /images/city/city-maxi alfonso.jpg
2013.04.02 16:52 B D:\Tiger\Auftr‰ge\Footstools\images\city\city-maxi\alfonso2.jpg <-- Footstools /images/city/city-maxi alfonso2.jpg
2013.04.02 16:52 B D:\Tiger\Auftr‰ge\Footstools\images\city\city-maxi\allison.jpg <-- Footstools /images/city/city-maxi allison.jpg
2013.04.02 16:52 B D:\Tiger\Auftr‰ge\Footstools\images\city\city-maxi\andorra_stripe.jpg <-- Footstools /images/city/city-maxi andorra_stripe.jpg
2013.04.02 16:52 B D:\Tiger\Auftr‰ge\Footstools\images\city\city-maxi\apassionata.jpg <-- Footstools /images/city/city-maxi apassionata.jpg
2013.04.02 16:52 B D:\Tiger\Auftr‰ge\Footstools\images\city\city-maxi\asian_noblesse_bank.JPG <-- Footstools /images/city/city-maxi asian_noblesse_bank.JPG
2013.04.02 16:52 B D:\Tiger\Auftr‰ge\Footstools\images\city\city-maxi\astor.jpg <-- Footstools /images/city/city-maxi astor.jpg
2013.04.02 16:52 B D:\Tiger\Auftr‰ge\Footstools\images\city\city-maxi\astor_mit_kissen.jpg <-- Footstools /images/city/city-maxi astor_mit_kissen.jpg
2013.04.02 16:52 B D:\Tiger\Auftr‰ge\Footstools\images\city\city-maxi\astorII.jpg <-- Footstools /images/city/city-maxi astorII.jpg
2013.04.02 16:52 B D:\Tiger\Auftr‰ge\Footstools\images\city\city-maxi\badbank.jpg <-- Footstools /images/city/city-maxi badbank.jpg
2013.04.02 16:52 B D:\Tiger\Auftr‰ge\Footstools\images\city\city-maxi\berlin-2.jpg <-- Footstools /images/city/city-maxi berlin-2.jpg
2013.04.02 16:52 B D:\Tiger\Auftr‰ge\Footstools\images\city\city-maxi\blue_sailing.jpg <-- Footstools /images/city/city-maxi blue_sailing.jpg
2013.04.02 16:52 B D:\Tiger\Auftr‰ge\Footstools\images\city\city-maxi\bombay.jpg <-- Footstools /images/city/city-maxi bombay.jpg
2013.04.02 16:52 B D:\Tiger\Auftr‰ge\Footstools\images\city\city-maxi\Bombay_mit_stella.jpg <-- Footstools /images/city/city-maxi Bombay_mit_stella.jpg
2013.04.02 16:52 B D:\Tiger\Auftr‰ge\Footstools\images\city\city-maxi\bruessel.jpg <-- Footstools /images/city/city-maxi bruessel.jpg
2013.04.02 16:52 B D:\Tiger\Auftr‰ge\Footstools\images\city\city-maxi\bruessel2.jpg <-- Footstools /images/city/city-maxi bruessel2.jpg
2013.04.02 16:52 B D:\Tiger\Auftr‰ge\Footstools\images\city\city-maxi\burgundy.jpg <-- Footstools /images/city/city-maxi burgundy.jpg
2013.04.02 16:52 B D:\Tiger\Auftr‰ge\Footstools\images\city\city-maxi\chucky.jpg <-- Footstools /images/city/city-maxi chucky.jpg
2013.04.02 16:52 B D:\Tiger\Auftr‰ge\Footstools\images\city\city-maxi\chuckyII.jpg <-- Footstools /images/city/city-maxi chuckyII.jpg
2013.04.02 16:52 B D:\Tiger\Auftr‰ge\Footstools\images\city\city-maxi\dublin.jpg <-- Footstools /images/city/city-maxi dublin.jpg
2013.04.02 16:52 B D:\Tiger\Auftr‰ge\Footstools\images\city\city-maxi\dublin1.jpg <-- Footstools /images/city/city-maxi dublin1.jpg
2013.04.02 16:52 B D:\Tiger\Auftr‰ge\Footstools\images\city\city-maxi\dublin_kaninchenfell.jpg <-- Footstools /images/city/city-maxi dublin_kaninchenfell.jpg
2013.04.02 16:52 B D:\Tiger\Auftr‰ge\Footstools\images\city\city-maxi\duck_hunt_bank.jpg <-- Footstools /images/city/city-maxi duck_hunt_bank.jpg
2013.04.02 16:52 B D:\Tiger\Auftr‰ge\Footstools\images\city\city-maxi\elegant_couple.jpg <-- Footstools /images/city/city-maxi elegant_couple.jpg
2013.04.02 16:52 B D:\Tiger\Auftr‰ge\Footstools\images\city\city-maxi\elena.jpg <-- Footstools /images/city/city-maxi elena.jpg
2013.04.02 16:52 B D:\Tiger\Auftr‰ge\Footstools\images\city\city-maxi\eleonor.jpg <-- Footstools /images/city/city-maxi eleonor.jpg
2013.04.02 16:52 B D:\Tiger\Auftr‰ge\Footstools\images\city\city-maxi\eleonor_mit_husse.jpg <-- Footstools /images/city/city-maxi eleonor_mit_husse.jpg
2013.04.02 16:52 B D:\Tiger\Auftr‰ge\Footstools\images\city\city-maxi\exquisa.jpg <-- Footstools /images/city/city-maxi exquisa.jpg
2013.04.02 16:52 B D:\Tiger\Auftr‰ge\Footstools\images\city\city-maxi\fairbanks.jpg <-- Footstools /images/city/city-maxi fairbanks.jpg
2013.04.02 16:52 B D:\Tiger\Auftr‰ge\Footstools\images\city\city-maxi\florentine.jpg <-- Footstools /images/city/city-maxi florentine.jpg
2013.04.02 16:52 B D:\Tiger\Auftr‰ge\Footstools\images\city\city-maxi\florentine2.jpg <-- Footstools /images/city/city-maxi florentine2.jpg
2013.04.02 16:52 B D:\Tiger\Auftr‰ge\Footstools\images\city\city-maxi\gizeh.jpg <-- Footstools /images/city/city-maxi gizeh.jpg
2013.04.02 16:52 B D:\Tiger\Auftr‰ge\Footstools\images\city\city-maxi\gizeh2.jpg <-- Footstools /images/city/city-maxi gizeh2.jpg
2013.04.02 16:52 B D:\Tiger\Auftr‰ge\Footstools\images\city\city-maxi\heritage.jpg <-- Footstools /images/city/city-maxi heritage.jpg
2013.04.02 16:52 B D:\Tiger\Auftr‰ge\Footstools\images\city\city-maxi\hipica.jpg <-- Footstools /images/city/city-maxi hipica.jpg
2013.04.02 16:52 B D:\Tiger\Auftr‰ge\Footstools\images\city\city-maxi\hipicaII.jpg <-- Footstools /images/city/city-maxi hipicaII.jpg
2013.04.02 16:52 B D:\Tiger\Auftr‰ge\Footstools\images\city\city-maxi\horseundrider.jpg <-- Footstools /images/city/city-maxi horseundrider.jpg
2013.04.02 16:52 B D:\Tiger\Auftr‰ge\Footstools\images\city\city-maxi\kauai.jpg <-- Footstools /images/city/city-maxi kauai.jpg
2013.04.02 16:52 B D:\Tiger\Auftr‰ge\Footstools\images\city\city-maxi\kentucky.jpg <-- Footstools /images/city/city-maxi kentucky.jpg
2013.04.02 16:52 B D:\Tiger\Auftr‰ge\Footstools\images\city\city-maxi\la scala.jpg <-- Footstools /images/city/city-maxi la scala.jpg
2013.04.02 16:52 B D:\Tiger\Auftr‰ge\Footstools\images\city\city-maxi\lascala.jpg <-- Footstools /images/city/city-maxi lascala.jpg
2013.04.02 16:52 B D:\Tiger\Auftr‰ge\Footstools\images\city\city-maxi\liberta.jpg <-- Footstools /images/city/city-maxi liberta.jpg
2013.04.02 16:52 B D:\Tiger\Auftr‰ge\Footstools\images\city\city-maxi\liberta2.jpg <-- Footstools /images/city/city-maxi liberta2.jpg
2013.04.02 16:52 B D:\Tiger\Auftr‰ge\Footstools\images\city\city-maxi\liberta3.jpg <-- Footstools /images/city/city-maxi liberta3.jpg
2013.04.02 16:52 B D:\Tiger\Auftr‰ge\Footstools\images\city\city-maxi\lorenzo.JPG <-- Footstools /images/city/city-maxi lorenzo.JPG
2013.04.02 16:52 B D:\Tiger\Auftr‰ge\Footstools\images\city\city-maxi\Lorenzo2.jpg <-- Footstools /images/city/city-maxi Lorenzo2.jpg
2013.04.02 16:52 B D:\Tiger\Auftr‰ge\Footstools\images\city\city-maxi\lorenzo2_detail.jpg <-- Footstools /images/city/city-maxi lorenzo2_detail.jpg
2013.04.02 16:52 B D:\Tiger\Auftr‰ge\Footstools\images\city\city-maxi\lorenzo3.jpg <-- Footstools /images/city/city-maxi lorenzo3.jpg
2013.04.02 16:52 B D:\Tiger\Auftr‰ge\Footstools\images\city\city-maxi\lorenzo4.jpg <-- Footstools /images/city/city-maxi lorenzo4.jpg
2013.04.02 16:52 B D:\Tiger\Auftr‰ge\Footstools\images\city\city-maxi\lorenzoII.jpg <-- Footstools /images/city/city-maxi lorenzoII.jpg
2013.04.02 16:52 B D:\Tiger\Auftr‰ge\Footstools\images\city\city-maxi\macau.jpg <-- Footstools /images/city/city-maxi macau.jpg
2013.04.02 16:52 B D:\Tiger\Auftr‰ge\Footstools\images\city\city-maxi\Madison.jpg <-- Footstools /images/city/city-maxi Madison.jpg
2013.04.02 16:52 B D:\Tiger\Auftr‰ge\Footstools\images\city\city-maxi\madrid.jpg <-- Footstools /images/city/city-maxi madrid.jpg
2013.04.02 16:52 B D:\Tiger\Auftr‰ge\Footstools\images\city\city-maxi\mandarin-bank.jpg <-- Footstools /images/city/city-maxi mandarin-bank.jpg
2013.04.02 16:52 B D:\Tiger\Auftr‰ge\Footstools\images\city\city-maxi\mathilda.jpg <-- Footstools /images/city/city-maxi mathilda.jpg
2013.04.02 16:53 B D:\Tiger\Auftr‰ge\Footstools\images\city\city-maxi\midas.jpg <-- Footstools /images/city/city-maxi midas.jpg
2013.04.02 16:53 B D:\Tiger\Auftr‰ge\Footstools\images\city\city-maxi\midas_detail.jpg <-- Footstools /images/city/city-maxi midas_detail.jpg
2013.04.02 16:53 B D:\Tiger\Auftr‰ge\Footstools\images\city\city-maxi\molina.jpg <-- Footstools /images/city/city-maxi molina.jpg
2013.04.02 16:53 B D:\Tiger\Auftr‰ge\Footstools\images\city\city-maxi\monogramm.jpg <-- Footstools /images/city/city-maxi monogramm.jpg
2013.04.02 16:53 B D:\Tiger\Auftr‰ge\Footstools\images\city\city-maxi\monogramm_mit_brille.jpg <-- Footstools /images/city/city-maxi monogramm_mit_brille.jpg
2013.04.02 16:53 B D:\Tiger\Auftr‰ge\Footstools\images\city\city-maxi\nancy.jpg <-- Footstools /images/city/city-maxi nancy.jpg
2013.04.02 16:53 B D:\Tiger\Auftr‰ge\Footstools\images\city\city-maxi\old-india---bank-gross.jpg <-- Footstools /images/city/city-maxi old-india---bank-gross.jpg
2013.04.02 16:53 B D:\Tiger\Auftr‰ge\Footstools\images\city\city-maxi\old-india.jpg <-- Footstools /images/city/city-maxi old-india.jpg
2013.04.02 16:53 B D:\Tiger\Auftr‰ge\Footstools\images\city\city-maxi\old_india_in_dark.jpg <-- Footstools /images/city/city-maxi old_india_in_dark.jpg
2013.04.02 16:53 B D:\Tiger\Auftr‰ge\Footstools\images\city\city-maxi\old_india_in_dark2.jpg <-- Footstools /images/city/city-maxi old_india_in_dark2.jpg
2013.04.02 16:53 B D:\Tiger\Auftr‰ge\Footstools\images\city\city-maxi\old_india_in_red_2.jpg <-- Footstools /images/city/city-maxi old_india_in_red_2.jpg
2013.04.02 16:53 B D:\Tiger\Auftr‰ge\Footstools\images\city\city-maxi\oldindiadark.jpg <-- Footstools /images/city/city-maxi oldindiadark.jpg
2013.04.02 16:53 B D:\Tiger\Auftr‰ge\Footstools\images\city\city-maxi\oldindiadark2.jpg <-- Footstools /images/city/city-maxi oldindiadark2.jpg
2013.04.02 16:53 B D:\Tiger\Auftr‰ge\Footstools\images\city\city-maxi\oldindiadark3.jpg <-- Footstools /images/city/city-maxi oldindiadark3.jpg
2013.04.02 16:53 B D:\Tiger\Auftr‰ge\Footstools\images\city\city-maxi\oldindiared_hoch.jpg <-- Footstools /images/city/city-maxi oldindiared_hoch.jpg
2013.04.02 16:53 B D:\Tiger\Auftr‰ge\Footstools\images\city\city-maxi\oldindiared_hoch2.jpg <-- Footstools /images/city/city-maxi oldindiared_hoch2.jpg
2013.04.02 16:53 B D:\Tiger\Auftr‰ge\Footstools\images\city\city-maxi\oldindiavorkamin.jpg <-- Footstools /images/city/city-maxi oldindiavorkamin.jpg
2013.04.02 16:53 B D:\Tiger\Auftr‰ge\Footstools\images\city\city-maxi\oldindiavorkamin_cut.jpg <-- Footstools /images/city/city-maxi oldindiavorkamin_cut.jpg
2013.04.02 16:53 B D:\Tiger\Auftr‰ge\Footstools\images\city\city-maxi\paloma.jpg <-- Footstools /images/city/city-maxi paloma.jpg
2013.04.02 16:53 B D:\Tiger\Auftr‰ge\Footstools\images\city\city-maxi\paloma_mit_thehunt.jpg <-- Footstools /images/city/city-maxi paloma_mit_thehunt.jpg
2013.04.02 16:53 B D:\Tiger\Auftr‰ge\Footstools\images\city\city-maxi\paloma_mit_thehunt2.jpg <-- Footstools /images/city/city-maxi paloma_mit_thehunt2.jpg
2013.04.02 16:53 B D:\Tiger\Auftr‰ge\Footstools\images\city\city-maxi\pandora.jpg <-- Footstools /images/city/city-maxi pandora.jpg
2013.04.02 16:53 B D:\Tiger\Auftr‰ge\Footstools\images\city\city-maxi\pandora2.jpg <-- Footstools /images/city/city-maxi pandora2.jpg
2013.04.02 16:53 B D:\Tiger\Auftr‰ge\Footstools\images\city\city-maxi\paradise_cove.jpg <-- Footstools /images/city/city-maxi paradise_cove.jpg
2013.04.02 16:53 B D:\Tiger\Auftr‰ge\Footstools\images\city\city-maxi\paradise_cove1.jpg <-- Footstools /images/city/city-maxi paradise_cove1.jpg
2013.04.02 16:53 B D:\Tiger\Auftr‰ge\Footstools\images\city\city-maxi\paradise_cove2.jpg <-- Footstools /images/city/city-maxi paradise_cove2.jpg
2013.04.02 16:53 B D:\Tiger\Auftr‰ge\Footstools\images\city\city-maxi\phoenix_mit_husse.jpg <-- Footstools /images/city/city-maxi phoenix_mit_husse.jpg
2013.04.02 16:53 B D:\Tiger\Auftr‰ge\Footstools\images\city\city-maxi\prag.jpg <-- Footstools /images/city/city-maxi prag.jpg
2013.04.02 16:53 B D:\Tiger\Auftr‰ge\Footstools\images\city\city-maxi\rialto.jpg <-- Footstools /images/city/city-maxi rialto.jpg
2013.04.02 16:53 B D:\Tiger\Auftr‰ge\Footstools\images\city\city-maxi\riders_gear.jpg <-- Footstools /images/city/city-maxi riders_gear.jpg
2013.04.02 16:53 B D:\Tiger\Auftr‰ge\Footstools\images\city\city-maxi\riga.jpg <-- Footstools /images/city/city-maxi riga.jpg
2013.04.02 16:53 B D:\Tiger\Auftr‰ge\Footstools\images\city\city-maxi\safari_mit_kissen.jpg <-- Footstools /images/city/city-maxi safari_mit_kissen.jpg
2013.04.02 16:53 B D:\Tiger\Auftr‰ge\Footstools\images\city\city-maxi\safari_neu.jpg <-- Footstools /images/city/city-maxi safari_neu.jpg
2013.04.02 16:53 B D:\Tiger\Auftr‰ge\Footstools\images\city\city-maxi\safariII.jpg <-- Footstools /images/city/city-maxi safariII.jpg
2013.04.02 16:53 B D:\Tiger\Auftr‰ge\Footstools\images\city\city-maxi\savannah_gold.jpg <-- Footstools /images/city/city-maxi savannah_gold.jpg
2013.04.02 16:53 B D:\Tiger\Auftr‰ge\Footstools\images\city\city-maxi\savannah_gold2.jpg <-- Footstools /images/city/city-maxi savannah_gold2.jpg
2013.04.02 16:53 B D:\Tiger\Auftr‰ge\Footstools\images\city\city-maxi\scotch.jpg <-- Footstools /images/city/city-maxi scotch.jpg
2013.04.02 16:53 B D:\Tiger\Auftr‰ge\Footstools\images\city\city-maxi\serengeti.jpg <-- Footstools /images/city/city-maxi serengeti.jpg
2013.04.02 16:53 B D:\Tiger\Auftr‰ge\Footstools\images\city\city-maxi\serengeti_antilope.jpg <-- Footstools /images/city/city-maxi serengeti_antilope.jpg
2013.04.02 16:53 B D:\Tiger\Auftr‰ge\Footstools\images\city\city-maxi\stockholm.jpg <-- Footstools /images/city/city-maxi stockholm.jpg
2013.04.02 16:53 B D:\Tiger\Auftr‰ge\Footstools\images\city\city-maxi\terra_palms.jpg <-- Footstools /images/city/city-maxi terra_palms.jpg
2013.04.02 16:53 B D:\Tiger\Auftr‰ge\Footstools\images\city\city-maxi\Thumbs.db <-- Footstools /images/city/city-maxi Thumbs.db
2013.04.02 16:53 B D:\Tiger\Auftr‰ge\Footstools\images\city\city-maxi\velvet_cord.jpg <-- Footstools /images/city/city-maxi velvet_cord.jpg
2013.04.02 16:53 B D:\Tiger\Auftr‰ge\Footstools\images\city\city-maxi\viola.jpg <-- Footstools /images/city/city-maxi viola.jpg
2013.04.02 16:53 B D:\Tiger\Auftr‰ge\Footstools\images\city\city-maxi\yellow_snake.jpg <-- Footstools /images/city/city-maxi yellow_snake.jpg
2013.04.02 16:53 B D:\Tiger\Auftr‰ge\Footstools\images\city\city-maxi\yellow_snake_details.jpg <-- Footstools /images/city/city-maxi yellow_snake_details.jpg
2013.04.02 16:53 B D:\Tiger\Auftr‰ge\Footstools\images\city\city-maxi\zairee.jpg <-- Footstools /images/city/city-maxi zairee.jpg
2013.04.17 14:43 B D:\Tiger\Auftr‰ge\Goldmann-Footstools\www-2013\images\city\city-maxi\Thumbs.db --> www.footstools.de /images/city/city-maxi Thumbs.db
