2009.04.06 17:12 B D:\Tiger\Aufträge\footstools\www\kamin\dalmatian.html --> nordseiten.de /www/kunden/goldmann/kamin dalmatian.html
2009.04.06 17:12 B D:\Tiger\Aufträge\footstools\www\kamin\fasan.html --> nordseiten.de /www/kunden/goldmann/kamin fasan.html
2009.04.06 17:12 B D:\Tiger\Aufträge\footstools\www\kamin\forestlife.html --> nordseiten.de /www/kunden/goldmann/kamin forestlife.html
2009.04.06 17:12 B D:\Tiger\Aufträge\footstools\www\kamin\gladiateur.html --> nordseiten.de /www/kunden/goldmann/kamin gladiateur.html
2009.04.06 17:12 B D:\Tiger\Aufträge\footstools\www\kamin\maigloeckchen.html --> nordseiten.de /www/kunden/goldmann/kamin maigloeckchen.html
2009.04.06 17:12 B D:\Tiger\Aufträge\footstools\www\kamin\mandarin.html --> nordseiten.de /www/kunden/goldmann/kamin mandarin.html
2009.04.06 17:12 B D:\Tiger\Aufträge\footstools\www\kamin\monti.html --> nordseiten.de /www/kunden/goldmann/kamin monti.html
2009.04.06 17:12 B D:\Tiger\Aufträge\footstools\www\kamin\ponytrail.html --> nordseiten.de /www/kunden/goldmann/kamin ponytrail.html
2009.04.06 17:12 B D:\Tiger\Aufträge\footstools\www\kamin\racingday.html --> nordseiten.de /www/kunden/goldmann/kamin racingday.html
2009.04.06 17:12 B D:\Tiger\Aufträge\footstools\www\kamin\vorlage-einzel.html --> nordseiten.de /www/kunden/goldmann/kamin vorlage-einzel.html
2009.04.15 09:39 B D:\Tiger\Aufträge\footstools\www\kamin\dalmatian.html --> www.footstools.de /kamin dalmatian.html
2009.04.15 09:39 B D:\Tiger\Aufträge\footstools\www\kamin\fasan.html --> www.footstools.de /kamin fasan.html
2009.04.15 09:39 B D:\Tiger\Aufträge\footstools\www\kamin\forestlife.html --> www.footstools.de /kamin forestlife.html
2009.04.15 09:39 B D:\Tiger\Aufträge\footstools\www\kamin\gladiateur.html --> www.footstools.de /kamin gladiateur.html
2009.04.15 09:39 B D:\Tiger\Aufträge\footstools\www\kamin\maigloeckchen.html --> www.footstools.de /kamin maigloeckchen.html
2009.04.15 09:39 B D:\Tiger\Aufträge\footstools\www\kamin\mandarin.html --> www.footstools.de /kamin mandarin.html
2009.04.15 09:39 B D:\Tiger\Aufträge\footstools\www\kamin\monti.html --> www.footstools.de /kamin monti.html
2009.04.15 09:39 B D:\Tiger\Aufträge\footstools\www\kamin\ponytrail.html --> www.footstools.de /kamin ponytrail.html
2009.04.15 09:39 B D:\Tiger\Aufträge\footstools\www\kamin\racingday.html --> www.footstools.de /kamin racingday.html
2009.04.15 09:39 B D:\Tiger\Aufträge\footstools\www\kamin\vorlage-einzel.html --> www.footstools.de /kamin vorlage-einzel.html
2013.04.02 17:16 B D:\Tiger\Aufträge\Footstools\kamin\WS_FTP.LOG <-- Footstools /kamin WS_FTP.LOG
2013.04.17 14:39 B D:\Tiger\Aufträge\Goldmann-Footstools\www-2013\kamin\andreas.html --> www.footstools.de /kamin andreas.html
2013.04.17 14:39 B D:\Tiger\Aufträge\Goldmann-Footstools\www-2013\kamin\arosa.html --> www.footstools.de /kamin arosa.html
2013.04.17 14:39 B D:\Tiger\Aufträge\Goldmann-Footstools\www-2013\kamin\balloo_blue.html --> www.footstools.de /kamin balloo_blue.html
2013.04.17 14:39 B D:\Tiger\Aufträge\Goldmann-Footstools\www-2013\kamin\balloo_red.html --> www.footstools.de /kamin balloo_red.html
2013.04.17 14:39 B D:\Tiger\Aufträge\Goldmann-Footstools\www-2013\kamin\bananarama_nutmeg.html --> www.footstools.de /kamin bananarama_nutmeg.html
2013.04.17 14:39 B D:\Tiger\Aufträge\Goldmann-Footstools\www-2013\kamin\bologna.html --> www.footstools.de /kamin bologna.html
2013.04.17 14:39 B D:\Tiger\Aufträge\Goldmann-Footstools\www-2013\kamin\country_hill2.html --> www.footstools.de /kamin country_hill2.html
2013.04.17 14:39 B D:\Tiger\Aufträge\Goldmann-Footstools\www-2013\kamin\cranberry.html --> www.footstools.de /kamin cranberry.html
2013.04.17 14:40 B D:\Tiger\Aufträge\Goldmann-Footstools\www-2013\kamin\dalmatian.html --> www.footstools.de /kamin dalmatian.html
2013.04.17 14:40 B D:\Tiger\Aufträge\Goldmann-Footstools\www-2013\kamin\derby.html --> www.footstools.de /kamin derby.html
2013.04.17 14:40 B D:\Tiger\Aufträge\Goldmann-Footstools\www-2013\kamin\elephants_cabanas.html --> www.footstools.de /kamin elephants_cabanas.html
2013.04.17 14:40 B D:\Tiger\Aufträge\Goldmann-Footstools\www-2013\kamin\fasan.html --> www.footstools.de /kamin fasan.html
2013.04.17 14:40 B D:\Tiger\Aufträge\Goldmann-Footstools\www-2013\kamin\fendi_seide.html --> www.footstools.de /kamin fendi_seide.html
2013.04.17 14:40 B D:\Tiger\Aufträge\Goldmann-Footstools\www-2013\kamin\forestlife.html --> www.footstools.de /kamin forestlife.html
2013.04.17 14:40 B D:\Tiger\Aufträge\Goldmann-Footstools\www-2013\kamin\gladiateur.html --> www.footstools.de /kamin gladiateur.html
2013.04.17 14:40 B D:\Tiger\Aufträge\Goldmann-Footstools\www-2013\kamin\horseundrider.html --> www.footstools.de /kamin horseundrider.html
2013.04.17 14:40 B D:\Tiger\Aufträge\Goldmann-Footstools\www-2013\kamin\hubertus.html --> www.footstools.de /kamin hubertus.html
2013.04.17 14:40 B D:\Tiger\Aufträge\Goldmann-Footstools\www-2013\kamin\maigloeckchen.html --> www.footstools.de /kamin maigloeckchen.html
2013.04.17 14:40 B D:\Tiger\Aufträge\Goldmann-Footstools\www-2013\kamin\mandarin.html --> www.footstools.de /kamin mandarin.html
2013.04.17 14:40 B D:\Tiger\Aufträge\Goldmann-Footstools\www-2013\kamin\monti.html --> www.footstools.de /kamin monti.html
2013.04.17 14:40 B D:\Tiger\Aufträge\Goldmann-Footstools\www-2013\kamin\Oldindiared.html --> www.footstools.de /kamin Oldindiared.html
2013.04.17 14:40 B D:\Tiger\Aufträge\Goldmann-Footstools\www-2013\kamin\paulina.html --> www.footstools.de /kamin paulina.html
2013.04.17 14:40 B D:\Tiger\Aufträge\Goldmann-Footstools\www-2013\kamin\ponytrail.html --> www.footstools.de /kamin ponytrail.html
2013.04.17 14:40 B D:\Tiger\Aufträge\Goldmann-Footstools\www-2013\kamin\racingday.html --> www.footstools.de /kamin racingday.html
2013.04.17 14:40 B D:\Tiger\Aufträge\Goldmann-Footstools\www-2013\kamin\the_hunt.html --> www.footstools.de /kamin the_hunt.html
2013.04.17 14:40 B D:\Tiger\Aufträge\Goldmann-Footstools\www-2013\kamin\vorlage-einzel.html --> www.footstools.de /kamin vorlage-einzel.html
2013.04.17 14:40 B D:\Tiger\Aufträge\Goldmann-Footstools\www-2013\kamin\WS_FTP.LOG --> www.footstools.de /kamin WS_FTP.LOG
2014.04.09 09:12 B D:\Tiger\Aufträge\Goldmann-Footstools\www-2014\kamin\WS_FTP.LOG <-- Footstools /kamin WS_FTP.LOG
2014.04.09 10:52 B D:\Tiger\Aufträge\Goldmann-Footstools\www-2014\kamin\vorlage-einzel.html --> www.footstools.de /kamin vorlage-einzel.html
2014.04.09 10:52 B D:\Tiger\Aufträge\Goldmann-Footstools\www-2014\kamin\the_hunt.html --> www.footstools.de /kamin the_hunt.html
2014.04.09 10:52 B D:\Tiger\Aufträge\Goldmann-Footstools\www-2014\kamin\racingday.html --> www.footstools.de /kamin racingday.html
2014.04.09 10:52 B D:\Tiger\Aufträge\Goldmann-Footstools\www-2014\kamin\ponytrail.html --> www.footstools.de /kamin ponytrail.html
2014.04.09 10:52 B D:\Tiger\Aufträge\Goldmann-Footstools\www-2014\kamin\paulina.html --> www.footstools.de /kamin paulina.html
2014.04.09 10:52 B D:\Tiger\Aufträge\Goldmann-Footstools\www-2014\kamin\Oldindiared.html --> www.footstools.de /kamin Oldindiared.html
2014.04.09 10:52 B D:\Tiger\Aufträge\Goldmann-Footstools\www-2014\kamin\monti.html --> www.footstools.de /kamin monti.html
2014.04.09 10:53 B D:\Tiger\Aufträge\Goldmann-Footstools\www-2014\kamin\mandarin.html --> www.footstools.de /kamin mandarin.html
2014.04.09 10:53 B D:\Tiger\Aufträge\Goldmann-Footstools\www-2014\kamin\maigloeckchen.html --> www.footstools.de /kamin maigloeckchen.html
2014.04.09 10:53 B D:\Tiger\Aufträge\Goldmann-Footstools\www-2014\kamin\hubertus.html --> www.footstools.de /kamin hubertus.html
2014.04.09 10:53 B D:\Tiger\Aufträge\Goldmann-Footstools\www-2014\kamin\horseundrider.html --> www.footstools.de /kamin horseundrider.html
2014.04.09 10:53 B D:\Tiger\Aufträge\Goldmann-Footstools\www-2014\kamin\gladiateur.html --> www.footstools.de /kamin gladiateur.html
2014.04.09 10:53 B D:\Tiger\Aufträge\Goldmann-Footstools\www-2014\kamin\forestlife.html --> www.footstools.de /kamin forestlife.html
2014.04.09 10:53 B D:\Tiger\Aufträge\Goldmann-Footstools\www-2014\kamin\fendi_seide.html --> www.footstools.de /kamin fendi_seide.html
2014.04.09 10:53 B D:\Tiger\Aufträge\Goldmann-Footstools\www-2014\kamin\fasan.html --> www.footstools.de /kamin fasan.html
2014.04.09 10:53 B D:\Tiger\Aufträge\Goldmann-Footstools\www-2014\kamin\elephants_cabanas.html --> www.footstools.de /kamin elephants_cabanas.html
2014.04.09 10:53 B D:\Tiger\Aufträge\Goldmann-Footstools\www-2014\kamin\derby.html --> www.footstools.de /kamin derby.html
2014.04.09 10:53 B D:\Tiger\Aufträge\Goldmann-Footstools\www-2014\kamin\dalmatian.html --> www.footstools.de /kamin dalmatian.html
2014.04.09 10:53 B D:\Tiger\Aufträge\Goldmann-Footstools\www-2014\kamin\cranberry.html --> www.footstools.de /kamin cranberry.html
2014.04.09 10:53 B D:\Tiger\Aufträge\Goldmann-Footstools\www-2014\kamin\country_hill2.html --> www.footstools.de /kamin country_hill2.html
2014.04.09 10:53 B D:\Tiger\Aufträge\Goldmann-Footstools\www-2014\kamin\bologna.html --> www.footstools.de /kamin bologna.html
2014.04.09 10:53 B D:\Tiger\Aufträge\Goldmann-Footstools\www-2014\kamin\bananarama_nutmeg.html --> www.footstools.de /kamin bananarama_nutmeg.html
2014.04.09 10:53 B D:\Tiger\Aufträge\Goldmann-Footstools\www-2014\kamin\balloo_red.html --> www.footstools.de /kamin balloo_red.html
2014.04.09 10:53 B D:\Tiger\Aufträge\Goldmann-Footstools\www-2014\kamin\balloo_blue.html --> www.footstools.de /kamin balloo_blue.html
2014.04.09 10:53 B D:\Tiger\Aufträge\Goldmann-Footstools\www-2014\kamin\arosa.html --> www.footstools.de /kamin arosa.html
2014.04.09 10:53 B D:\Tiger\Aufträge\Goldmann-Footstools\www-2014\kamin\andreas.html --> www.footstools.de /kamin andreas.html
