2013.04.02 16:54 B D:\Tiger\Auftr‰ge\Footstools\images\country\country-maxi\amelie.jpg <-- Footstools /images/country/country-maxi amelie.jpg
2013.04.02 16:54 B D:\Tiger\Auftr‰ge\Footstools\images\country\country-maxi\annabelle.jpg <-- Footstools /images/country/country-maxi annabelle.jpg
2013.04.02 16:54 B D:\Tiger\Auftr‰ge\Footstools\images\country\country-maxi\apassionata.jpg <-- Footstools /images/country/country-maxi apassionata.jpg
2013.04.02 16:54 B D:\Tiger\Auftr‰ge\Footstools\images\country\country-maxi\arizona_II.jpg <-- Footstools /images/country/country-maxi arizona_II.jpg
2013.04.02 16:54 B D:\Tiger\Auftr‰ge\Footstools\images\country\country-maxi\asian-noblesse-bank.jpg <-- Footstools /images/country/country-maxi asian-noblesse-bank.jpg
2013.04.02 16:54 B D:\Tiger\Auftr‰ge\Footstools\images\country\country-maxi\asian-noblesse-bank2.jpg <-- Footstools /images/country/country-maxi asian-noblesse-bank2.jpg
2013.04.02 16:54 B D:\Tiger\Auftr‰ge\Footstools\images\country\country-maxi\astor.jpg <-- Footstools /images/country/country-maxi astor.jpg
2013.04.02 16:54 B D:\Tiger\Auftr‰ge\Footstools\images\country\country-maxi\astor_mit_kissen.jpg <-- Footstools /images/country/country-maxi astor_mit_kissen.jpg
2013.04.02 16:54 B D:\Tiger\Auftr‰ge\Footstools\images\country\country-maxi\astorII.jpg <-- Footstools /images/country/country-maxi astorII.jpg
2013.04.02 16:54 B D:\Tiger\Auftr‰ge\Footstools\images\country\country-maxi\bananarama.jpg <-- Footstools /images/country/country-maxi bananarama.jpg
2013.04.02 16:54 B D:\Tiger\Auftr‰ge\Footstools\images\country\country-maxi\bananarama2.jpg <-- Footstools /images/country/country-maxi bananarama2.jpg
2013.04.02 16:54 B D:\Tiger\Auftr‰ge\Footstools\images\country\country-maxi\bergen.jpg <-- Footstools /images/country/country-maxi bergen.jpg
2013.04.02 16:54 B D:\Tiger\Auftr‰ge\Footstools\images\country\country-maxi\BestFriendsGallery.jpg <-- Footstools /images/country/country-maxi BestFriendsGallery.jpg
2013.04.02 16:54 B D:\Tiger\Auftr‰ge\Footstools\images\country\country-maxi\bestFriendsGallery2.jpg <-- Footstools /images/country/country-maxi bestFriendsGallery2.jpg
2013.04.02 16:54 B D:\Tiger\Auftr‰ge\Footstools\images\country\country-maxi\BestFriendsGallery2.jpg <-- Footstools /images/country/country-maxi BestFriendsGallery2.jpg
2013.04.02 16:54 B D:\Tiger\Auftr‰ge\Footstools\images\country\country-maxi\bestFriendsGallery22.jpg <-- Footstools /images/country/country-maxi bestFriendsGallery22.jpg
2013.04.02 16:54 B D:\Tiger\Auftr‰ge\Footstools\images\country\country-maxi\bestFriendsGallery3.jpg <-- Footstools /images/country/country-maxi bestFriendsGallery3.jpg
2013.04.02 16:54 B D:\Tiger\Auftr‰ge\Footstools\images\country\country-maxi\blue_sailing.jpg <-- Footstools /images/country/country-maxi blue_sailing.jpg
2013.04.02 16:54 B D:\Tiger\Auftr‰ge\Footstools\images\country\country-maxi\brown_velvet.jpg <-- Footstools /images/country/country-maxi brown_velvet.jpg
2013.04.02 16:54 B D:\Tiger\Auftr‰ge\Footstools\images\country\country-maxi\brown_velvet2.jpg <-- Footstools /images/country/country-maxi brown_velvet2.jpg
2013.04.02 16:54 B D:\Tiger\Auftr‰ge\Footstools\images\country\country-maxi\burgundy.jpg <-- Footstools /images/country/country-maxi burgundy.jpg
2013.04.02 16:54 B D:\Tiger\Auftr‰ge\Footstools\images\country\country-maxi\caesar.jpg <-- Footstools /images/country/country-maxi caesar.jpg
2013.04.02 16:54 B D:\Tiger\Auftr‰ge\Footstools\images\country\country-maxi\chicken_farm.jpg <-- Footstools /images/country/country-maxi chicken_farm.jpg
2013.04.02 16:54 B D:\Tiger\Auftr‰ge\Footstools\images\country\country-maxi\chicken_farm_checkered_silk.jpg <-- Footstools /images/country/country-maxi chicken_farm_checkered_silk.jpg
2013.04.02 16:54 B D:\Tiger\Auftr‰ge\Footstools\images\country\country-maxi\chucky.jpg <-- Footstools /images/country/country-maxi chucky.jpg
2013.04.02 16:54 B D:\Tiger\Auftr‰ge\Footstools\images\country\country-maxi\chuckyII.jpg <-- Footstools /images/country/country-maxi chuckyII.jpg
2013.04.02 16:54 B D:\Tiger\Auftr‰ge\Footstools\images\country\country-maxi\country-rose.jpg <-- Footstools /images/country/country-maxi country-rose.jpg
2013.04.02 16:54 B D:\Tiger\Auftr‰ge\Footstools\images\country\country-maxi\country_hill.JPG <-- Footstools /images/country/country-maxi country_hill.JPG
2013.04.02 16:54 B D:\Tiger\Auftr‰ge\Footstools\images\country\country-maxi\country_hill2.JPG <-- Footstools /images/country/country-maxi country_hill2.JPG
2013.04.02 16:54 B D:\Tiger\Auftr‰ge\Footstools\images\country\country-maxi\country_hill_bank.jpg <-- Footstools /images/country/country-maxi country_hill_bank.jpg
2013.04.02 16:54 B D:\Tiger\Auftr‰ge\Footstools\images\country\country-maxi\derby.jpg <-- Footstools /images/country/country-maxi derby.jpg
2013.04.02 16:54 B D:\Tiger\Auftr‰ge\Footstools\images\country\country-maxi\derby2.jpg <-- Footstools /images/country/country-maxi derby2.jpg
2013.04.02 16:54 B D:\Tiger\Auftr‰ge\Footstools\images\country\country-maxi\dianas_hunt_blue.jpg <-- Footstools /images/country/country-maxi dianas_hunt_blue.jpg
2013.04.02 16:54 B D:\Tiger\Auftr‰ge\Footstools\images\country\country-maxi\dianas_hunt_terracotta.jpg <-- Footstools /images/country/country-maxi dianas_hunt_terracotta.jpg
2013.04.02 16:54 B D:\Tiger\Auftr‰ge\Footstools\images\country\country-maxi\dorit.jpg <-- Footstools /images/country/country-maxi dorit.jpg
2013.04.02 16:54 B D:\Tiger\Auftr‰ge\Footstools\images\country\country-maxi\duck_hunt_3.jpg <-- Footstools /images/country/country-maxi duck_hunt_3.jpg
2013.04.02 16:54 B D:\Tiger\Auftr‰ge\Footstools\images\country\country-maxi\Duralee_The_Hunt.JPG <-- Footstools /images/country/country-maxi Duralee_The_Hunt.JPG
2013.04.02 16:54 B D:\Tiger\Auftr‰ge\Footstools\images\country\country-maxi\elias.jpg <-- Footstools /images/country/country-maxi elias.jpg
2013.04.02 16:54 B D:\Tiger\Auftr‰ge\Footstools\images\country\country-maxi\erika.jpg <-- Footstools /images/country/country-maxi erika.jpg
2013.04.02 16:54 B D:\Tiger\Auftr‰ge\Footstools\images\country\country-maxi\erkan-mithusse-derby.jpg <-- Footstools /images/country/country-maxi erkan-mithusse-derby.jpg
2013.04.02 16:54 B D:\Tiger\Auftr‰ge\Footstools\images\country\country-maxi\escorial-bank-II-gross.jpg <-- Footstools /images/country/country-maxi escorial-bank-II-gross.jpg
2013.04.02 16:54 B D:\Tiger\Auftr‰ge\Footstools\images\country\country-maxi\escorial-bett.jpg <-- Footstools /images/country/country-maxi escorial-bett.jpg
2013.04.02 16:54 B D:\Tiger\Auftr‰ge\Footstools\images\country\country-maxi\exquisa.jpg <-- Footstools /images/country/country-maxi exquisa.jpg
2013.04.02 16:54 B D:\Tiger\Auftr‰ge\Footstools\images\country\country-maxi\fairbanks.jpg <-- Footstools /images/country/country-maxi fairbanks.jpg
2013.04.02 16:54 B D:\Tiger\Auftr‰ge\Footstools\images\country\country-maxi\fairy_tale.jpg <-- Footstools /images/country/country-maxi fairy_tale.jpg
2013.04.02 16:54 B D:\Tiger\Auftr‰ge\Footstools\images\country\country-maxi\fancy-dogs.jpg <-- Footstools /images/country/country-maxi fancy-dogs.jpg
2013.04.02 16:54 B D:\Tiger\Auftr‰ge\Footstools\images\country\country-maxi\frederika.jpg <-- Footstools /images/country/country-maxi frederika.jpg
2013.04.02 16:55 B D:\Tiger\Auftr‰ge\Footstools\images\country\country-maxi\gladiateur.jpg <-- Footstools /images/country/country-maxi gladiateur.jpg
2013.04.02 16:55 B D:\Tiger\Auftr‰ge\Footstools\images\country\country-maxi\golfers_birthday.jpg <-- Footstools /images/country/country-maxi golfers_birthday.jpg
2013.04.02 16:55 B D:\Tiger\Auftr‰ge\Footstools\images\country\country-maxi\golfers_birthday2.jpg <-- Footstools /images/country/country-maxi golfers_birthday2.jpg
2013.04.02 16:55 B D:\Tiger\Auftr‰ge\Footstools\images\country\country-maxi\golfers_birthday3.jpg <-- Footstools /images/country/country-maxi golfers_birthday3.jpg
2013.04.02 16:55 B D:\Tiger\Auftr‰ge\Footstools\images\country\country-maxi\Golo.jpg <-- Footstools /images/country/country-maxi Golo.jpg
2013.04.02 16:55 B D:\Tiger\Auftr‰ge\Footstools\images\country\country-maxi\herford.JPG <-- Footstools /images/country/country-maxi herford.JPG
2013.04.02 16:55 B D:\Tiger\Auftr‰ge\Footstools\images\country\country-maxi\heritage.jpg <-- Footstools /images/country/country-maxi heritage.jpg
2013.04.02 16:55 B D:\Tiger\Auftr‰ge\Footstools\images\country\country-maxi\hipica.jpg <-- Footstools /images/country/country-maxi hipica.jpg
2013.04.02 16:55 B D:\Tiger\Auftr‰ge\Footstools\images\country\country-maxi\hipicaII.jpg <-- Footstools /images/country/country-maxi hipicaII.jpg
2013.04.02 16:55 B D:\Tiger\Auftr‰ge\Footstools\images\country\country-maxi\horse-rider-on-duck-hunt.jpg <-- Footstools /images/country/country-maxi horse-rider-on-duck-hunt.jpg
2013.04.02 16:55 B D:\Tiger\Auftr‰ge\Footstools\images\country\country-maxi\horse_and_hunt.jpg <-- Footstools /images/country/country-maxi horse_and_hunt.jpg
2013.04.02 16:55 B D:\Tiger\Auftr‰ge\Footstools\images\country\country-maxi\hubertus_footstool.JPG <-- Footstools /images/country/country-maxi hubertus_footstool.JPG
2013.04.02 16:55 B D:\Tiger\Auftr‰ge\Footstools\images\country\country-maxi\irish_country.JPG <-- Footstools /images/country/country-maxi irish_country.JPG
2013.04.02 16:55 B D:\Tiger\Auftr‰ge\Footstools\images\country\country-maxi\ivory-classic-gross_2.jpg <-- Footstools /images/country/country-maxi ivory-classic-gross_2.jpg
2013.04.02 16:55 B D:\Tiger\Auftr‰ge\Footstools\images\country\country-maxi\katharina.jpg <-- Footstools /images/country/country-maxi katharina.jpg
2013.04.02 16:55 B D:\Tiger\Auftr‰ge\Footstools\images\country\country-maxi\kauai.jpg <-- Footstools /images/country/country-maxi kauai.jpg
2013.04.02 16:55 B D:\Tiger\Auftr‰ge\Footstools\images\country\country-maxi\madeira.jpg <-- Footstools /images/country/country-maxi madeira.jpg
2013.04.02 16:55 B D:\Tiger\Auftr‰ge\Footstools\images\country\country-maxi\mainau_bank.jpg <-- Footstools /images/country/country-maxi mainau_bank.jpg
2013.04.02 16:55 B D:\Tiger\Auftr‰ge\Footstools\images\country\country-maxi\mandarin-bank.jpg <-- Footstools /images/country/country-maxi mandarin-bank.jpg
2013.04.02 16:55 B D:\Tiger\Auftr‰ge\Footstools\images\country\country-maxi\marika.jpg <-- Footstools /images/country/country-maxi marika.jpg
2013.04.02 16:55 B D:\Tiger\Auftr‰ge\Footstools\images\country\country-maxi\mathilda.jpg <-- Footstools /images/country/country-maxi mathilda.jpg
2013.04.02 16:55 B D:\Tiger\Auftr‰ge\Footstools\images\country\country-maxi\mathilda2.jpg <-- Footstools /images/country/country-maxi mathilda2.jpg
2013.04.02 16:55 B D:\Tiger\Auftr‰ge\Footstools\images\country\country-maxi\mirabelle.jpg <-- Footstools /images/country/country-maxi mirabelle.jpg
2013.04.02 16:55 B D:\Tiger\Auftr‰ge\Footstools\images\country\country-maxi\mokka-stripe.jpg <-- Footstools /images/country/country-maxi mokka-stripe.jpg
2013.04.02 16:55 B D:\Tiger\Auftr‰ge\Footstools\images\country\country-maxi\monogramm.jpg <-- Footstools /images/country/country-maxi monogramm.jpg
2013.04.02 16:55 B D:\Tiger\Auftr‰ge\Footstools\images\country\country-maxi\monogramm_mit_brille.jpg <-- Footstools /images/country/country-maxi monogramm_mit_brille.jpg
2013.04.02 16:55 B D:\Tiger\Auftr‰ge\Footstools\images\country\country-maxi\old-india-dark.jpg <-- Footstools /images/country/country-maxi old-india-dark.jpg
2013.04.02 16:55 B D:\Tiger\Auftr‰ge\Footstools\images\country\country-maxi\old-india-dark_klein.jpg <-- Footstools /images/country/country-maxi old-india-dark_klein.jpg
2013.04.02 16:55 B D:\Tiger\Auftr‰ge\Footstools\images\country\country-maxi\oldIndiadark.jpg <-- Footstools /images/country/country-maxi oldIndiadark.jpg
2013.04.02 16:55 B D:\Tiger\Auftr‰ge\Footstools\images\country\country-maxi\oldindiadark2.jpg <-- Footstools /images/country/country-maxi oldindiadark2.jpg
2013.04.02 16:55 B D:\Tiger\Auftr‰ge\Footstools\images\country\country-maxi\oldindiadark2_alpha.jpg <-- Footstools /images/country/country-maxi oldindiadark2_alpha.jpg
2013.04.02 16:55 B D:\Tiger\Auftr‰ge\Footstools\images\country\country-maxi\oldindiared.jpg <-- Footstools /images/country/country-maxi oldindiared.jpg
2013.04.02 16:55 B D:\Tiger\Auftr‰ge\Footstools\images\country\country-maxi\oldindiared_husse_vintage_gold.jpg <-- Footstools /images/country/country-maxi oldindiared_husse_vintage_gold.jpg
2013.04.02 16:55 B D:\Tiger\Auftr‰ge\Footstools\images\country\country-maxi\palazzo.jpg <-- Footstools /images/country/country-maxi palazzo.jpg
2013.04.02 16:55 B D:\Tiger\Auftr‰ge\Footstools\images\country\country-maxi\palazzo_mit_Wollin.jpg <-- Footstools /images/country/country-maxi palazzo_mit_Wollin.jpg
2013.04.02 16:55 B D:\Tiger\Auftr‰ge\Footstools\images\country\country-maxi\paloma.jpg <-- Footstools /images/country/country-maxi paloma.jpg
2013.04.02 16:55 B D:\Tiger\Auftr‰ge\Footstools\images\country\country-maxi\paloma_mit_Husse.jpg <-- Footstools /images/country/country-maxi paloma_mit_Husse.jpg
2013.04.02 16:55 B D:\Tiger\Auftr‰ge\Footstools\images\country\country-maxi\paloma_mit_thehunt.jpg <-- Footstools /images/country/country-maxi paloma_mit_thehunt.jpg
2013.04.02 16:55 B D:\Tiger\Auftr‰ge\Footstools\images\country\country-maxi\paloma_mit_thehunt2.jpg <-- Footstools /images/country/country-maxi paloma_mit_thehunt2.jpg
2013.04.02 16:55 B D:\Tiger\Auftr‰ge\Footstools\images\country\country-maxi\paradise_cove.jpg <-- Footstools /images/country/country-maxi paradise_cove.jpg
2013.04.02 16:55 B D:\Tiger\Auftr‰ge\Footstools\images\country\country-maxi\pavillion2.jpg <-- Footstools /images/country/country-maxi pavillion2.jpg
2013.04.02 16:55 B D:\Tiger\Auftr‰ge\Footstools\images\country\country-maxi\pedro.jpg <-- Footstools /images/country/country-maxi pedro.jpg
2013.04.02 16:55 B D:\Tiger\Auftr‰ge\Footstools\images\country\country-maxi\pineapple.jpg <-- Footstools /images/country/country-maxi pineapple.jpg
2013.04.02 16:55 B D:\Tiger\Auftr‰ge\Footstools\images\country\country-maxi\pineappleII.jpg <-- Footstools /images/country/country-maxi pineappleII.jpg
2013.04.02 16:55 B D:\Tiger\Auftr‰ge\Footstools\images\country\country-maxi\pineappleII_2.jpg <-- Footstools /images/country/country-maxi pineappleII_2.jpg
2013.04.02 16:55 B D:\Tiger\Auftr‰ge\Footstools\images\country\country-maxi\pirsch.jpg <-- Footstools /images/country/country-maxi pirsch.jpg
2013.04.02 16:55 B D:\Tiger\Auftr‰ge\Footstools\images\country\country-maxi\pirsch2.jpg <-- Footstools /images/country/country-maxi pirsch2.jpg
2013.04.02 16:55 B D:\Tiger\Auftr‰ge\Footstools\images\country\country-maxi\polo-polo.jpg <-- Footstools /images/country/country-maxi polo-polo.jpg
2013.04.02 16:55 B D:\Tiger\Auftr‰ge\Footstools\images\country\country-maxi\polo-polo2.jpg <-- Footstools /images/country/country-maxi polo-polo2.jpg
2013.04.02 16:55 B D:\Tiger\Auftr‰ge\Footstools\images\country\country-maxi\Provence.jpg <-- Footstools /images/country/country-maxi Provence.jpg
2013.04.02 16:55 B D:\Tiger\Auftr‰ge\Footstools\images\country\country-maxi\racing_day.jpg <-- Footstools /images/country/country-maxi racing_day.jpg
2013.04.02 16:55 B D:\Tiger\Auftr‰ge\Footstools\images\country\country-maxi\spring_vine_klein.jpg <-- Footstools /images/country/country-maxi spring_vine_klein.jpg
2013.04.02 16:55 B D:\Tiger\Auftr‰ge\Footstools\images\country\country-maxi\summer_day.jpg <-- Footstools /images/country/country-maxi summer_day.jpg
2013.04.02 16:55 B D:\Tiger\Auftr‰ge\Footstools\images\country\country-maxi\sunset.jpg <-- Footstools /images/country/country-maxi sunset.jpg
2013.04.02 16:55 B D:\Tiger\Auftr‰ge\Footstools\images\country\country-maxi\terra_palms.jpg <-- Footstools /images/country/country-maxi terra_palms.jpg
2013.04.02 16:55 B D:\Tiger\Auftr‰ge\Footstools\images\country\country-maxi\the_hunt.jpg <-- Footstools /images/country/country-maxi the_hunt.jpg
2013.04.02 16:55 B D:\Tiger\Auftr‰ge\Footstools\images\country\country-maxi\windsor_mit_seide.JPG <-- Footstools /images/country/country-maxi windsor_mit_seide.JPG
2013.04.17 14:42 B D:\Tiger\Auftr‰ge\Goldmann-Footstools\www-2013\images\country\country-maxi\Thumbs.db --> www.footstools.de /images/country Thumbs.db
2013.04.17 14:42 B D:\Tiger\Auftr‰ge\Goldmann-Footstools\www-2013\images\country\country-maxi\WS_FTP.LOG --> www.footstools.de /images/country WS_FTP.LOG
2013.04.17 14:42 B D:\Tiger\Auftr‰ge\Goldmann-Footstools\www-2013\images\country\country-maxi\Thumbs.db --> www.footstools.de /images/country/country-maxi Thumbs.db
