2009.04.01 16:42 B D:\Tiger\Auftr‰ge\footstools\www\stoffe\blau.html --> nordseiten.de /www/kunden/goldmann/stoffe blau.html
2009.04.01 16:42 B D:\Tiger\Auftr‰ge\footstools\www\stoffe\rot.html --> nordseiten.de /www/kunden/goldmann/stoffe rot.html
2009.04.01 16:42 B D:\Tiger\Auftr‰ge\footstools\www\stoffe\pferde.html --> nordseiten.de /www/kunden/goldmann/stoffe pferde.html
2009.04.01 16:42 B D:\Tiger\Auftr‰ge\footstools\www\stoffe\jagd.html --> nordseiten.de /www/kunden/goldmann/stoffe jagd.html
2009.04.01 16:42 B D:\Tiger\Auftr‰ge\footstools\www\stoffe\beige.html --> nordseiten.de /www/kunden/goldmann/stoffe beige.html
2009.04.03 10:44 B D:\Tiger\Auftr‰ge\footstools\www\stoffe\beige.html --> nordseiten.de /www/kunden/goldmann/stoffe beige.html
2009.04.03 10:44 B D:\Tiger\Auftr‰ge\footstools\www\stoffe\blau.html --> nordseiten.de /www/kunden/goldmann/stoffe blau.html
2009.04.03 10:44 B D:\Tiger\Auftr‰ge\footstools\www\stoffe\jagd.html --> nordseiten.de /www/kunden/goldmann/stoffe jagd.html
2009.04.03 10:44 B D:\Tiger\Auftr‰ge\footstools\www\stoffe\pferde.html --> nordseiten.de /www/kunden/goldmann/stoffe pferde.html
2009.04.03 10:44 B D:\Tiger\Auftr‰ge\footstools\www\stoffe\rot.html --> nordseiten.de /www/kunden/goldmann/stoffe rot.html
2009.04.03 10:44 B D:\Tiger\Auftr‰ge\footstools\www\stoffe\WS_FTP.LOG --> nordseiten.de /www/kunden/goldmann/stoffe WS_FTP.LOG
2009.04.04 09:58 B D:\Tiger\Auftr‰ge\footstools\www\stoffe\beige.html --> nordseiten.de /www/kunden/goldmann/stoffe beige.html
2009.04.04 09:58 B D:\Tiger\Auftr‰ge\footstools\www\stoffe\blau.html --> nordseiten.de /www/kunden/goldmann/stoffe blau.html
2009.04.04 09:58 B D:\Tiger\Auftr‰ge\footstools\www\stoffe\jagd.html --> nordseiten.de /www/kunden/goldmann/stoffe jagd.html
2009.04.04 09:58 B D:\Tiger\Auftr‰ge\footstools\www\stoffe\pferde.html --> nordseiten.de /www/kunden/goldmann/stoffe pferde.html
2009.04.04 09:58 B D:\Tiger\Auftr‰ge\footstools\www\stoffe\WS_FTP.LOG --> nordseiten.de /www/kunden/goldmann/stoffe WS_FTP.LOG
2009.04.06 17:12 B D:\Tiger\Auftr‰ge\footstools\www\stoffe\WS_FTP.LOG --> nordseiten.de /www/kunden/goldmann/stoffe WS_FTP.LOG
2009.04.14 13:12 B D:\Tiger\Auftr‰ge\footstools\www\stoffe\rot.html --> nordseiten.de /www/kunden/goldmann/stoffe rot.html
2009.04.14 13:12 B D:\Tiger\Auftr‰ge\footstools\www\stoffe\pferde.html --> nordseiten.de /www/kunden/goldmann/stoffe pferde.html
2009.04.14 13:12 B D:\Tiger\Auftr‰ge\footstools\www\stoffe\jagd.html --> nordseiten.de /www/kunden/goldmann/stoffe jagd.html
2009.04.14 13:12 B D:\Tiger\Auftr‰ge\footstools\www\stoffe\blau.html --> nordseiten.de /www/kunden/goldmann/stoffe blau.html
2009.04.14 13:13 B D:\Tiger\Auftr‰ge\footstools\www\stoffe\beige.html --> nordseiten.de /www/kunden/goldmann/stoffe beige.html
2009.04.15 09:41 B D:\Tiger\Auftr‰ge\footstools\www\stoffe\beige.html --> www.footstools.de /stoffe beige.html
2009.04.15 09:41 B D:\Tiger\Auftr‰ge\footstools\www\stoffe\blau.html --> www.footstools.de /stoffe blau.html
2009.04.15 09:41 B D:\Tiger\Auftr‰ge\footstools\www\stoffe\jagd.html --> www.footstools.de /stoffe jagd.html
2009.04.15 09:41 B D:\Tiger\Auftr‰ge\footstools\www\stoffe\pferde.html --> www.footstools.de /stoffe pferde.html
2009.04.15 09:41 B D:\Tiger\Auftr‰ge\footstools\www\stoffe\rot.html --> www.footstools.de /stoffe rot.html
2013.04.02 17:24 B D:\Tiger\Auftr‰ge\Footstools\stoffe\WS_FTP.LOG <-- Footstools /stoffe WS_FTP.LOG
2013.04.17 14:31 B D:\Tiger\Auftr‰ge\Goldmann-Footstools\www-2013\stoffe\beige.html --> www.footstools.de /stoffe beige.html
2013.04.17 14:31 B D:\Tiger\Auftr‰ge\Goldmann-Footstools\www-2013\stoffe\blau.html --> www.footstools.de /stoffe blau.html
2013.04.17 14:31 B D:\Tiger\Auftr‰ge\Goldmann-Footstools\www-2013\stoffe\hochzeitshusse.html --> www.footstools.de /stoffe hochzeitshusse.html
2013.04.17 14:31 B D:\Tiger\Auftr‰ge\Goldmann-Footstools\www-2013\stoffe\jagd.html --> www.footstools.de /stoffe jagd.html
2013.04.17 14:31 B D:\Tiger\Auftr‰ge\Goldmann-Footstools\www-2013\stoffe\maritim.html --> www.footstools.de /stoffe maritim.html
2013.04.17 14:31 B D:\Tiger\Auftr‰ge\Goldmann-Footstools\www-2013\stoffe\pferde.html --> www.footstools.de /stoffe pferde.html
2013.04.17 14:31 B D:\Tiger\Auftr‰ge\Goldmann-Footstools\www-2013\stoffe\rot.html --> www.footstools.de /stoffe rot.html
