2009.04.04 09:53 B D:\Tiger\Auftrðge\footstools\www\country\amelie.html --> nordseiten.de /www/kunden/goldmann/country amelie.html
2009.04.04 09:53 B D:\Tiger\Auftrðge\footstools\www\country\annabelle.html --> nordseiten.de /www/kunden/goldmann/country annabelle.html
2009.04.04 09:53 B D:\Tiger\Auftrðge\footstools\www\country\arizona.html --> nordseiten.de /www/kunden/goldmann/country arizona.html
2009.04.04 09:53 B D:\Tiger\Auftrðge\footstools\www\country\coutryrose.html --> nordseiten.de /www/kunden/goldmann/country coutryrose.html
2009.04.04 09:53 B D:\Tiger\Auftrðge\footstools\www\country\dorit.html --> nordseiten.de /www/kunden/goldmann/country dorit.html
2009.04.04 09:53 B D:\Tiger\Auftrðge\footstools\www\country\erkan.html --> nordseiten.de /www/kunden/goldmann/country erkan.html
2009.04.04 09:53 B D:\Tiger\Auftrðge\footstools\www\country\escorial.html --> nordseiten.de /www/kunden/goldmann/country escorial.html
2009.04.04 09:53 B D:\Tiger\Auftrðge\footstools\www\country\fancydogs.html --> nordseiten.de /www/kunden/goldmann/country fancydogs.html
2009.04.04 09:53 B D:\Tiger\Auftrðge\footstools\www\country\frederica.html --> nordseiten.de /www/kunden/goldmann/country frederica.html
2009.04.04 09:53 B D:\Tiger\Auftrðge\footstools\www\country\horse-rider.html --> nordseiten.de /www/kunden/goldmann/country horse-rider.html
2009.04.04 09:53 B D:\Tiger\Auftrðge\footstools\www\country\ivory.html --> nordseiten.de /www/kunden/goldmann/country ivory.html
2009.04.04 09:53 B D:\Tiger\Auftrðge\footstools\www\country\mainau.html --> nordseiten.de /www/kunden/goldmann/country mainau.html
2009.04.04 09:53 B D:\Tiger\Auftrðge\footstools\www\country\pavillon.html --> nordseiten.de /www/kunden/goldmann/country pavillon.html
2009.04.04 09:53 B D:\Tiger\Auftrðge\footstools\www\country\vorlage-einzel.html --> nordseiten.de /www/kunden/goldmann/country vorlage-einzel.html
2009.04.06 17:10 B D:\Tiger\Auftrðge\footstools\www\country\amelie.html --> nordseiten.de /www/kunden/goldmann/country amelie.html
2009.04.06 17:10 B D:\Tiger\Auftrðge\footstools\www\country\annabelle.html --> nordseiten.de /www/kunden/goldmann/country annabelle.html
2009.04.06 17:10 B D:\Tiger\Auftrðge\footstools\www\country\arizona.html --> nordseiten.de /www/kunden/goldmann/country arizona.html
2009.04.06 17:10 B D:\Tiger\Auftrðge\footstools\www\country\countryrose.html --> nordseiten.de /www/kunden/goldmann/country countryrose.html
2009.04.06 17:10 B D:\Tiger\Auftrðge\footstools\www\country\dorit.html --> nordseiten.de /www/kunden/goldmann/country dorit.html
2009.04.06 17:10 B D:\Tiger\Auftrðge\footstools\www\country\erkan.html --> nordseiten.de /www/kunden/goldmann/country erkan.html
2009.04.06 17:10 B D:\Tiger\Auftrðge\footstools\www\country\escorial.html --> nordseiten.de /www/kunden/goldmann/country escorial.html
2009.04.06 17:10 B D:\Tiger\Auftrðge\footstools\www\country\fancydogs.html --> nordseiten.de /www/kunden/goldmann/country fancydogs.html
2009.04.06 17:10 B D:\Tiger\Auftrðge\footstools\www\country\frederica.html --> nordseiten.de /www/kunden/goldmann/country frederica.html
2009.04.06 17:10 B D:\Tiger\Auftrðge\footstools\www\country\horse-rider.html --> nordseiten.de /www/kunden/goldmann/country horse-rider.html
2009.04.06 17:10 B D:\Tiger\Auftrðge\footstools\www\country\ivory.html --> nordseiten.de /www/kunden/goldmann/country ivory.html
2009.04.06 17:10 B D:\Tiger\Auftrðge\footstools\www\country\mainau.html --> nordseiten.de /www/kunden/goldmann/country mainau.html
2009.04.06 17:10 B D:\Tiger\Auftrðge\footstools\www\country\pavillon.html --> nordseiten.de /www/kunden/goldmann/country pavillon.html
2009.04.06 17:10 B D:\Tiger\Auftrðge\footstools\www\country\WS_FTP.LOG --> nordseiten.de /www/kunden/goldmann/country WS_FTP.LOG
2009.04.15 09:29 B D:\Tiger\Auftrðge\footstools\www\country\amelie.html --> www.footstools.de /country amelie.html
2009.04.15 09:29 B D:\Tiger\Auftrðge\footstools\www\country\annabelle.html --> www.footstools.de /country annabelle.html
2009.04.15 09:29 B D:\Tiger\Auftrðge\footstools\www\country\arizona.html --> www.footstools.de /country arizona.html
2009.04.15 09:29 B D:\Tiger\Auftrðge\footstools\www\country\countryrose.html --> www.footstools.de /country countryrose.html
2009.04.15 09:29 B D:\Tiger\Auftrðge\footstools\www\country\dorit.html --> www.footstools.de /country dorit.html
2009.04.15 09:29 B D:\Tiger\Auftrðge\footstools\www\country\erkan.html --> www.footstools.de /country erkan.html
2009.04.15 09:29 B D:\Tiger\Auftrðge\footstools\www\country\escorial.html --> www.footstools.de /country escorial.html
2009.04.15 09:29 B D:\Tiger\Auftrðge\footstools\www\country\fancydogs.html --> www.footstools.de /country fancydogs.html
2009.04.15 09:29 B D:\Tiger\Auftrðge\footstools\www\country\frederica.html --> www.footstools.de /country frederica.html
2009.04.15 09:29 B D:\Tiger\Auftrðge\footstools\www\country\horse-rider.html --> www.footstools.de /country horse-rider.html
2009.04.15 09:29 B D:\Tiger\Auftrðge\footstools\www\country\ivory.html --> www.footstools.de /country ivory.html
2009.04.15 09:29 B D:\Tiger\Auftrðge\footstools\www\country\mainau.html --> www.footstools.de /country mainau.html
2009.04.15 09:29 B D:\Tiger\Auftrðge\footstools\www\country\pavillon.html --> www.footstools.de /country pavillon.html
2009.04.15 09:29 B D:\Tiger\Auftrðge\footstools\www\country\vorlage-einzel.html --> www.footstools.de /country vorlage-einzel.html
2013.04.02 16:52 B D:\Tiger\Auftrðge\Footstools\country\WS_FTP.LOG <-- Footstools /country WS_FTP.LOG
2013.04.17 14:35 B D:\Tiger\Auftrðge\Goldmann-Footstools\www-2013\country\alpha.html --> www.footstools.de /country alpha.html
2013.04.17 14:35 B D:\Tiger\Auftrðge\Goldmann-Footstools\www-2013\country\amelie.html --> www.footstools.de /country amelie.html
2013.04.17 14:35 B D:\Tiger\Auftrðge\Goldmann-Footstools\www-2013\country\annabelle.html --> www.footstools.de /country annabelle.html
2013.04.17 14:35 B D:\Tiger\Auftrðge\Goldmann-Footstools\www-2013\country\apassionata.html --> www.footstools.de /country apassionata.html
2013.04.17 14:35 B D:\Tiger\Auftrðge\Goldmann-Footstools\www-2013\country\arizona.html --> www.footstools.de /country arizona.html
2013.04.17 14:36 B D:\Tiger\Auftrðge\Goldmann-Footstools\www-2013\country\asian-noblesse-bank.html --> www.footstools.de /country asian-noblesse-bank.html
2013.04.17 14:36 B D:\Tiger\Auftrðge\Goldmann-Footstools\www-2013\country\astor.html --> www.footstools.de /country astor.html
2013.04.17 14:36 B D:\Tiger\Auftrðge\Goldmann-Footstools\www-2013\country\astor_mit_kissen.html --> www.footstools.de /country astor_mit_kissen.html
2013.04.17 14:36 B D:\Tiger\Auftrðge\Goldmann-Footstools\www-2013\country\bergen.html --> www.footstools.de /country bergen.html
2013.04.17 14:36 B D:\Tiger\Auftrðge\Goldmann-Footstools\www-2013\country\BestFriendsGallery.html --> www.footstools.de /country BestFriendsGallery.html
2013.04.17 14:36 B D:\Tiger\Auftrðge\Goldmann-Footstools\www-2013\country\blue_sailing.html --> www.footstools.de /country blue_sailing.html
2013.04.17 14:36 B D:\Tiger\Auftrðge\Goldmann-Footstools\www-2013\country\burgundy.html --> www.footstools.de /country burgundy.html
2013.04.17 14:36 B D:\Tiger\Auftrðge\Goldmann-Footstools\www-2013\country\caesar.html --> www.footstools.de /country caesar.html
2013.04.17 14:36 B D:\Tiger\Auftrðge\Goldmann-Footstools\www-2013\country\chucky.html --> www.footstools.de /country chucky.html
2013.04.17 14:36 B D:\Tiger\Auftrðge\Goldmann-Footstools\www-2013\country\country_hill.html --> www.footstools.de /country country_hill.html
2013.04.17 14:36 B D:\Tiger\Auftrðge\Goldmann-Footstools\www-2013\country\country_hill_bank.html --> www.footstools.de /country country_hill_bank.html
2013.04.17 14:36 B D:\Tiger\Auftrðge\Goldmann-Footstools\www-2013\country\countryrose.html --> www.footstools.de /country countryrose.html
2013.04.17 14:36 B D:\Tiger\Auftrðge\Goldmann-Footstools\www-2013\country\derby.html --> www.footstools.de /country derby.html
2013.04.17 14:36 B D:\Tiger\Auftrðge\Goldmann-Footstools\www-2013\country\dianas_hunt_blue.html --> www.footstools.de /country dianas_hunt_blue.html
2013.04.17 14:36 B D:\Tiger\Auftrðge\Goldmann-Footstools\www-2013\country\dianas_hunt_terracotta.html --> www.footstools.de /country dianas_hunt_terracotta.html
2013.04.17 14:36 B D:\Tiger\Auftrðge\Goldmann-Footstools\www-2013\country\dorit.html --> www.footstools.de /country dorit.html
2013.04.17 14:36 B D:\Tiger\Auftrðge\Goldmann-Footstools\www-2013\country\duralee_the_hunt.html --> www.footstools.de /country duralee_the_hunt.html
2013.04.17 14:36 B D:\Tiger\Auftrðge\Goldmann-Footstools\www-2013\country\elias.html --> www.footstools.de /country elias.html
2013.04.17 14:36 B D:\Tiger\Auftrðge\Goldmann-Footstools\www-2013\country\erika.html --> www.footstools.de /country erika.html
2013.04.17 14:36 B D:\Tiger\Auftrðge\Goldmann-Footstools\www-2013\country\erkan.html --> www.footstools.de /country erkan.html
2013.04.17 14:36 B D:\Tiger\Auftrðge\Goldmann-Footstools\www-2013\country\escorial.html --> www.footstools.de /country escorial.html
2013.04.17 14:36 B D:\Tiger\Auftrðge\Goldmann-Footstools\www-2013\country\fairy_tale.html --> www.footstools.de /country fairy_tale.html
2013.04.17 14:36 B D:\Tiger\Auftrðge\Goldmann-Footstools\www-2013\country\fancydogs.html --> www.footstools.de /country fancydogs.html
2013.04.17 14:36 B D:\Tiger\Auftrðge\Goldmann-Footstools\www-2013\country\gladiateur.html --> www.footstools.de /country gladiateur.html
2013.04.17 14:36 B D:\Tiger\Auftrðge\Goldmann-Footstools\www-2013\country\golfers_birthday.html --> www.footstools.de /country golfers_birthday.html
2013.04.17 14:36 B D:\Tiger\Auftrðge\Goldmann-Footstools\www-2013\country\golo.html --> www.footstools.de /country golo.html
2013.04.17 14:36 B D:\Tiger\Auftrðge\Goldmann-Footstools\www-2013\country\heritage.html --> www.footstools.de /country heritage.html
2013.04.17 14:37 B D:\Tiger\Auftrðge\Goldmann-Footstools\www-2013\country\hipica.html --> www.footstools.de /country hipica.html
2013.04.17 14:37 B D:\Tiger\Auftrðge\Goldmann-Footstools\www-2013\country\horse-rider.html --> www.footstools.de /country horse-rider.html
2013.04.17 14:37 B D:\Tiger\Auftrðge\Goldmann-Footstools\www-2013\country\horseandhunt.html --> www.footstools.de /country horseandhunt.html
2013.04.17 14:37 B D:\Tiger\Auftrðge\Goldmann-Footstools\www-2013\country\irish_country.html --> www.footstools.de /country irish_country.html
2013.04.17 14:37 B D:\Tiger\Auftrðge\Goldmann-Footstools\www-2013\country\ivory.html --> www.footstools.de /country ivory.html
2013.04.17 14:37 B D:\Tiger\Auftrðge\Goldmann-Footstools\www-2013\country\katharina.html --> www.footstools.de /country katharina.html
2013.04.17 14:37 B D:\Tiger\Auftrðge\Goldmann-Footstools\www-2013\country\madeira.html --> www.footstools.de /country madeira.html
2013.04.17 14:37 B D:\Tiger\Auftrðge\Goldmann-Footstools\www-2013\country\mandarin.html --> www.footstools.de /country mandarin.html
2013.04.17 14:37 B D:\Tiger\Auftrðge\Goldmann-Footstools\www-2013\country\marika.html --> www.footstools.de /country marika.html
2013.04.17 14:37 B D:\Tiger\Auftrðge\Goldmann-Footstools\www-2013\country\mathilda.html --> www.footstools.de /country mathilda.html
2013.04.17 14:37 B D:\Tiger\Auftrðge\Goldmann-Footstools\www-2013\country\monogramm.html --> www.footstools.de /country monogramm.html
2013.04.17 14:37 B D:\Tiger\Auftrðge\Goldmann-Footstools\www-2013\country\palazzo.html --> www.footstools.de /country palazzo.html
2013.04.17 14:37 B D:\Tiger\Auftrðge\Goldmann-Footstools\www-2013\country\paloma.html --> www.footstools.de /country paloma.html
2013.04.17 14:37 B D:\Tiger\Auftrðge\Goldmann-Footstools\www-2013\country\paradise_cove.html --> www.footstools.de /country paradise_cove.html
2013.04.17 14:37 B D:\Tiger\Auftrðge\Goldmann-Footstools\www-2013\country\pirsch.html --> www.footstools.de /country pirsch.html
2013.04.17 14:37 B D:\Tiger\Auftrðge\Goldmann-Footstools\www-2013\country\polo-polo.html --> www.footstools.de /country polo-polo.html
2013.04.17 14:37 B D:\Tiger\Auftrðge\Goldmann-Footstools\www-2013\country\racing_day.html --> www.footstools.de /country racing_day.html
2013.04.17 14:37 B D:\Tiger\Auftrðge\Goldmann-Footstools\www-2013\country\summer_day.html --> www.footstools.de /country summer_day.html
2013.04.17 14:37 B D:\Tiger\Auftrðge\Goldmann-Footstools\www-2013\country\sunset.html --> www.footstools.de /country sunset.html
2013.04.17 14:37 B D:\Tiger\Auftrðge\Goldmann-Footstools\www-2013\country\terra_Palms.html --> www.footstools.de /country terra_Palms.html
2013.04.17 14:37 B D:\Tiger\Auftrðge\Goldmann-Footstools\www-2013\country\the_hunt.html --> www.footstools.de /country the_hunt.html
2013.04.17 14:37 B D:\Tiger\Auftrðge\Goldmann-Footstools\www-2013\country\vorlage-einzel.html --> www.footstools.de /country vorlage-einzel.html
2013.04.17 14:37 B D:\Tiger\Auftrðge\Goldmann-Footstools\www-2013\country\windsor.html --> www.footstools.de /country windsor.html
2013.04.17 14:37 B D:\Tiger\Auftrðge\Goldmann-Footstools\www-2013\country\WS_FTP.LOG --> www.footstools.de /country WS_FTP.LOG
